02.02.17 12:02:28 Вызван метод: user.current 
02.02.17 12:02:29 Пользователь залогинился 
02.02.17 12:03:13 Вызван метод: user.current 
02.02.17 12:03:14 Пользователь залогинился 
02.02.17 12:03:35 Вызван метод: user.current 
02.02.17 12:03:36 Пользователь залогинился 
02.02.17 12:05:07 Вызван метод: user.current 
02.02.17 12:05:08 Пользователь залогинился 
02.02.17 12:06:20 Вызван метод: user.current 
02.02.17 12:06:21 Пользователь залогинился 
02.02.17 12:07:24 Вызван метод: user.current 
02.02.17 12:07:25 Пользователь залогинился 
02.02.17 12:08:00 Вызван метод: user.current 
02.02.17 12:08:02 Пользователь залогинился 
02.02.17 12:09:03 Вызван метод: user.current 
02.02.17 12:09:04 Пользователь залогинился 
02.02.17 12:09:17 Вызван метод: user.current 
02.02.17 12:09:19 Пользователь залогинился 
02.02.17 12:09:29 Вызван метод: user.current 
02.02.17 12:09:30 Пользователь залогинился 
02.02.17 12:10:35 Вызван метод: user.current 
02.02.17 12:10:36 Пользователь залогинился 
02.02.17 12:10:50 Вызван метод: user.current 
02.02.17 12:10:52 Пользователь залогинился 
02.02.17 12:11:00 Вызван метод: user.current 
02.02.17 12:11:01 Пользователь залогинился 
02.02.17 12:14:50 Вызван метод: user.current 
02.02.17 12:15:31 Вызван метод: user.current 
02.02.17 12:15:33 Вызван метод: user.current 
02.02.17 12:15:34 Пользователь залогинился 
02.02.17 12:15:46 Вызван метод: user.current 
02.02.17 12:15:47 Пользователь залогинился 
02.02.17 12:15:53 Вызван метод: user.current 
02.02.17 12:15:55 Пользователь залогинился 
02.02.17 12:20:37 Вызван метод: user.current 
02.02.17 12:20:38 Пользователь залогинился 
02.02.17 12:20:45 Вызван метод: user.current 
02.02.17 12:20:46 Пользователь залогинился 
02.02.17 12:21:22 Вызван метод: user.current 
02.02.17 12:21:24 Пользователь залогинился 
02.02.17 12:22:19 Вызван метод: user.current 
02.02.17 12:22:21 Пользователь залогинился 
02.02.17 12:22:48 Вызван метод: user.current 
02.02.17 12:22:50 Пользователь залогинился 
02.02.17 12:23:04 Вызван метод: user.current 
02.02.17 12:23:06 Пользователь залогинился 
02.02.17 12:24:09 Вызван метод: user.current 
02.02.17 12:24:10 Пользователь залогинился 
02.02.17 12:24:23 Вызван метод: user.current 
02.02.17 12:24:24 Пользователь залогинился 
02.02.17 12:25:17 Вызван метод: user.current 
02.02.17 12:25:19 Пользователь залогинился 
02.02.17 12:34:48 Вызван метод: user.current 
02.02.17 12:34:49 Пользователь залогинился 
02.02.17 12:48:23 Вызван метод: user.current 
02.02.17 12:48:24 Пользователь залогинился 
02.02.17 12:49:34 Вызван метод: user.current 
02.02.17 12:49:35 Пользователь залогинился 
02.02.17 12:50:37 Вызван метод: user.current 
02.02.17 12:50:37 ОШИБКА: У пользователя неправильный токен 
02.02.17 12:53:43 Вызван метод: user.current 
02.02.17 12:53:43 ОШИБКА: У пользователя неправильный токен 
02.02.17 12:53:58 Вызван метод: user.current 
02.02.17 12:54:00 Вызван метод: user.current 
02.02.17 12:54:01 Вызван метод: user.current 
02.02.17 12:54:02 Пользователь залогинился 
02.02.17 12:58:40 Вызван метод: user.current 
02.02.17 12:58:41 Пользователь залогинился 
02.02.17 12:59:00 Вызван метод: user.current 
02.02.17 12:59:02 Пользователь залогинился 
02.02.17 12:59:18 Вызван метод: user.current 
02.02.17 12:59:19 Пользователь залогинился 
02.02.17 01:07:32 Вызван метод: user.current 
02.02.17 01:07:33 Пользователь залогинился 
02.02.17 01:09:13 Вызван метод: user.current 
02.02.17 01:09:15 Пользователь залогинился 
02.02.17 01:09:34 Вызван метод: user.current 
02.02.17 01:09:36 Пользователь залогинился 
02.02.17 01:09:50 Вызван метод: user.current 
02.02.17 01:09:51 Пользователь залогинился 
02.02.17 01:10:05 Вызван метод: user.current 
02.02.17 01:10:07 Пользователь залогинился 
02.02.17 01:10:29 Вызван метод: user.current 
02.02.17 01:10:31 Пользователь залогинился 
02.02.17 01:11:57 Вызван метод: user.current 
02.02.17 01:11:58 Пользователь залогинился 
02.02.17 01:13:44 Вызван метод: user.current 
02.02.17 01:13:46 Пользователь залогинился 
02.02.17 01:14:04 Вызван метод: user.current 
02.02.17 01:14:06 Пользователь залогинился 
02.02.17 01:21:59 Вызван метод: user.current 
02.02.17 01:22:01 Пользователь залогинился 
02.02.17 01:22:20 Вызван метод: user.current 
02.02.17 01:22:21 Пользователь залогинился 
02.02.17 01:22:35 Вызван метод: user.current 
02.02.17 01:22:36 Пользователь залогинился 
02.02.17 01:41:49 Вызван метод: user.current 
02.02.17 01:41:51 Пользователь залогинился 
02.02.17 01:42:07 Вызван метод: user.current 
02.02.17 01:42:09 Пользователь залогинился 
02.02.17 01:46:22 Вызван метод: user.current 
02.02.17 01:46:24 Пользователь залогинился 
02.02.17 01:47:14 Вызван метод: user.current 
02.02.17 01:47:16 Пользователь залогинился 
02.02.17 01:50:01 Вызван метод: user.current 
02.02.17 01:50:03 Пользователь залогинился 
02.02.17 01:54:15 Вызван метод: user.current 
02.02.17 01:54:17 Пользователь залогинился 
02.02.17 01:55:03 Вызван метод: user.current 
02.02.17 01:55:05 Пользователь залогинился 
02.02.17 01:57:01 Вызван метод: user.current 
02.02.17 01:57:03 Пользователь залогинился 
02.02.17 01:57:24 Вызван метод: user.current 
02.02.17 01:57:25 Пользователь залогинился 
02.02.17 01:58:06 Вызван метод: user.current 
02.02.17 01:58:07 Пользователь залогинился 
02.02.17 01:59:13 Вызван метод: user.current 
02.02.17 01:59:14 Пользователь залогинился 
02.02.17 01:59:49 Вызван метод: user.current 
02.02.17 01:59:50 Пользователь залогинился 
02.02.17 02:00:07 Вызван метод: user.current 
02.02.17 02:00:09 Пользователь залогинился 
02.02.17 02:00:40 Вызван метод: user.current 
02.02.17 02:00:41 Пользователь залогинился 
02.02.17 02:01:41 Вызван метод: user.current 
02.02.17 02:01:43 Пользователь залогинился 
02.02.17 02:07:55 Вызван метод: user.current 
02.02.17 02:07:56 Пользователь залогинился 
02.02.17 02:11:05 Вызван метод: user.current 
02.02.17 02:11:06 Пользователь залогинился 
02.02.17 02:12:52 Вызван метод: user.current 
02.02.17 02:12:53 Пользователь залогинился 
02.02.17 02:18:25 Вызван метод: user.current 
02.02.17 02:18:27 Пользователь залогинился 
02.02.17 02:19:11 Вызван метод: user.current 
02.02.17 02:19:12 Пользователь залогинился 
02.02.17 02:20:22 Вызван метод: user.current 
02.02.17 02:20:24 Пользователь залогинился 
02.02.17 02:21:01 Вызван метод: user.current 
02.02.17 02:21:02 Пользователь залогинился 
02.02.17 02:22:50 Вызван метод: user.current 
02.02.17 02:22:51 Пользователь залогинился 
02.02.17 02:24:40 Вызван метод: user.current 
02.02.17 02:24:41 Пользователь залогинился 
02.02.17 02:28:11 Вызван метод: user.current 
02.02.17 02:28:13 Пользователь залогинился 
02.02.17 02:28:56 Вызван метод: user.current 
02.02.17 02:28:58 Пользователь залогинился 
02.02.17 02:35:31 Вызван метод: user.current 
02.02.17 02:35:33 Пользователь залогинился 
02.02.17 02:36:02 Вызван метод: user.current 
02.02.17 02:36:03 Пользователь залогинился 
02.02.17 02:36:37 Вызван метод: user.current 
02.02.17 02:36:38 Пользователь залогинился 
02.02.17 02:37:36 Вызван метод: user.current 
02.02.17 02:37:37 Пользователь залогинился 
02.02.17 02:41:13 Вызван метод: user.current 
02.02.17 02:41:15 Пользователь залогинился 
02.02.17 02:41:41 Вызван метод: user.current 
02.02.17 02:41:43 Пользователь залогинился 
02.02.17 02:48:12 Вызван метод: user.current 
02.02.17 02:48:14 Пользователь залогинился 
02.02.17 02:54:05 Вызван метод: user.current 
02.02.17 02:54:05 Пользователь залогинился 
02.02.17 02:55:32 Вызван метод: user.current 
02.02.17 02:55:32 Пользователь залогинился 
02.02.17 02:57:48 Вызван метод: user.current 
02.02.17 02:57:48 Пользователь залогинился 
02.02.17 02:58:56 Вызван метод: user.current 
02.02.17 02:58:56 Пользователь залогинился 
02.02.17 03:04:57 Вызван метод: user.current 
02.02.17 03:04:57 Пользователь залогинился 
02.02.17 03:06:00 Вызван метод: user.current 
02.02.17 03:06:00 Пользователь залогинился 
02.02.17 03:08:24 Вызван метод: user.current 
02.02.17 03:08:24 Пользователь залогинился 
02.02.17 03:10:08 Вызван метод: user.current 
02.02.17 03:10:08 Пользователь залогинился 
02.02.17 03:11:42 Вызван метод: user.current 
02.02.17 03:11:42 Пользователь залогинился 
02.02.17 03:12:16 Вызван метод: user.current 
02.02.17 03:12:16 Пользователь залогинился 
02.02.17 03:13:02 Вызван метод: user.current 
02.02.17 03:13:02 Пользователь залогинился 
02.02.17 03:13:13 Вызван метод: user.current 
02.02.17 03:13:13 Пользователь залогинился 
02.02.17 03:20:24 Вызван метод: user.current 
02.02.17 03:20:24 Пользователь залогинился 
02.02.17 03:21:26 Вызван метод: user.current 
02.02.17 03:21:26 Пользователь залогинился 
02.02.17 03:21:37 Вызван метод: user.current 
02.02.17 03:21:37 Пользователь залогинился 
02.02.17 03:22:05 Вызван метод: user.current 
02.02.17 03:22:05 Пользователь залогинился 
02.02.17 03:22:38 Вызван метод: user.current 
02.02.17 03:22:38 Пользователь залогинился 
02.02.17 03:23:36 Вызван метод: user.current 
02.02.17 03:23:36 Пользователь залогинился 
02.02.17 03:23:51 Вызван метод: user.current 
02.02.17 03:23:51 Пользователь залогинился 
02.02.17 03:24:34 Вызван метод: user.current 
02.02.17 03:24:34 Пользователь залогинился 
02.02.17 03:25:36 Вызван метод: user.current 
02.02.17 03:25:36 Пользователь залогинился 
02.02.17 03:26:36 Вызван метод: user.current 
02.02.17 03:26:37 Пользователь залогинился 
02.02.17 03:27:08 Вызван метод: user.current 
02.02.17 03:27:08 Пользователь залогинился 
02.02.17 03:27:39 Вызван метод: user.current 
02.02.17 03:27:39 Пользователь залогинился 
02.02.17 03:28:11 Вызван метод: user.current 
02.02.17 03:28:12 Пользователь залогинился 
02.02.17 03:29:30 Вызван метод: user.current 
02.02.17 03:29:30 Пользователь залогинился 
02.02.17 03:30:22 Вызван метод: user.current 
02.02.17 03:30:22 Пользователь залогинился 
02.02.17 03:31:29 Вызван метод: user.current 
02.02.17 03:31:29 Пользователь залогинился 
02.02.17 03:31:58 Вызван метод: user.current 
02.02.17 03:31:58 Пользователь залогинился 
02.02.17 03:55:06 Вызван метод: user.current 
02.02.17 03:55:07 Пользователь залогинился 
02.02.17 04:28:46 Вызван метод: user.current 
02.02.17 04:28:46 Пользователь залогинился 
02.02.17 04:29:18 Вызван метод: user.current 
02.02.17 04:29:18 ОШИБКА: У пользователя неправильный токен 
02.02.17 05:16:33 Вызван метод: user.current 
02.02.17 05:16:34 ОШИБКА: У пользователя неправильный токен 
02.02.17 05:20:59 Вызван метод: user.current 
02.02.17 05:21:01 Вызван метод: user.current 
02.02.17 05:21:02 Пользователь залогинился 
02.02.17 05:21:21 Вызван метод: user.current 
02.02.17 05:21:21 Пользователь залогинился 
02.02.17 11:58:45 Вызван метод: user.current 
02.02.17 11:58:45 Пользователь залогинился 
02.02.17 08:37:44 Вызван метод: user.current 
02.02.17 08:37:44 Пользователь залогинился 
02.02.17 08:47:39 Вызван метод: user.current 
02.02.17 08:47:40 Пользователь залогинился 
02.02.17 09:54:10 Вызван метод: user.current 
02.02.17 09:54:11 Пользователь залогинился 
02.02.17 09:57:08 Вызван метод: user.current 
02.02.17 09:57:08 Пользователь залогинился 
02.02.17 09:57:37 Вызван метод: user.current 
02.02.17 09:57:37 Пользователь залогинился 
02.02.17 09:58:20 Вызван метод: user.current 
02.02.17 09:58:20 Пользователь залогинился 
02.02.17 10:01:28 Вызван метод: user.current 
02.02.17 10:01:28 Пользователь залогинился 
02.02.17 10:02:09 Вызван метод: user.current 
02.02.17 10:02:09 Пользователь залогинился 
02.02.17 10:03:49 Вызван метод: user.current 
02.02.17 10:03:49 Пользователь залогинился 
02.02.17 10:13:38 Вызван метод: user.current 
02.02.17 10:13:38 Пользователь залогинился 
02.02.17 10:15:39 Вызван метод: user.current 
02.02.17 10:15:40 Пользователь залогинился 
02.02.17 10:18:40 Вызван метод: user.current 
02.02.17 10:18:41 Пользователь залогинился 
02.02.17 10:26:14 Вызван метод: user.current 
02.02.17 10:26:14 Пользователь залогинился 
02.02.17 10:26:30 Вызван метод: user.current 
02.02.17 10:26:30 Пользователь залогинился 
02.02.17 10:26:49 Вызван метод: user.current 
02.02.17 10:26:49 Пользователь залогинился 
02.02.17 10:27:41 Вызван метод: user.current 
02.02.17 10:27:42 Пользователь залогинился 
02.02.17 10:29:12 Вызван метод: user.current 
02.02.17 10:29:12 Пользователь залогинился 
02.02.17 10:32:29 Вызван метод: user.current 
02.02.17 10:32:29 Пользователь залогинился 
02.02.17 10:32:53 Вызван метод: user.current 
02.02.17 10:32:54 Пользователь залогинился 
02.02.17 10:33:48 Вызван метод: user.current 
02.02.17 10:33:48 Пользователь залогинился 
02.02.17 10:34:35 Вызван метод: user.current 
02.02.17 10:34:36 Пользователь залогинился 
02.02.17 10:36:08 Вызван метод: user.current 
02.02.17 10:36:08 Пользователь залогинился 
02.02.17 10:39:12 Вызван метод: user.current 
02.02.17 10:39:12 Пользователь залогинился 
02.02.17 11:00:03 Вызван метод: user.current 
02.02.17 11:00:03 Пользователь залогинился 
02.02.17 11:00:12 Добавлен ЛИД: 650 
02.02.17 11:00:13 Добавлен ЛИД: 652 
02.02.17 11:00:22 Добавлен ЛИД: 654 
02.02.17 11:00:23 Добавлен ЛИД: 656 
02.02.17 11:00:39 Добавлен ЛИД: 658 
02.02.17 11:00:40 Добавлен ЛИД: 660 
02.02.17 11:03:49 Вызван метод: user.current 
02.02.17 11:03:49 Пользователь залогинился 
02.02.17 11:07:13 Вызван метод: user.current 
02.02.17 11:07:13 Пользователь залогинился 
02.02.17 11:07:21 Добавлен ЛИД: 662 
02.02.17 11:07:23 Добавлен ЛИД: 664 
02.02.17 11:07:26 Добавлен ЛИД: 666 
02.02.17 11:07:27 Добавлен ЛИД: 668 
02.02.17 11:07:31 Добавлен ЛИД: 670 
02.02.17 11:07:32 Добавлен ЛИД: 672 
02.02.17 11:07:35 Добавлен ЛИД: 674 
02.02.17 11:07:37 Добавлен ЛИД: 676 
02.02.17 11:11:49 Вызван метод: user.current 
02.02.17 11:11:49 Пользователь залогинился 
02.02.17 11:12:59 Вызван метод: user.current 
02.02.17 11:13:00 Пользователь залогинился 
02.02.17 11:13:07 Вызван метод: crm.lead.add 
02.02.17 11:13:07 Добавлен ЛИД: 678 
02.02.17 11:13:08 Вызван метод: crm.lead.add 
02.02.17 11:13:08 Добавлен ЛИД: 680 
02.02.17 11:13:52 Вызван метод: user.current 
02.02.17 11:13:52 Пользователь залогинился 
02.02.17 11:14:06 Вызван метод: user.current 
02.02.17 11:14:06 Пользователь залогинился 
02.02.17 11:14:14 Вызван метод: crm.lead.add 
02.02.17 11:14:14 Добавлен ЛИД: 682 
02.02.17 11:14:15 Вызван метод: crm.lead.add 
02.02.17 11:14:15 Добавлен ЛИД: 684 
02.02.17 11:14:39 Вызван метод: crm.lead.add 
02.02.17 11:14:39 Добавлен ЛИД: 686 
02.02.17 11:14:40 Вызван метод: crm.lead.add 
02.02.17 11:14:40 Добавлен ЛИД: 688 
02.02.17 11:15:31 Вызван метод: crm.lead.add 
02.02.17 11:15:31 Добавлен ЛИД: 690 
02.02.17 11:15:32 Вызван метод: crm.lead.add 
02.02.17 11:15:32 Добавлен ЛИД: 692 
02.02.17 11:17:12 Вызван метод: user.current 
02.02.17 11:17:12 Пользователь залогинился 
02.02.17 11:17:19 Вызван метод: crm.lead.add 
02.02.17 11:17:19 Добавлен ЛИД: 694 
02.02.17 11:17:21 Вызван метод: crm.lead.add 
02.02.17 11:17:21 Добавлен ЛИД: 696 
02.02.17 11:19:04 Вызван метод: user.current 
02.02.17 11:19:05 Пользователь залогинился 
02.02.17 11:19:12 Вызван метод: crm.lead.add 
02.02.17 11:19:12 Добавлен ЛИД: 698 
02.02.17 11:19:13 Вызван метод: crm.lead.add 
02.02.17 11:19:13 Добавлен ЛИД: 700 
02.02.17 11:21:49 Вызван метод: user.current 
02.02.17 11:21:49 Пользователь залогинился 
02.02.17 11:27:43 Вызван метод: user.current 
02.02.17 11:27:43 Пользователь залогинился 
02.02.17 11:27:55 Вызван метод: user.current 
02.02.17 11:27:56 Пользователь залогинился 
02.02.17 11:35:51 Вызван метод: user.current 
02.02.17 11:35:51 Пользователь залогинился 
02.02.17 11:35:58 Вызван метод: crm.lead.add 
02.02.17 11:35:58 Добавлен ЛИД: 708 
02.02.17 11:35:59 Вызван метод: crm.lead.add 
02.02.17 11:35:59 Добавлен ЛИД: 710 
02.02.17 11:57:59 Вызван метод: user.current 
02.02.17 11:57:59 Пользователь залогинился 
