03.02.17 12:14:20 Вызван метод: user.current 
03.02.17 12:14:20 Пользователь залогинился 
03.02.17 12:14:30 Вызван метод: user.current 
03.02.17 12:14:30 Пользователь залогинился 
03.02.17 12:14:54 Вызван метод: user.current 
03.02.17 12:14:54 Пользователь залогинился 
03.02.17 12:15:08 Вызван метод: user.current 
03.02.17 12:15:08 Пользователь залогинился 
03.02.17 12:15:44 Вызван метод: user.current 
03.02.17 12:15:44 Пользователь залогинился 
03.02.17 12:17:07 Вызван метод: user.current 
03.02.17 12:17:07 Пользователь залогинился 
03.02.17 12:17:29 Вызван метод: user.current 
03.02.17 12:17:29 Пользователь залогинился 
03.02.17 12:18:20 Вызван метод: user.current 
03.02.17 12:18:20 Пользователь залогинился 
03.02.17 12:19:16 Вызван метод: user.current 
03.02.17 12:19:17 Пользователь залогинился 
03.02.17 12:20:41 Вызван метод: user.current 
03.02.17 12:20:41 Пользователь залогинился 
03.02.17 12:20:59 Вызван метод: user.current 
03.02.17 12:20:59 Пользователь залогинился 
03.02.17 12:21:42 Вызван метод: user.current 
03.02.17 12:21:42 Пользователь залогинился 
03.02.17 12:25:02 Вызван метод: user.current 
03.02.17 12:25:03 Пользователь залогинился 
03.02.17 12:28:18 Вызван метод: user.current 
03.02.17 12:28:18 Пользователь залогинился 
03.02.17 12:28:26 Вызван метод: user.current 
03.02.17 12:28:26 Пользователь залогинился 
03.02.17 12:28:48 Вызван метод: user.current 
03.02.17 12:28:48 Пользователь залогинился 
03.02.17 12:29:26 Вызван метод: user.current 
03.02.17 12:29:26 Пользователь залогинился 
03.02.17 12:31:46 Вызван метод: user.current 
03.02.17 12:31:46 Пользователь залогинился 
03.02.17 12:32:34 Вызван метод: user.current 
03.02.17 12:32:34 Пользователь залогинился 
03.02.17 12:32:48 Вызван метод: user.current 
03.02.17 12:32:48 ОШИБКА: У пользователя неправильный токен 
03.02.17 12:33:17 Вызван метод: user.current 
03.02.17 12:33:17 ОШИБКА: У пользователя неправильный токен 
03.02.17 12:33:33 Вызван метод: user.current 
03.02.17 12:33:35 Вызван метод: user.current 
03.02.17 12:33:35 Пользователь залогинился 
03.02.17 12:33:46 Вызван метод: user.current 
03.02.17 12:33:46 Пользователь залогинился 
03.02.17 12:39:29 Вызван метод: user.current 
03.02.17 12:39:29 Пользователь залогинился 
03.02.17 12:40:27 Вызван метод: user.current 
03.02.17 12:40:27 Пользователь залогинился 
03.02.17 12:41:18 Вызван метод: user.current 
03.02.17 12:41:19 Пользователь залогинился 
03.02.17 12:44:05 Вызван метод: user.current 
03.02.17 12:44:05 Пользователь залогинился 
03.02.17 12:45:01 Вызван метод: user.current 
03.02.17 12:45:01 Пользователь залогинился 
03.02.17 12:48:26 Вызван метод: user.current 
03.02.17 12:48:26 Пользователь залогинился 
03.02.17 12:49:37 Вызван метод: user.current 
03.02.17 12:49:37 Пользователь залогинился 
03.02.17 12:50:32 Вызван метод: user.current 
03.02.17 12:50:32 Пользователь залогинился 
03.02.17 12:52:46 Вызван метод: user.current 
03.02.17 12:52:46 Пользователь залогинился 
03.02.17 12:54:01 Вызван метод: user.current 
03.02.17 12:54:01 Пользователь залогинился 
03.02.17 12:56:36 Вызван метод: user.current 
03.02.17 12:56:37 Пользователь залогинился 
03.02.17 12:57:04 Вызван метод: user.current 
03.02.17 12:57:04 Пользователь залогинился 
03.02.17 12:57:20 Вызван метод: user.current 
03.02.17 12:57:21 Пользователь залогинился 
03.02.17 12:58:42 Вызван метод: user.current 
03.02.17 12:58:42 Пользователь залогинился 
03.02.17 12:59:16 Вызван метод: user.current 
03.02.17 12:59:17 Пользователь залогинился 
03.02.17 12:59:43 Вызван метод: user.current 
03.02.17 12:59:44 Пользователь залогинился 
03.02.17 01:02:15 Вызван метод: user.current 
03.02.17 01:02:15 Пользователь залогинился 
03.02.17 01:02:47 Вызван метод: user.current 
03.02.17 01:02:48 Пользователь залогинился 
03.02.17 01:08:24 Вызван метод: user.current 
03.02.17 01:08:25 Пользователь залогинился 
03.02.17 01:09:11 Вызван метод: user.current 
03.02.17 01:09:11 Пользователь залогинился 
03.02.17 01:14:32 Вызван метод: user.current 
03.02.17 01:14:32 Пользователь залогинился 
03.02.17 01:14:54 Вызван метод: user.current 
03.02.17 01:14:54 Пользователь залогинился 
03.02.17 01:16:23 Вызван метод: user.current 
03.02.17 01:16:24 Пользователь залогинился 
03.02.17 01:19:17 Вызван метод: user.current 
03.02.17 01:19:17 Пользователь залогинился 
03.02.17 01:20:42 Вызван метод: user.current 
03.02.17 01:20:42 Пользователь залогинился 
03.02.17 01:22:17 Вызван метод: user.current 
03.02.17 01:22:17 Пользователь залогинился 
03.02.17 01:29:41 Вызван метод: user.current 
03.02.17 01:29:41 Пользователь залогинился 
03.02.17 01:39:08 Вызван метод: user.current 
03.02.17 01:39:08 Пользователь залогинился 
03.02.17 01:43:43 Вызван метод: user.current 
03.02.17 01:43:43 Пользователь залогинился 
03.02.17 01:44:57 Вызван метод: user.current 
03.02.17 01:44:57 Пользователь залогинился 
03.02.17 01:45:28 Вызван метод: user.current 
03.02.17 01:45:29 Пользователь залогинился 
03.02.17 01:53:19 Вызван метод: user.current 
03.02.17 01:53:19 Пользователь залогинился 
03.02.17 01:54:44 Вызван метод: user.current 
03.02.17 01:54:44 Пользователь залогинился 
03.02.17 02:02:43 Вызван метод: user.current 
03.02.17 02:02:44 Пользователь залогинился 
03.02.17 02:04:00 Вызван метод: user.current 
03.02.17 02:04:00 Пользователь залогинился 
03.02.17 02:04:33 Вызван метод: user.current 
03.02.17 02:04:34 Пользователь залогинился 
03.02.17 02:05:17 Вызван метод: user.current 
03.02.17 02:05:17 Пользователь залогинился 
03.02.17 02:06:00 Вызван метод: user.current 
03.02.17 02:06:00 Пользователь залогинился 
03.02.17 02:06:53 Вызван метод: user.current 
03.02.17 02:06:53 Пользователь залогинился 
03.02.17 02:15:25 Вызван метод: user.current 
03.02.17 02:15:25 Пользователь залогинился 
03.02.17 02:15:47 Вызван метод: user.current 
03.02.17 02:15:47 Пользователь залогинился 
03.02.17 02:18:19 Вызван метод: user.current 
03.02.17 02:18:19 Пользователь залогинился 
03.02.17 02:23:17 Вызван метод: user.current 
03.02.17 02:23:17 Пользователь залогинился 
03.02.17 02:24:17 Вызван метод: user.current 
03.02.17 02:24:17 Пользователь залогинился 
03.02.17 02:24:27 Вызван метод: crm.lead.add 
03.02.17 02:24:27 Добавлен ЛИД: 712 
03.02.17 02:24:29 Вызван метод: crm.lead.add 
03.02.17 02:24:29 Добавлен ЛИД: 714 
03.02.17 02:27:19 Вызван метод: user.current 
03.02.17 02:27:19 Пользователь залогинился 
03.02.17 02:27:47 Вызван метод: user.current 
03.02.17 02:27:47 Пользователь залогинился 
03.02.17 02:33:10 Вызван метод: user.current 
03.02.17 02:33:11 Пользователь залогинился 
03.02.17 02:33:27 Вызван метод: user.current 
03.02.17 02:33:27 Пользователь залогинился 
03.02.17 02:35:05 Вызван метод: user.current 
03.02.17 02:35:06 Пользователь залогинился 
03.02.17 02:43:39 Вызван метод: user.current 
03.02.17 02:43:39 Пользователь залогинился 
03.02.17 02:57:09 Вызван метод: user.current 
03.02.17 02:57:09 Пользователь залогинился 
03.02.17 02:57:19 Вызван метод: crm.lead.add 
03.02.17 02:57:19 Добавлен ЛИД: 716 
03.02.17 02:57:20 Вызван метод: crm.lead.add 
03.02.17 02:57:20 Добавлен ЛИД: 718 
03.02.17 02:58:04 Вызван метод: user.current 
03.02.17 02:58:04 Пользователь залогинился 
03.02.17 02:58:55 Вызван метод: user.current 
03.02.17 02:58:55 Пользователь залогинился 
03.02.17 03:00:38 Вызван метод: user.current 
03.02.17 03:00:38 Пользователь залогинился 
03.02.17 03:01:45 Вызван метод: user.current 
03.02.17 03:01:45 Пользователь залогинился 
03.02.17 03:02:21 Вызван метод: user.current 
03.02.17 03:02:21 Пользователь залогинился 
03.02.17 03:02:28 Вызван метод: crm.lead.add 
03.02.17 03:02:28 Добавлен ЛИД: 720 
03.02.17 03:02:30 Вызван метод: crm.lead.add 
03.02.17 03:02:30 Добавлен ЛИД: 722 
03.02.17 03:02:35 Вызван метод: crm.lead.add 
03.02.17 03:02:35 Добавлен ЛИД: 724 
03.02.17 03:03:06 Вызван метод: user.current 
03.02.17 03:03:06 Пользователь залогинился 
03.02.17 03:03:13 Вызван метод: crm.lead.add 
03.02.17 03:03:13 Добавлен ЛИД: 726 
03.02.17 03:03:14 Вызван метод: crm.lead.add 
03.02.17 03:03:14 Добавлен ЛИД: 728 
03.02.17 03:03:19 Вызван метод: crm.lead.add 
03.02.17 03:03:19 Добавлен ЛИД: 730 
03.02.17 03:03:23 Вызван метод: crm.lead.add 
03.02.17 03:03:23 Добавлен ЛИД: 732 
03.02.17 03:03:24 Вызван метод: crm.lead.add 
03.02.17 03:03:24 Добавлен ЛИД: 734 
03.02.17 03:04:45 Вызван метод: user.current 
03.02.17 03:04:45 Пользователь залогинился 
03.02.17 03:05:45 Вызван метод: user.current 
03.02.17 03:05:45 Пользователь залогинился 
03.02.17 03:06:24 Вызван метод: user.current 
03.02.17 03:06:24 Пользователь залогинился 
03.02.17 03:07:55 Вызван метод: user.current 
03.02.17 03:07:56 Пользователь залогинился 
03.02.17 03:08:03 Вызван метод: crm.lead.add 
03.02.17 03:08:03 Добавлен ЛИД: 736 
03.02.17 03:11:54 Вызван метод: user.current 
03.02.17 03:11:54 Пользователь залогинился 
03.02.17 03:12:00 Вызван метод: crm.lead.add 
03.02.17 03:12:00 Добавлен ЛИД: 738 
03.02.17 03:12:01 Вызван метод: crm.lead.add 
03.02.17 03:12:01 Добавлен ЛИД: 740 
03.02.17 03:12:06 Вызван метод: crm.lead.add 
03.02.17 03:12:06 Добавлен ЛИД: 742 
03.02.17 03:12:42 Вызван метод: user.current 
03.02.17 03:12:42 Пользователь залогинился 
03.02.17 03:12:50 Вызван метод: crm.lead.add 
03.02.17 03:12:50 Добавлен ЛИД: 744 
03.02.17 03:12:55 Вызван метод: crm.lead.add 
03.02.17 03:12:55 Добавлен ЛИД: 746 
03.02.17 03:12:56 Вызван метод: crm.lead.add 
03.02.17 03:12:56 Добавлен ЛИД: 748 
03.02.17 03:13:49 Вызван метод: user.current 
03.02.17 03:13:49 Пользователь залогинился 
03.02.17 03:13:56 Вызван метод: crm.lead.add 
03.02.17 03:13:56 Добавлен ЛИД: 750 
03.02.17 03:13:57 Вызван метод: crm.lead.add 
03.02.17 03:13:57 Добавлен ЛИД: 752 
03.02.17 03:14:03 Вызван метод: crm.lead.add 
03.02.17 03:14:03 Добавлен ЛИД: 754 
03.02.17 03:14:47 Вызван метод: crm.lead.add 
03.02.17 03:14:47 Добавлен ЛИД: 756 
03.02.17 03:15:36 Вызван метод: user.current 
03.02.17 03:15:36 Пользователь залогинился 
03.02.17 03:15:44 Вызван метод: crm.lead.add 
03.02.17 03:15:44 Добавлен ЛИД: 758 
03.02.17 03:15:49 Вызван метод: crm.lead.add 
03.02.17 03:15:49 Добавлен ЛИД: 760 
03.02.17 03:15:50 Вызван метод: crm.lead.add 
03.02.17 03:15:50 Добавлен ЛИД: 762 
03.02.17 03:22:04 Вызван метод: user.current 
03.02.17 03:22:04 Пользователь залогинился 
03.02.17 03:22:11 Вызван метод: crm.lead.add 
03.02.17 03:22:11 Добавлен ЛИД: 764 
03.02.17 03:22:49 Вызван метод: user.current 
03.02.17 03:22:50 Пользователь залогинился 
03.02.17 03:22:56 Вызван метод: crm.lead.add 
03.02.17 03:22:56 Добавлен ЛИД: 766 
03.02.17 03:23:22 Вызван метод: user.current 
03.02.17 03:23:23 Пользователь залогинился 
03.02.17 03:23:29 Вызван метод: crm.lead.add 
03.02.17 03:23:29 Добавлен ЛИД: 768 
03.02.17 03:23:35 Вызван метод: crm.lead.add 
03.02.17 03:23:35 Добавлен ЛИД: 770 
03.02.17 03:23:36 Вызван метод: crm.lead.add 
03.02.17 03:23:36 Добавлен ЛИД: 772 
03.02.17 03:26:49 Вызван метод: user.current 
03.02.17 03:26:49 Пользователь залогинился 
03.02.17 03:26:56 Вызван метод: crm.lead.add 
03.02.17 03:26:56 Добавлен ЛИД: 774 
03.02.17 03:27:02 Вызван метод: crm.lead.add 
03.02.17 03:27:02 Добавлен ЛИД: 776 
03.02.17 03:27:03 Вызван метод: crm.lead.add 
03.02.17 03:27:03 Добавлен ЛИД: 778 
03.02.17 03:34:30 Вызван метод: user.current 
03.02.17 03:34:30 Пользователь залогинился 
03.02.17 03:34:45 Вызван метод: crm.lead.add 
03.02.17 03:34:45 Добавлен ЛИД: 780 
03.02.17 03:34:49 Вызван метод: crm.lead.add 
03.02.17 03:34:49 Добавлен ЛИД: 782 
03.02.17 03:34:51 Вызван метод: crm.lead.add 
03.02.17 03:34:51 Добавлен ЛИД: 784 
03.02.17 03:36:28 Вызван метод: user.current 
03.02.17 03:36:28 Пользователь залогинился 
03.02.17 03:36:35 Вызван метод: crm.lead.add 
03.02.17 03:36:35 Добавлен ЛИД: 786 
03.02.17 03:36:36 Вызван метод: crm.lead.add 
03.02.17 03:36:36 Добавлен ЛИД: 788 
03.02.17 03:36:41 Вызван метод: crm.lead.add 
03.02.17 03:36:41 Добавлен ЛИД: 790 
03.02.17 03:36:50 Вызван метод: user.current 
03.02.17 03:36:50 Пользователь залогинился 
03.02.17 03:36:56 Вызван метод: crm.lead.add 
03.02.17 03:36:56 Добавлен ЛИД: 792 
03.02.17 03:37:02 Вызван метод: crm.lead.add 
03.02.17 03:37:02 Добавлен ЛИД: 794 
03.02.17 03:37:08 Вызван метод: crm.lead.add 
03.02.17 03:37:08 Добавлен ЛИД: 796 
03.02.17 03:37:09 Вызван метод: crm.lead.add 
03.02.17 03:37:09 Добавлен ЛИД: 798 
03.02.17 03:37:12 Вызван метод: user.current 
03.02.17 03:37:12 Пользователь залогинился 
03.02.17 03:37:19 Вызван метод: crm.lead.add 
03.02.17 03:37:19 Добавлен ЛИД: 800 
03.02.17 03:37:20 Вызван метод: crm.lead.add 
03.02.17 03:37:20 Добавлен ЛИД: 802 
03.02.17 03:37:51 Вызван метод: user.current 
03.02.17 03:37:51 Пользователь залогинился 
03.02.17 03:37:57 Вызван метод: crm.lead.add 
03.02.17 03:37:57 Добавлен ЛИД: 804 
03.02.17 03:38:03 Вызван метод: user.current 
03.02.17 03:38:03 Пользователь залогинился 
03.02.17 03:38:33 Вызван метод: user.current 
03.02.17 03:38:33 Пользователь залогинился 
03.02.17 03:38:41 Вызван метод: crm.lead.add 
03.02.17 03:38:41 Добавлен ЛИД: 806 
03.02.17 03:38:45 Вызван метод: crm.lead.add 
03.02.17 03:38:45 Добавлен ЛИД: 808 
03.02.17 03:38:50 Вызван метод: crm.lead.add 
03.02.17 03:38:50 Добавлен ЛИД: 810 
03.02.17 03:38:51 Вызван метод: crm.lead.add 
03.02.17 03:38:51 Добавлен ЛИД: 812 
03.02.17 03:38:56 Вызван метод: user.current 
03.02.17 03:38:56 Пользователь залогинился 
03.02.17 03:39:03 Вызван метод: crm.lead.add 
03.02.17 03:39:03 Добавлен ЛИД: 814 
03.02.17 03:39:04 Вызван метод: crm.lead.add 
03.02.17 03:39:04 Добавлен ЛИД: 816 
03.02.17 03:39:53 Вызван метод: user.current 
03.02.17 03:39:53 Пользователь залогинился 
03.02.17 03:40:02 Вызван метод: crm.lead.add 
03.02.17 03:40:02 Добавлен ЛИД: 818 
03.02.17 03:40:03 Вызван метод: crm.lead.add 
03.02.17 03:40:03 Добавлен ЛИД: 820 
03.02.17 03:40:09 Вызван метод: crm.lead.add 
03.02.17 03:40:09 Добавлен ЛИД: 822 
03.02.17 03:40:14 Вызван метод: user.current 
03.02.17 03:40:14 Пользователь залогинился 
03.02.17 03:40:51 Вызван метод: user.current 
03.02.17 03:40:51 Пользователь залогинился 
03.02.17 03:40:57 Вызван метод: crm.lead.add 
03.02.17 03:40:57 Добавлен ЛИД: 824 
03.02.17 03:41:03 Вызван метод: crm.lead.add 
03.02.17 03:41:03 Добавлен ЛИД: 826 
03.02.17 03:41:04 Вызван метод: crm.lead.add 
03.02.17 03:41:04 Добавлен ЛИД: 828 
03.02.17 03:41:09 Вызван метод: user.current 
03.02.17 03:41:09 Пользователь залогинился 
03.02.17 03:41:16 Вызван метод: crm.lead.add 
03.02.17 03:41:16 Добавлен ЛИД: 830 
03.02.17 03:41:17 Вызван метод: crm.lead.add 
03.02.17 03:41:17 Добавлен ЛИД: 832 
03.02.17 03:41:24 Вызван метод: user.current 
03.02.17 03:41:24 Пользователь залогинился 
03.02.17 03:41:31 Вызван метод: crm.lead.add 
03.02.17 03:41:31 Добавлен ЛИД: 834 
03.02.17 03:41:33 Вызван метод: crm.lead.add 
03.02.17 03:41:33 Добавлен ЛИД: 836 
03.02.17 03:55:47 Вызван метод: user.current 
03.02.17 03:55:47 Пользователь залогинился 
03.02.17 03:56:24 Вызван метод: user.current 
03.02.17 03:56:24 Пользователь залогинился 
03.02.17 03:57:52 Вызван метод: crm.lead.add 
03.02.17 03:57:52 Добавлен ЛИД: 842 
03.02.17 03:57:55 Вызван метод: crm.lead.add 
03.02.17 03:57:55 Добавлен ЛИД: 844 
03.02.17 03:57:56 Вызван метод: crm.lead.add 
03.02.17 03:57:56 Добавлен ЛИД: 846 
03.02.17 04:04:04 Вызван метод: user.current 
03.02.17 04:04:04 Пользователь залогинился 
03.02.17 04:05:03 Вызван метод: user.current 
03.02.17 04:05:03 Пользователь залогинился 
03.02.17 04:05:13 Вызван метод: crm.lead.add 
03.02.17 04:05:13 Добавлен ЛИД: 848 
03.02.17 04:05:14 Вызван метод: crm.lead.add 
03.02.17 04:05:14 Добавлен ЛИД: 850 
03.02.17 04:05:20 Вызван метод: crm.lead.add 
03.02.17 04:05:20 Добавлен ЛИД: 852 
03.02.17 04:05:22 Вызван метод: crm.lead.add 
03.02.17 04:05:22 Добавлен ЛИД: 854 
03.02.17 04:05:45 Вызван метод: crm.lead.add 
03.02.17 04:05:45 Добавлен ЛИД: 856 
03.02.17 04:06:18 Вызван метод: crm.lead.add 
03.02.17 04:06:18 Добавлен ЛИД: 858 
03.02.17 04:13:40 Вызван метод: user.current 
03.02.17 04:13:40 Пользователь залогинился 
03.02.17 04:13:42 Вызван метод: user.current 
03.02.17 04:13:43 Пользователь залогинился 
03.02.17 04:14:00 Вызван метод: crm.lead.add 
03.02.17 04:14:00 Добавлен ЛИД: 860 
03.02.17 04:14:31 Вызван метод: user.current 
03.02.17 04:14:31 Пользователь залогинился 
03.02.17 04:15:01 Вызван метод: user.current 
03.02.17 04:15:01 Пользователь залогинился 
03.02.17 04:16:22 Вызван метод: user.current 
03.02.17 04:16:22 Пользователь залогинился 
03.02.17 04:17:02 Вызван метод: user.current 
03.02.17 04:17:02 Пользователь залогинился 
03.02.17 04:17:24 Вызван метод: user.current 
03.02.17 04:17:25 Пользователь залогинился 
03.02.17 04:18:25 Вызван метод: user.current 
03.02.17 04:18:25 Пользователь залогинился 
03.02.17 04:19:18 Вызван метод: user.current 
03.02.17 04:19:18 Пользователь залогинился 
03.02.17 04:19:30 Вызван метод: crm.lead.add 
03.02.17 04:19:30 Добавлен ЛИД: 862 
03.02.17 12:43:32 Вызван метод: user.current 
03.02.17 12:43:33 Пользователь залогинился 
03.02.17 12:43:47 Вызван метод: user.current 
03.02.17 12:43:48 Пользователь залогинился 
03.02.17 03:08:08 Вызван метод: user.current 
03.02.17 03:08:09 Пользователь залогинился 
03.02.17 04:56:44 Вызван метод: user.current 
03.02.17 04:56:44 Пользователь залогинился 
03.02.17 04:57:42 Вызван метод: user.current 
03.02.17 04:57:42 Пользователь залогинился 
03.02.17 04:57:49 Вызван метод: crm.lead.add 
03.02.17 04:57:49 Добавлен ЛИД: 922 
03.02.17 04:58:41 Вызван метод: user.current 
03.02.17 04:58:41 Пользователь залогинился 
03.02.17 04:58:57 Вызван метод: user.current 
03.02.17 04:58:57 Пользователь залогинился 
03.02.17 04:59:04 Вызван метод: crm.lead.add 
03.02.17 04:59:04 Добавлен ЛИД: 924 
03.02.17 04:59:05 Вызван метод: crm.lead.add 
03.02.17 04:59:05 Добавлен ЛИД: 926 
03.02.17 05:01:39 Вызван метод: user.current 
03.02.17 05:01:39 Пользователь залогинился 
03.02.17 05:01:45 Вызван метод: crm.lead.add 
03.02.17 05:01:45 Добавлен ЛИД: 928 
03.02.17 05:01:51 Вызван метод: crm.lead.add 
03.02.17 05:01:51 Добавлен ЛИД: 930 
03.02.17 05:01:53 Вызван метод: crm.lead.add 
03.02.17 05:01:53 Добавлен ЛИД: 932 
03.02.17 05:02:43 Вызван метод: crm.lead.add 
03.02.17 05:02:43 Добавлен ЛИД: 934 
03.02.17 05:02:44 Вызван метод: crm.lead.add 
03.02.17 05:02:44 Добавлен ЛИД: 936 
03.02.17 05:04:26 Вызван метод: user.current 
03.02.17 05:04:26 Пользователь залогинился 
03.02.17 05:08:30 Вызван метод: crm.lead.add 
03.02.17 05:08:30 Добавлен ЛИД: 938 
03.02.17 05:08:31 Вызван метод: crm.lead.add 
03.02.17 05:08:31 Добавлен ЛИД: 940 
03.02.17 05:08:36 Вызван метод: crm.lead.add 
03.02.17 05:08:36 Добавлен ЛИД: 942 
03.02.17 05:08:51 Вызван метод: user.current 
03.02.17 05:08:51 Пользователь залогинился 
