06.02.17 01:30:45 Вызван метод: user.current 
06.02.17 01:30:45 Пользователь залогинился 
06.02.17 01:32:43 Вызван метод: user.current 
06.02.17 01:32:43 Пользователь залогинился 
06.02.17 01:37:53 Вызван метод: user.current 
06.02.17 01:37:53 Пользователь залогинился 
06.02.17 01:39:10 Вызван метод: user.current 
06.02.17 01:39:11 Пользователь залогинился 
06.02.17 01:39:19 Вызван метод: user.current 
06.02.17 01:39:19 ОШИБКА: У пользователя неправильный токен 
06.02.17 01:40:29 Вызван метод: user.current 
06.02.17 01:40:29 ОШИБКА: У пользователя неправильный токен 
06.02.17 01:41:56 Вызван метод: user.current 
06.02.17 01:41:56 ОШИБКА: У пользователя неправильный токен 
06.02.17 01:42:26 Вызван метод: user.current 
06.02.17 01:42:26 ОШИБКА: У пользователя неправильный токен 
06.02.17 01:42:51 Вызван метод: user.current 
06.02.17 01:42:51 ОШИБКА: У пользователя неправильный токен 
06.02.17 01:44:22 Вызван метод: user.current 
06.02.17 01:44:22 ОШИБКА: У пользователя неправильный токен 
06.02.17 01:45:13 Вызван метод: user.current 
06.02.17 01:45:13 ОШИБКА: У пользователя неправильный токен 
06.02.17 01:46:17 Вызван метод: user.current 
06.02.17 01:46:17 ОШИБКА: У пользователя неправильный токен 
06.02.17 01:46:19 Вызван метод: user.current 
06.02.17 01:47:33 Вызван метод: user.current 
06.02.17 01:47:33 ОШИБКА: У пользователя неправильный токен 
06.02.17 01:47:35 Вызван метод: user.current 
06.02.17 01:47:37 Вызван метод: user.current 
06.02.17 01:47:37 ОШИБКА: У пользователя неправильный токен 
06.02.17 01:50:57 Вызван метод: user.current 
06.02.17 01:50:57 ОШИБКА: У пользователя неправильный токен 
06.02.17 01:51:00 Вызван метод: user.current 
06.02.17 01:51:03 Вызван метод: user.current 
06.02.17 01:51:03 ОШИБКА: У пользователя неправильный токен 
06.02.17 01:51:15 Вызван метод: user.current 
06.02.17 01:51:17 Вызван метод: user.current 
06.02.17 01:51:17 Пользователь залогинился 
06.02.17 01:52:40 Вызван метод: user.current 
06.02.17 01:52:40 Пользователь залогинился 
06.02.17 01:55:48 Вызван метод: user.current 
06.02.17 01:55:48 Пользователь залогинился 
06.02.17 01:55:59 Вызван метод: user.current 
06.02.17 01:56:00 Пользователь залогинился 
06.02.17 01:57:13 Вызван метод: user.current 
06.02.17 01:57:13 Пользователь залогинился 
06.02.17 02:28:46 Вызван метод: user.current 
06.02.17 02:28:46 Пользователь залогинился 
06.02.17 02:28:58 Вызван метод: crm.lead.add 
06.02.17 02:28:58 Добавлен ЛИД: 1400 
06.02.17 02:29:00 Вызван метод: crm.lead.add 
06.02.17 02:29:00 Добавлен ЛИД: 1402 
06.02.17 02:50:07 Вызван метод: user.current 
06.02.17 02:50:07 Пользователь залогинился 
06.02.17 02:50:52 Вызван метод: crm.lead.add 
06.02.17 02:50:52 Добавлен ЛИД: 1404 
06.02.17 04:07:17 Вызван метод: crm.lead.add 
06.02.17 04:07:17 Добавлен ЛИД: 1416 
06.02.17 04:31:43 Вызван метод: crm.lead.add 
06.02.17 04:31:43 Добавлен ЛИД: 1418 
06.02.17 04:34:40 Вызван метод: user.current 
06.02.17 04:34:40 Пользователь залогинился 
06.02.17 05:20:05 Вызван метод:  
06.02.17 05:20:39 Вызван метод:  
06.02.17 05:23:13 Вызван метод:  
06.02.17 05:32:16 Вызван метод:  
06.02.17 05:42:22 Вызван метод:  
06.02.17 05:59:54 Вызван метод:  
06.02.17 07:12:44 Вызван метод: user.current 
06.02.17 07:12:45 Пользователь залогинился 
