07.02.17 12:33:42 Вызван метод: user.current 
07.02.17 12:33:42 Пользователь залогинился 
07.02.17 12:34:04 Вызван метод: user.current 
07.02.17 12:34:04 Пользователь залогинился 
07.02.17 01:00:43 Вызван метод: user.current 
07.02.17 01:00:43 Пользователь залогинился 
07.02.17 01:00:52 Вызван метод: user.current 
07.02.17 01:00:52 Пользователь залогинился 
07.02.17 01:00:58 Вызван метод: user.current 
07.02.17 01:00:58 Пользователь залогинился 
07.02.17 01:01:24 Вызван метод: user.current 
07.02.17 01:01:24 Пользователь залогинился 
07.02.17 01:01:32 Вызван метод: user.current 
07.02.17 01:01:32 Пользователь залогинился 
07.02.17 01:05:01 Вызван метод: user.current 
07.02.17 01:05:01 Пользователь залогинился 
07.02.17 01:05:07 Вызван метод: user.current 
07.02.17 01:05:07 Пользователь залогинился 
07.02.17 01:07:21 Вызван метод: user.current 
07.02.17 01:07:21 Пользователь залогинился 
07.02.17 01:07:27 Вызван метод: user.current 
07.02.17 01:07:27 Пользователь залогинился 
07.02.17 01:08:30 Вызван метод: user.current 
07.02.17 01:08:30 Пользователь залогинился 
07.02.17 01:10:00 Вызван метод: user.current 
07.02.17 01:10:00 Пользователь залогинился 
07.02.17 01:10:11 Вызван метод: user.current 
07.02.17 01:10:11 Пользователь залогинился 
07.02.17 01:10:33 Вызван метод: user.current 
07.02.17 01:10:34 Пользователь залогинился 
07.02.17 01:10:36 Вызван метод: crm.lead.fields 
07.02.17 01:10:37 Вызван метод: crm.lead.add 
07.02.17 01:10:38 Вызван метод: crm.lead.add 
07.02.17 01:11:09 Вызван метод: user.current 
07.02.17 01:11:10 Пользователь залогинился 
07.02.17 01:14:24 Вызван метод: user.current 
07.02.17 01:14:24 ОШИБКА: У пользователя неправильный токен 
07.02.17 01:15:03 Вызван метод: user.current 
07.02.17 01:15:04 Вызван метод: user.current 
07.02.17 01:15:04 Пользователь залогинился 
07.02.17 01:15:39 Вызван метод: user.current 
07.02.17 01:15:39 ОШИБКА: У пользователя неправильный токен 
07.02.17 01:17:13 Вызван метод: user.current 
07.02.17 01:17:13 ОШИБКА: У пользователя неправильный токен 
07.02.17 01:17:16 Вызван метод: user.current 
07.02.17 01:17:17 Вызван метод: user.current 
07.02.17 01:17:17 ОШИБКА: У пользователя неправильный токен 
07.02.17 01:17:29 Вызван метод: user.current 
07.02.17 01:17:29 ОШИБКА: У пользователя неправильный токен 
07.02.17 01:17:42 Вызван метод: user.current 
07.02.17 01:17:43 Вызван метод: user.current 
07.02.17 01:17:43 Пользователь залогинился 
07.02.17 01:17:56 Вызван метод: user.current 
07.02.17 01:17:56 Пользователь залогинился 
07.02.17 01:18:05 Вызван метод: user.current 
07.02.17 01:18:05 Пользователь залогинился 
07.02.17 01:18:10 Вызван метод: user.current 
07.02.17 01:18:10 Пользователь залогинился 
07.02.17 01:20:23 Вызван метод: user.current 
07.02.17 01:20:23 Пользователь залогинился 
07.02.17 01:20:32 Вызван метод: user.current 
07.02.17 01:20:32 Пользователь залогинился 
07.02.17 01:20:38 Вызван метод: user.current 
07.02.17 01:20:38 Пользователь залогинился 
07.02.17 01:21:27 Вызван метод: user.current 
07.02.17 01:21:27 Пользователь залогинился 
07.02.17 01:21:31 Вызван метод: user.current 
07.02.17 01:21:31 Пользователь залогинился 
07.02.17 01:22:03 Вызван метод: user.current 
07.02.17 01:22:03 Пользователь залогинился 
07.02.17 01:22:07 Вызван метод: user.current 
07.02.17 01:22:07 Пользователь залогинился 
07.02.17 01:22:11 Вызван метод: crm.lead.fields 
07.02.17 01:22:23 Вызван метод: user.current 
07.02.17 01:22:23 Пользователь залогинился 
07.02.17 01:23:18 Вызван метод: user.current 
07.02.17 01:23:18 Пользователь залогинился 
07.02.17 01:23:23 Вызван метод: user.current 
07.02.17 01:23:24 Пользователь залогинился 
07.02.17 01:23:49 Вызван метод: user.current 
07.02.17 01:23:49 Пользователь залогинился 
07.02.17 01:24:22 Вызван метод: user.current 
07.02.17 01:24:22 Пользователь залогинился 
07.02.17 01:24:26 Вызван метод: user.current 
07.02.17 01:24:26 Пользователь залогинился 
07.02.17 01:24:52 Вызван метод: user.current 
07.02.17 01:24:52 Пользователь залогинился 
07.02.17 01:24:58 Вызван метод: user.current 
07.02.17 01:24:58 Пользователь залогинился 
07.02.17 01:25:08 Вызван метод: user.current 
07.02.17 01:25:08 Пользователь залогинился 
07.02.17 01:25:09 Вызван метод: crm.lead.fields 
07.02.17 01:26:06 Вызван метод: user.current 
07.02.17 01:26:06 Пользователь залогинился 
07.02.17 01:26:12 Вызван метод: user.current 
07.02.17 01:26:12 ОШИБКА: У пользователя неправильный токен 
07.02.17 01:26:26 Вызван метод: user.current 
07.02.17 01:26:27 Вызван метод: user.current 
07.02.17 01:26:27 Пользователь залогинился 
07.02.17 01:26:31 Вызван метод: user.current 
07.02.17 01:26:31 ОШИБКА: У пользователя неправильный токен 
07.02.17 01:26:37 Вызван метод: user.current 
07.02.17 01:26:38 Вызван метод: user.current 
07.02.17 01:26:38 ОШИБКА: У пользователя неправильный токен 
07.02.17 01:26:57 Вызван метод: user.current 
07.02.17 01:26:57 ОШИБКА: У пользователя неправильный токен 
07.02.17 01:27:03 Вызван метод: user.current 
07.02.17 01:27:04 Вызван метод: user.current 
07.02.17 01:27:04 ОШИБКА: У пользователя неправильный токен 
07.02.17 01:27:24 Вызван метод: user.current 
07.02.17 01:27:25 Вызван метод: user.current 
07.02.17 01:27:25 ОШИБКА: У пользователя неправильный токен 
07.02.17 01:28:08 Вызван метод: crm.lead.fields 
07.02.17 01:29:22 Вызван метод: crm.lead.fields 
07.02.17 01:29:50 Вызван метод: user.current 
07.02.17 01:29:50 ОШИБКА: У пользователя неправильный токен 
07.02.17 01:30:02 Вызван метод: user.current 
07.02.17 01:30:02 ОШИБКА: У пользователя неправильный токен 
07.02.17 01:30:06 Вызван метод: user.current 
07.02.17 01:30:07 Вызван метод: user.current 
07.02.17 01:30:07 ОШИБКА: У пользователя неправильный токен 
07.02.17 01:31:36 Вызван метод: user.current 
07.02.17 01:31:36 ОШИБКА: У пользователя неправильный токен 
07.02.17 01:31:53 Вызван метод: user.current 
07.02.17 01:31:54 Вызван метод: user.current 
07.02.17 01:31:55 Пользователь залогинился 
07.02.17 01:32:00 Вызван метод: user.current 
07.02.17 01:32:00 ОШИБКА: У пользователя неправильный токен 
07.02.17 01:34:12 Вызван метод: user.current 
07.02.17 01:34:12 ОШИБКА: У пользователя неправильный токен 
07.02.17 01:35:38 Вызван метод: user.current 
07.02.17 01:35:38 ОШИБКА: У пользователя неправильный токен 
07.02.17 01:35:59 Вызван метод: user.current 
07.02.17 01:35:59 ОШИБКА: У пользователя неправильный токен 
07.02.17 01:36:27 Вызван метод: user.current 
07.02.17 01:36:27 ОШИБКА: У пользователя неправильный токен 
07.02.17 01:36:37 Вызван метод: user.current 
07.02.17 01:36:37 ОШИБКА: У пользователя неправильный токен 
07.02.17 01:36:52 Вызван метод: user.current 
07.02.17 01:36:52 ОШИБКА: У пользователя неправильный токен 
07.02.17 01:36:59 Вызван метод: user.current 
07.02.17 01:36:59 ОШИБКА: У пользователя неправильный токен 
07.02.17 01:37:08 Вызван метод: user.current 
07.02.17 01:37:08 ОШИБКА: У пользователя неправильный токен 
07.02.17 01:37:16 Вызван метод: user.current 
07.02.17 01:37:16 ОШИБКА: У пользователя неправильный токен 
07.02.17 01:38:06 Вызван метод: user.current 
07.02.17 01:38:06 ОШИБКА: У пользователя неправильный токен 
07.02.17 01:38:14 Вызван метод: user.current 
07.02.17 01:38:14 ОШИБКА: У пользователя неправильный токен 
07.02.17 03:15:34 1632 
07.02.17 03:15:34 1634 
07.02.17 03:15:34 ОШИБКА:  
07.02.17 03:15:34 ОШИБКА:  
07.02.17 03:19:56 Добавлен новый ЛИД, id: 1636 
07.02.17 03:19:56 Добавлен новый ЛИД, id: 1638 
07.02.17 03:25:24 Было произведено пакетное добавление ЛИДОВ: {"result":{"result":[1640,1642],"result_error":[],"result_total":[],"result_next":[]}} 
07.02.17 03:25:24 Добавлен новый ЛИД, id: 1640 
07.02.17 03:25:24 Добавлен новый ЛИД, id: 1642 
07.02.17 03:27:34 Было произведено пакетное добавление ЛИДОВ: {"result":{"result":[1644,1646],"result_error":[],"result_total":[],"result_next":[]}} 
07.02.17 03:27:34 Добавлен новый ЛИД, id: 1644 
07.02.17 03:27:34 Добавлен новый ЛИД, id: 1646 
07.02.17 03:27:49 Было произведено пакетное добавление ЛИДОВ: {"result":{"result":[1648,1650],"result_error":[],"result_total":[],"result_next":[]}} 
07.02.17 03:27:49 Добавлен новый ЛИД, id: 1648 
07.02.17 03:27:49 Добавлен новый ЛИД, id: 1650 
07.02.17 03:30:17 Вызван метод: user.current 
07.02.17 03:30:18 ОШИБКА: У пользователя неправильный токен 
07.02.17 03:30:29 Вызван метод: user.current 
07.02.17 03:30:31 Вызван метод: user.current 
07.02.17 03:30:31 Пользователь залогинился 
07.02.17 03:30:37 Вызван метод: user.current 
07.02.17 03:30:37 Пользователь залогинился 
07.02.17 03:33:51 Вызван метод: user.current 
07.02.17 03:33:51 Пользователь залогинился 
07.02.17 03:42:12 Было произведено пакетное добавление ЛИДОВ: {"result":{"result":[1652,1654],"result_error":[],"result_total":[],"result_next":[]}} 
07.02.17 03:42:12 Добавлен новый ЛИД, id: 1652 
07.02.17 03:42:12 Добавлен новый ЛИД, id: 1654 
07.02.17 03:42:18 Было произведено пакетное добавление ЛИДОВ: {"result":{"result":[1656,1658],"result_error":[],"result_total":[],"result_next":[]}} 
07.02.17 03:42:18 Добавлен новый ЛИД, id: 1656 
07.02.17 03:42:18 Добавлен новый ЛИД, id: 1658 
07.02.17 03:42:42 Было произведено пакетное добавление ЛИДОВ: {"result":{"result":[1660,1662],"result_error":[],"result_total":[],"result_next":[]}} 
07.02.17 03:42:42 Добавлен новый ЛИД, id: 1660 
07.02.17 03:42:42 Добавлен новый ЛИД, id: 1662 
07.02.17 03:43:57 Было произведено пакетное добавление ЛИДОВ: {"result":{"result":[1664,1666],"result_error":[],"result_total":[],"result_next":[]}} 
07.02.17 03:43:57 Добавлен новый ЛИД, id: 1664 
07.02.17 03:43:57 Добавлен новый ЛИД, id: 1666 
07.02.17 03:44:19 Было произведено пакетное добавление ЛИДОВ: {"result":{"result":[1668,1670],"result_error":[],"result_total":[],"result_next":[]}} 
07.02.17 03:44:19 Добавлен новый ЛИД, id: 1668 
07.02.17 03:44:19 Добавлен новый ЛИД, id: 1670 
07.02.17 03:46:09 Вызван метод: user.current 
07.02.17 03:46:09 Пользователь залогинился 
07.02.17 03:47:48 Было произведено пакетное добавление ЛИДОВ: {"result":{"result":[1680,1682],"result_error":[],"result_total":[],"result_next":[]}} 
07.02.17 03:47:48 Добавлен новый ЛИД, id: 1680 
07.02.17 03:47:48 Добавлен новый ЛИД, id: 1682 
07.02.17 03:48:11 Было произведено пакетное добавление ЛИДОВ: {"result":{"result":[1684,1686],"result_error":[],"result_total":[],"result_next":[]}} 
07.02.17 03:48:11 Добавлен новый ЛИД, id: 1684 
07.02.17 03:48:11 Добавлен новый ЛИД, id: 1686 
07.02.17 03:48:49 Было произведено пакетное добавление ЛИДОВ: {"result":{"result":[1688,1690],"result_error":[],"result_total":[],"result_next":[]}} 
07.02.17 03:48:49 Добавлен новый ЛИД, id: 1688 
07.02.17 03:48:49 Добавлен новый ЛИД, id: 1690 
07.02.17 03:49:57 Было произведено пакетное добавление ЛИДОВ: {"result":{"result":[1692,1694],"result_error":[],"result_total":[],"result_next":[]}} 
07.02.17 03:49:57 Добавлен новый ЛИД, id: 1692 
07.02.17 03:49:57 Добавлен новый ЛИД, id: 1694 
07.02.17 03:51:47 Было произведено пакетное добавление ЛИДОВ: {"result":{"result":[1696,1698],"result_error":[],"result_total":[],"result_next":[]}} 
07.02.17 03:51:47 Добавлен новый ЛИД, id: 1696 
07.02.17 03:51:47 Добавлен новый ЛИД, id: 1698 
07.02.17 03:56:24 Было произведено пакетное добавление ЛИДОВ: {"result":{"result":[1700,1702],"result_error":[],"result_total":[],"result_next":[]}} 
07.02.17 03:56:24 Добавлен новый ЛИД, id: 1700 
07.02.17 03:56:24 Добавлен новый ЛИД, id: 1702 
07.02.17 03:57:13 Было произведено пакетное добавление ЛИДОВ: {"result":{"result":[1704,1706],"result_error":[],"result_total":[],"result_next":[]}} 
07.02.17 03:57:13 Добавлен новый ЛИД, id: 1704 
07.02.17 03:57:13 Добавлен новый ЛИД, id: 1706 
07.02.17 03:59:22 Было произведено пакетное добавление ЛИДОВ: {"result":{"result":[1708,1710],"result_error":[],"result_total":[],"result_next":[]}} 
07.02.17 03:59:22 Добавлен новый ЛИД, id: 1708 
07.02.17 03:59:22 Добавлен новый ЛИД, id: 1710 
07.02.17 04:06:06 Было произведено пакетное добавление ЛИДОВ: {"result":{"result":[1712,1714],"result_error":[],"result_total":[],"result_next":[]}} 
07.02.17 04:06:06 Добавлен новый ЛИД, id: 1712 
07.02.17 04:06:06 Добавлен новый ЛИД, id: 1714 
07.02.17 04:08:01 Было произведено пакетное добавление ЛИДОВ: {"result":{"result":[1716,1718],"result_error":[],"result_total":[],"result_next":[]}} 
07.02.17 04:08:01 Добавлен новый ЛИД, id: 1716 
07.02.17 04:08:01 Добавлен новый ЛИД, id: 1718 
07.02.17 04:09:44 Было произведено пакетное добавление ЛИДОВ: {"result":{"result":[1720,1722],"result_error":[],"result_total":[],"result_next":[]}} 
07.02.17 04:09:44 Добавлен новый ЛИД, id: 1720 
07.02.17 04:09:44 Добавлен новый ЛИД, id: 1722 
07.02.17 04:11:32 Было произведено пакетное добавление ЛИДОВ: {"result":{"result":[1724,1726],"result_error":[],"result_total":[],"result_next":[]}} 
07.02.17 04:11:32 Добавлен новый ЛИД, id: 1724 
07.02.17 04:11:32 Добавлен новый ЛИД, id: 1726 
07.02.17 04:12:20 Было произведено пакетное добавление ЛИДОВ: {"result":{"result":[1728,1730],"result_error":[],"result_total":[],"result_next":[]}} 
07.02.17 04:12:20 Добавлен новый ЛИД, id: 1728 
07.02.17 04:12:20 Добавлен новый ЛИД, id: 1730 
07.02.17 04:13:18 Было произведено пакетное добавление ЛИДОВ: {"result":{"result":[1732,1734],"result_error":[],"result_total":[],"result_next":[]}} 
07.02.17 04:13:18 Добавлен новый ЛИД, id: 1732 
07.02.17 04:13:18 Добавлен новый ЛИД, id: 1734 
07.02.17 04:14:31 Было произведено пакетное добавление ЛИДОВ: {"result":{"result":[1736,1738],"result_error":[],"result_total":[],"result_next":[]}} 
07.02.17 04:14:31 Добавлен новый ЛИД, id: 1736 
07.02.17 04:14:31 Добавлен новый ЛИД, id: 1738 
07.02.17 04:19:14 Вызван метод: user.current 
07.02.17 04:19:14 Пользователь залогинился 
07.02.17 04:19:36 Было произведено пакетное добавление ЛИДОВ: {"result":{"result":[1740,1742],"result_error":[],"result_total":[],"result_next":[]}} 
07.02.17 04:19:36 Добавлен новый ЛИД, id: 1740 
07.02.17 04:19:36 Добавлен новый ЛИД, id: 1742 
07.02.17 04:20:05 Было произведено пакетное добавление ЛИДОВ: {"result":{"result":[1744,1746],"result_error":[],"result_total":[],"result_next":[]}} 
07.02.17 04:20:05 Добавлен новый ЛИД, id: 1744 
07.02.17 04:20:05 Добавлен новый ЛИД, id: 1746 
07.02.17 06:10:25 Вызван метод: user.current 
07.02.17 06:10:26 Пользователь залогинился 
07.02.17 06:10:56 Вызван метод: user.current 
07.02.17 06:10:56 Пользователь залогинился 
07.02.17 06:31:31 Вызван метод: user.current 
07.02.17 06:31:31 Пользователь залогинился 
07.02.17 06:35:45 Вызван метод: user.current 
07.02.17 06:35:46 Пользователь залогинился 
07.02.17 06:36:00 Было произведено пакетное добавление ЛИДОВ: {"result":{"result":[1784,1786],"result_error":[],"result_total":[],"result_next":[]}} 
07.02.17 06:36:00 Добавлен новый ЛИД, id: 1784 
07.02.17 06:36:00 Добавлен новый ЛИД, id: 1786 
07.02.17 06:42:02 Вызван метод: user.current 
07.02.17 06:42:02 Пользователь залогинился 
07.02.17 06:42:08 Было произведено пакетное добавление ЛИДОВ: {"result":{"result":[1788],"result_error":[],"result_total":[],"result_next":[]}} 
07.02.17 06:42:08 Добавлен новый ЛИД, id: 1788 
07.02.17 06:42:21 Было произведено пакетное добавление ЛИДОВ: {"result":{"result":[1790,1792],"result_error":[],"result_total":[],"result_next":[]}} 
07.02.17 06:42:21 Добавлен новый ЛИД, id: 1790 
07.02.17 06:42:21 Добавлен новый ЛИД, id: 1792 
07.02.17 06:42:45 Было произведено пакетное добавление ЛИДОВ: {"result":{"result":[1794,1796],"result_error":[],"result_total":[],"result_next":[]}} 
07.02.17 06:42:45 Добавлен новый ЛИД, id: 1794 
07.02.17 06:42:45 Добавлен новый ЛИД, id: 1796 
07.02.17 06:46:29 Вызван метод: user.current 
07.02.17 06:46:29 Пользователь залогинился 
07.02.17 06:48:04 Вызван метод: user.current 
07.02.17 06:48:04 Пользователь залогинился 
07.02.17 06:49:43 Вызван метод: user.current 
07.02.17 06:49:44 Пользователь залогинился 
07.02.17 06:50:06 Вызван метод: user.current 
07.02.17 06:50:06 Пользователь залогинился 
07.02.17 06:50:42 Вызван метод: user.current 
07.02.17 06:50:42 Пользователь залогинился 
07.02.17 06:52:18 Вызван метод: user.current 
07.02.17 06:52:18 Пользователь залогинился 
07.02.17 06:54:23 Вызван метод: user.current 
07.02.17 06:54:23 Пользователь залогинился 
07.02.17 06:54:34 Вызван метод: user.current 
07.02.17 06:54:34 Пользователь залогинился 
07.02.17 06:57:36 Вызван метод: user.current 
07.02.17 06:57:36 Пользователь залогинился 
07.02.17 06:58:19 Вызван метод: user.current 
07.02.17 06:58:19 Пользователь залогинился 
07.02.17 06:59:17 Вызван метод: user.current 
07.02.17 06:59:18 Пользователь залогинился 
07.02.17 06:59:23 Вызван метод: user.current 
07.02.17 06:59:23 Пользователь залогинился 
07.02.17 06:59:34 Было произведено пакетное добавление ЛИДОВ: {"result":{"result":[1808,1810],"result_error":[],"result_total":[],"result_next":[]}} 
07.02.17 06:59:34 Добавлен новый ЛИД, id: 1808 
07.02.17 06:59:34 Добавлен новый ЛИД, id: 1810 
07.02.17 07:00:30 Вызван метод: user.current 
07.02.17 07:00:30 Пользователь залогинился 
07.02.17 07:00:42 Вызван метод: user.current 
07.02.17 07:00:42 Пользователь залогинился 
07.02.17 07:01:03 Было произведено пакетное добавление ЛИДОВ: {"result":{"result":[1812,1814],"result_error":[],"result_total":[],"result_next":[]}} 
07.02.17 07:01:03 Добавлен новый ЛИД, id: 1812 
07.02.17 07:01:03 Добавлен новый ЛИД, id: 1814 
07.02.17 07:05:13 Вызван метод: user.current 
07.02.17 07:05:13 Пользователь залогинился 
07.02.17 07:05:20 Было произведено пакетное добавление ЛИДОВ: {"result":{"result":[1816,1818],"result_error":[],"result_total":[],"result_next":[]}} 
07.02.17 07:05:20 Добавлен новый ЛИД, id: 1816 
07.02.17 07:05:20 Добавлен новый ЛИД, id: 1818 
07.02.17 07:07:30 Вызван метод: user.current 
07.02.17 07:07:30 Пользователь залогинился 
07.02.17 07:07:42 Было произведено пакетное добавление ЛИДОВ: {"result":{"result":[1820,1822],"result_error":[],"result_total":[],"result_next":[]}} 
07.02.17 07:07:42 Добавлен новый ЛИД, id: 1820 
07.02.17 07:07:42 Добавлен новый ЛИД, id: 1822 
07.02.17 07:30:53 Вызван метод: user.current 
07.02.17 07:30:53 Пользователь залогинился 
07.02.17 07:30:59 Было произведено пакетное добавление ЛИДОВ: <html>
<head><title>414 Request-URI Too Large</title></head>
<body bgcolor="white">
<center><h1>414 Request-URI Too Large</h1></center>
<hr><center>nginx/1.8.1</center>
</body>
</html>
 
07.02.17 07:31:00 Было произведено пакетное добавление ЛИДОВ: <html>
<head><title>414 Request-URI Too Large</title></head>
<body bgcolor="white">
<center><h1>414 Request-URI Too Large</h1></center>
<hr><center>nginx/1.8.1</center>
</body>
</html>
 
07.02.17 07:31:01 Было произведено пакетное добавление ЛИДОВ: <html>
<head><title>414 Request-URI Too Large</title></head>
<body bgcolor="white">
<center><h1>414 Request-URI Too Large</h1></center>
<hr><center>nginx/1.8.1</center>
</body>
</html>
 
07.02.17 07:31:02 Было произведено пакетное добавление ЛИДОВ: <html>
<head><title>414 Request-URI Too Large</title></head>
<body bgcolor="white">
<center><h1>414 Request-URI Too Large</h1></center>
<hr><center>nginx/1.8.1</center>
</body>
</html>
 
07.02.17 07:31:03 Было произведено пакетное добавление ЛИДОВ: <html>
<head><title>414 Request-URI Too Large</title></head>
<body bgcolor="white">
<center><h1>414 Request-URI Too Large</h1></center>
<hr><center>nginx/1.8.1</center>
</body>
</html>
 
07.02.17 07:31:04 Было произведено пакетное добавление ЛИДОВ: <html>
<head><title>414 Request-URI Too Large</title></head>
<body bgcolor="white">
<center><h1>414 Request-URI Too Large</h1></center>
<hr><center>nginx/1.8.1</center>
</body>
</html>
 
07.02.17 07:31:05 Было произведено пакетное добавление ЛИДОВ: <html>
<head><title>414 Request-URI Too Large</title></head>
<body bgcolor="white">
<center><h1>414 Request-URI Too Large</h1></center>
<hr><center>nginx/1.8.1</center>
</body>
</html>
 
07.02.17 07:31:06 Было произведено пакетное добавление ЛИДОВ: <html>
<head><title>414 Request-URI Too Large</title></head>
<body bgcolor="white">
<center><h1>414 Request-URI Too Large</h1></center>
<hr><center>nginx/1.8.1</center>
</body>
</html>
 
07.02.17 07:31:08 Было произведено пакетное добавление ЛИДОВ: <html>
<head><title>414 Request-URI Too Large</title></head>
<body bgcolor="white">
<center><h1>414 Request-URI Too Large</h1></center>
<hr><center>nginx/1.8.1</center>
</body>
</html>
 
07.02.17 07:31:09 Было произведено пакетное добавление ЛИДОВ: <html>
<head><title>414 Request-URI Too Large</title></head>
<body bgcolor="white">
<center><h1>414 Request-URI Too Large</h1></center>
<hr><center>nginx/1.8.1</center>
</body>
</html>
 
07.02.17 07:31:10 Было произведено пакетное добавление ЛИДОВ: <html>
<head><title>414 Request-URI Too Large</title></head>
<body bgcolor="white">
<center><h1>414 Request-URI Too Large</h1></center>
<hr><center>nginx/1.8.1</center>
</body>
</html>
 
07.02.17 07:31:11 Было произведено пакетное добавление ЛИДОВ: <html>
<head><title>414 Request-URI Too Large</title></head>
<body bgcolor="white">
<center><h1>414 Request-URI Too Large</h1></center>
<hr><center>nginx/1.8.1</center>
</body>
</html>
 
07.02.17 07:31:12 Было произведено пакетное добавление ЛИДОВ: <html>
<head><title>414 Request-URI Too Large</title></head>
<body bgcolor="white">
<center><h1>414 Request-URI Too Large</h1></center>
<hr><center>nginx/1.8.1</center>
</body>
</html>
 
07.02.17 07:31:13 Было произведено пакетное добавление ЛИДОВ: <html>
<head><title>414 Request-URI Too Large</title></head>
<body bgcolor="white">
<center><h1>414 Request-URI Too Large</h1></center>
<hr><center>nginx/1.8.1</center>
</body>
</html>
 
07.02.17 07:31:14 Было произведено пакетное добавление ЛИДОВ: <html>
<head><title>414 Request-URI Too Large</title></head>
<body bgcolor="white">
<center><h1>414 Request-URI Too Large</h1></center>
<hr><center>nginx/1.8.1</center>
</body>
</html>
 
07.02.17 07:31:15 Было произведено пакетное добавление ЛИДОВ: <html>
<head><title>414 Request-URI Too Large</title></head>
<body bgcolor="white">
<center><h1>414 Request-URI Too Large</h1></center>
<hr><center>nginx/1.8.1</center>
</body>
</html>
 
07.02.17 07:31:16 Было произведено пакетное добавление ЛИДОВ: <html>
<head><title>414 Request-URI Too Large</title></head>
<body bgcolor="white">
<center><h1>414 Request-URI Too Large</h1></center>
<hr><center>nginx/1.8.1</center>
</body>
</html>
 
07.02.17 07:31:17 Было произведено пакетное добавление ЛИДОВ: <html>
<head><title>414 Request-URI Too Large</title></head>
<body bgcolor="white">
<center><h1>414 Request-URI Too Large</h1></center>
<hr><center>nginx/1.8.1</center>
</body>
</html>
 
07.02.17 07:31:18 Было произведено пакетное добавление ЛИДОВ: <html>
<head><title>414 Request-URI Too Large</title></head>
<body bgcolor="white">
<center><h1>414 Request-URI Too Large</h1></center>
<hr><center>nginx/1.8.1</center>
</body>
</html>
 
07.02.17 07:31:19 Было произведено пакетное добавление ЛИДОВ: <html>
<head><title>414 Request-URI Too Large</title></head>
<body bgcolor="white">
<center><h1>414 Request-URI Too Large</h1></center>
<hr><center>nginx/1.8.1</center>
</body>
</html>
 
07.02.17 07:32:48 Было произведено пакетное добавление ЛИДОВ: <html>
<head><title>414 Request-URI Too Large</title></head>
<body bgcolor="white">
<center><h1>414 Request-URI Too Large</h1></center>
<hr><center>nginx/1.8.1</center>
</body>
</html>
 
07.02.17 07:32:49 Было произведено пакетное добавление ЛИДОВ: <html>
<head><title>414 Request-URI Too Large</title></head>
<body bgcolor="white">
<center><h1>414 Request-URI Too Large</h1></center>
<hr><center>nginx/1.8.1</center>
</body>
</html>
 
07.02.17 07:32:50 Было произведено пакетное добавление ЛИДОВ: <html>
<head><title>414 Request-URI Too Large</title></head>
<body bgcolor="white">
<center><h1>414 Request-URI Too Large</h1></center>
<hr><center>nginx/1.8.1</center>
</body>
</html>
 
07.02.17 07:32:51 Было произведено пакетное добавление ЛИДОВ: <html>
<head><title>414 Request-URI Too Large</title></head>
<body bgcolor="white">
<center><h1>414 Request-URI Too Large</h1></center>
<hr><center>nginx/1.8.1</center>
</body>
</html>
 
07.02.17 07:32:52 Было произведено пакетное добавление ЛИДОВ: <html>
<head><title>414 Request-URI Too Large</title></head>
<body bgcolor="white">
<center><h1>414 Request-URI Too Large</h1></center>
<hr><center>nginx/1.8.1</center>
</body>
</html>
 
07.02.17 07:32:53 Было произведено пакетное добавление ЛИДОВ: <html>
<head><title>414 Request-URI Too Large</title></head>
<body bgcolor="white">
<center><h1>414 Request-URI Too Large</h1></center>
<hr><center>nginx/1.8.1</center>
</body>
</html>
 
07.02.17 07:32:54 Было произведено пакетное добавление ЛИДОВ: <html>
<head><title>414 Request-URI Too Large</title></head>
<body bgcolor="white">
<center><h1>414 Request-URI Too Large</h1></center>
<hr><center>nginx/1.8.1</center>
</body>
</html>
 
07.02.17 07:32:56 Было произведено пакетное добавление ЛИДОВ: <html>
<head><title>414 Request-URI Too Large</title></head>
<body bgcolor="white">
<center><h1>414 Request-URI Too Large</h1></center>
<hr><center>nginx/1.8.1</center>
</body>
</html>
 
07.02.17 07:32:57 Было произведено пакетное добавление ЛИДОВ: <html>
<head><title>414 Request-URI Too Large</title></head>
<body bgcolor="white">
<center><h1>414 Request-URI Too Large</h1></center>
<hr><center>nginx/1.8.1</center>
</body>
</html>
 
07.02.17 07:32:58 Было произведено пакетное добавление ЛИДОВ: <html>
<head><title>414 Request-URI Too Large</title></head>
<body bgcolor="white">
<center><h1>414 Request-URI Too Large</h1></center>
<hr><center>nginx/1.8.1</center>
</body>
</html>
 
07.02.17 07:32:59 Было произведено пакетное добавление ЛИДОВ: <html>
<head><title>414 Request-URI Too Large</title></head>
<body bgcolor="white">
<center><h1>414 Request-URI Too Large</h1></center>
<hr><center>nginx/1.8.1</center>
</body>
</html>
 
07.02.17 07:33:00 Было произведено пакетное добавление ЛИДОВ: <html>
<head><title>414 Request-URI Too Large</title></head>
<body bgcolor="white">
<center><h1>414 Request-URI Too Large</h1></center>
<hr><center>nginx/1.8.1</center>
</body>
</html>
 
07.02.17 07:33:01 Было произведено пакетное добавление ЛИДОВ: <html>
<head><title>414 Request-URI Too Large</title></head>
<body bgcolor="white">
<center><h1>414 Request-URI Too Large</h1></center>
<hr><center>nginx/1.8.1</center>
</body>
</html>
 
07.02.17 07:33:02 Было произведено пакетное добавление ЛИДОВ: <html>
<head><title>414 Request-URI Too Large</title></head>
<body bgcolor="white">
<center><h1>414 Request-URI Too Large</h1></center>
<hr><center>nginx/1.8.1</center>
</body>
</html>
 
07.02.17 07:33:03 Было произведено пакетное добавление ЛИДОВ: <html>
<head><title>414 Request-URI Too Large</title></head>
<body bgcolor="white">
<center><h1>414 Request-URI Too Large</h1></center>
<hr><center>nginx/1.8.1</center>
</body>
</html>
 
07.02.17 07:33:04 Было произведено пакетное добавление ЛИДОВ: <html>
<head><title>414 Request-URI Too Large</title></head>
<body bgcolor="white">
<center><h1>414 Request-URI Too Large</h1></center>
<hr><center>nginx/1.8.1</center>
</body>
</html>
 
07.02.17 07:33:05 Было произведено пакетное добавление ЛИДОВ: <html>
<head><title>414 Request-URI Too Large</title></head>
<body bgcolor="white">
<center><h1>414 Request-URI Too Large</h1></center>
<hr><center>nginx/1.8.1</center>
</body>
</html>
 
07.02.17 07:33:06 Было произведено пакетное добавление ЛИДОВ: <html>
<head><title>414 Request-URI Too Large</title></head>
<body bgcolor="white">
<center><h1>414 Request-URI Too Large</h1></center>
<hr><center>nginx/1.8.1</center>
</body>
</html>
 
07.02.17 07:33:07 Было произведено пакетное добавление ЛИДОВ: <html>
<head><title>414 Request-URI Too Large</title></head>
<body bgcolor="white">
<center><h1>414 Request-URI Too Large</h1></center>
<hr><center>nginx/1.8.1</center>
</body>
</html>
 
07.02.17 07:33:08 Было произведено пакетное добавление ЛИДОВ: <html>
<head><title>414 Request-URI Too Large</title></head>
<body bgcolor="white">
<center><h1>414 Request-URI Too Large</h1></center>
<hr><center>nginx/1.8.1</center>
</body>
</html>
 
07.02.17 07:34:33 Было произведено пакетное добавление ЛИДОВ: {"result":{"result":[1826,1828],"result_error":[],"result_total":[],"result_next":[]}} 
07.02.17 07:34:33 Добавлен новый ЛИД, id: 1826 
07.02.17 07:34:33 Добавлен новый ЛИД, id: 1828 
07.02.17 07:34:55 Было произведено пакетное добавление ЛИДОВ: <html>
<head><title>414 Request-URI Too Large</title></head>
<body bgcolor="white">
<center><h1>414 Request-URI Too Large</h1></center>
<hr><center>nginx/1.8.1</center>
</body>
</html>
 
07.02.17 07:34:56 Было произведено пакетное добавление ЛИДОВ: <html>
<head><title>414 Request-URI Too Large</title></head>
<body bgcolor="white">
<center><h1>414 Request-URI Too Large</h1></center>
<hr><center>nginx/1.8.1</center>
</body>
</html>
 
07.02.17 07:34:57 Было произведено пакетное добавление ЛИДОВ: <html>
<head><title>414 Request-URI Too Large</title></head>
<body bgcolor="white">
<center><h1>414 Request-URI Too Large</h1></center>
<hr><center>nginx/1.8.1</center>
</body>
</html>
 
07.02.17 07:34:58 Было произведено пакетное добавление ЛИДОВ: <html>
<head><title>414 Request-URI Too Large</title></head>
<body bgcolor="white">
<center><h1>414 Request-URI Too Large</h1></center>
<hr><center>nginx/1.8.1</center>
</body>
</html>
 
07.02.17 07:34:59 Было произведено пакетное добавление ЛИДОВ: <html>
<head><title>414 Request-URI Too Large</title></head>
<body bgcolor="white">
<center><h1>414 Request-URI Too Large</h1></center>
<hr><center>nginx/1.8.1</center>
</body>
</html>
 
07.02.17 07:35:00 Было произведено пакетное добавление ЛИДОВ: <html>
<head><title>414 Request-URI Too Large</title></head>
<body bgcolor="white">
<center><h1>414 Request-URI Too Large</h1></center>
<hr><center>nginx/1.8.1</center>
</body>
</html>
 
07.02.17 07:35:01 Было произведено пакетное добавление ЛИДОВ: <html>
<head><title>414 Request-URI Too Large</title></head>
<body bgcolor="white">
<center><h1>414 Request-URI Too Large</h1></center>
<hr><center>nginx/1.8.1</center>
</body>
</html>
 
07.02.17 07:35:02 Было произведено пакетное добавление ЛИДОВ: <html>
<head><title>414 Request-URI Too Large</title></head>
<body bgcolor="white">
<center><h1>414 Request-URI Too Large</h1></center>
<hr><center>nginx/1.8.1</center>
</body>
</html>
 
07.02.17 07:35:03 Было произведено пакетное добавление ЛИДОВ: <html>
<head><title>414 Request-URI Too Large</title></head>
<body bgcolor="white">
<center><h1>414 Request-URI Too Large</h1></center>
<hr><center>nginx/1.8.1</center>
</body>
</html>
 
07.02.17 07:35:04 Было произведено пакетное добавление ЛИДОВ: <html>
<head><title>414 Request-URI Too Large</title></head>
<body bgcolor="white">
<center><h1>414 Request-URI Too Large</h1></center>
<hr><center>nginx/1.8.1</center>
</body>
</html>
 
07.02.17 07:35:05 Было произведено пакетное добавление ЛИДОВ: <html>
<head><title>414 Request-URI Too Large</title></head>
<body bgcolor="white">
<center><h1>414 Request-URI Too Large</h1></center>
<hr><center>nginx/1.8.1</center>
</body>
</html>
 
07.02.17 07:35:06 Было произведено пакетное добавление ЛИДОВ: <html>
<head><title>414 Request-URI Too Large</title></head>
<body bgcolor="white">
<center><h1>414 Request-URI Too Large</h1></center>
<hr><center>nginx/1.8.1</center>
</body>
</html>
 
07.02.17 07:35:07 Было произведено пакетное добавление ЛИДОВ: <html>
<head><title>414 Request-URI Too Large</title></head>
<body bgcolor="white">
<center><h1>414 Request-URI Too Large</h1></center>
<hr><center>nginx/1.8.1</center>
</body>
</html>
 
07.02.17 07:35:08 Было произведено пакетное добавление ЛИДОВ: <html>
<head><title>414 Request-URI Too Large</title></head>
<body bgcolor="white">
<center><h1>414 Request-URI Too Large</h1></center>
<hr><center>nginx/1.8.1</center>
</body>
</html>
 
07.02.17 07:35:09 Было произведено пакетное добавление ЛИДОВ: <html>
<head><title>414 Request-URI Too Large</title></head>
<body bgcolor="white">
<center><h1>414 Request-URI Too Large</h1></center>
<hr><center>nginx/1.8.1</center>
</body>
</html>
 
07.02.17 07:35:10 Было произведено пакетное добавление ЛИДОВ: <html>
<head><title>414 Request-URI Too Large</title></head>
<body bgcolor="white">
<center><h1>414 Request-URI Too Large</h1></center>
<hr><center>nginx/1.8.1</center>
</body>
</html>
 
07.02.17 07:35:11 Было произведено пакетное добавление ЛИДОВ: <html>
<head><title>414 Request-URI Too Large</title></head>
<body bgcolor="white">
<center><h1>414 Request-URI Too Large</h1></center>
<hr><center>nginx/1.8.1</center>
</body>
</html>
 
07.02.17 07:35:12 Было произведено пакетное добавление ЛИДОВ: <html>
<head><title>414 Request-URI Too Large</title></head>
<body bgcolor="white">
<center><h1>414 Request-URI Too Large</h1></center>
<hr><center>nginx/1.8.1</center>
</body>
</html>
 
07.02.17 07:35:13 Было произведено пакетное добавление ЛИДОВ: <html>
<head><title>414 Request-URI Too Large</title></head>
<body bgcolor="white">
<center><h1>414 Request-URI Too Large</h1></center>
<hr><center>nginx/1.8.1</center>
</body>
</html>
 
07.02.17 07:35:15 Было произведено пакетное добавление ЛИДОВ: <html>
<head><title>414 Request-URI Too Large</title></head>
<body bgcolor="white">
<center><h1>414 Request-URI Too Large</h1></center>
<hr><center>nginx/1.8.1</center>
</body>
</html>
 
07.02.17 07:37:21 Вызван метод: user.current 
07.02.17 07:37:21 Пользователь залогинился 
07.02.17 07:37:28 Было произведено пакетное добавление ЛИДОВ: {"result":{"result":[1830,1832],"result_error":[],"result_total":[],"result_next":[]}} 
07.02.17 07:37:28 Добавлен новый ЛИД, id: 1830 
07.02.17 07:37:28 Добавлен новый ЛИД, id: 1832 
07.02.17 07:55:46 Вызван метод: user.current 
07.02.17 07:55:48 Пользователь залогинился 
07.02.17 07:55:56 Было произведено пакетное добавление ЛИДОВ: <html>
<head><title>414 Request-URI Too Large</title></head>
<body bgcolor="white">
<center><h1>414 Request-URI Too Large</h1></center>
<hr><center>nginx/1.8.1</center>
</body>
</html>
 
07.02.17 07:55:57 Было произведено пакетное добавление ЛИДОВ: <html>
<head><title>414 Request-URI Too Large</title></head>
<body bgcolor="white">
<center><h1>414 Request-URI Too Large</h1></center>
<hr><center>nginx/1.8.1</center>
</body>
</html>
 
07.02.17 07:55:58 Было произведено пакетное добавление ЛИДОВ: <html>
<head><title>414 Request-URI Too Large</title></head>
<body bgcolor="white">
<center><h1>414 Request-URI Too Large</h1></center>
<hr><center>nginx/1.8.1</center>
</body>
</html>
 
07.02.17 07:55:59 Было произведено пакетное добавление ЛИДОВ: <html>
<head><title>414 Request-URI Too Large</title></head>
<body bgcolor="white">
<center><h1>414 Request-URI Too Large</h1></center>
<hr><center>nginx/1.8.1</center>
</body>
</html>
 
07.02.17 07:56:00 Было произведено пакетное добавление ЛИДОВ: <html>
<head><title>414 Request-URI Too Large</title></head>
<body bgcolor="white">
<center><h1>414 Request-URI Too Large</h1></center>
<hr><center>nginx/1.8.1</center>
</body>
</html>
 
07.02.17 07:56:01 Было произведено пакетное добавление ЛИДОВ: <html>
<head><title>414 Request-URI Too Large</title></head>
<body bgcolor="white">
<center><h1>414 Request-URI Too Large</h1></center>
<hr><center>nginx/1.8.1</center>
</body>
</html>
 
07.02.17 07:56:02 Было произведено пакетное добавление ЛИДОВ: <html>
<head><title>414 Request-URI Too Large</title></head>
<body bgcolor="white">
<center><h1>414 Request-URI Too Large</h1></center>
<hr><center>nginx/1.8.1</center>
</body>
</html>
 
07.02.17 07:56:04 Было произведено пакетное добавление ЛИДОВ: <html>
<head><title>414 Request-URI Too Large</title></head>
<body bgcolor="white">
<center><h1>414 Request-URI Too Large</h1></center>
<hr><center>nginx/1.8.1</center>
</body>
</html>
 
07.02.17 07:56:05 Было произведено пакетное добавление ЛИДОВ: <html>
<head><title>414 Request-URI Too Large</title></head>
<body bgcolor="white">
<center><h1>414 Request-URI Too Large</h1></center>
<hr><center>nginx/1.8.1</center>
</body>
</html>
 
07.02.17 07:56:06 Было произведено пакетное добавление ЛИДОВ: <html>
<head><title>414 Request-URI Too Large</title></head>
<body bgcolor="white">
<center><h1>414 Request-URI Too Large</h1></center>
<hr><center>nginx/1.8.1</center>
</body>
</html>
 
07.02.17 07:57:02 Вызван метод: user.current 
07.02.17 07:57:02 Пользователь залогинился 
07.02.17 07:57:27 Вызван метод: user.current 
07.02.17 07:57:27 Пользователь залогинился 
07.02.17 07:57:34 Вызван метод: user.current 
07.02.17 07:57:34 Пользователь залогинился 
07.02.17 08:02:28 Вызван метод: user.current 
07.02.17 08:02:28 Пользователь залогинился 
07.02.17 08:02:34 Вызван метод: user.current 
07.02.17 08:02:34 Пользователь залогинился 
07.02.17 08:02:42 Вызван метод: user.current 
07.02.17 08:02:42 Пользователь залогинился 
07.02.17 08:02:59 Вызван метод: user.current 
07.02.17 08:02:59 Пользователь залогинился 
07.02.17 08:03:12 Было произведено пакетное добавление ЛИДОВ: <html>
<head><title>414 Request-URI Too Large</title></head>
<body bgcolor="white">
<center><h1>414 Request-URI Too Large</h1></center>
<hr><center>nginx/1.8.1</center>
</body>
</html>
 
07.02.17 08:03:13 Было произведено пакетное добавление ЛИДОВ: <html>
<head><title>414 Request-URI Too Large</title></head>
<body bgcolor="white">
<center><h1>414 Request-URI Too Large</h1></center>
<hr><center>nginx/1.8.1</center>
</body>
</html>
 
07.02.17 08:03:14 Было произведено пакетное добавление ЛИДОВ: <html>
<head><title>414 Request-URI Too Large</title></head>
<body bgcolor="white">
<center><h1>414 Request-URI Too Large</h1></center>
<hr><center>nginx/1.8.1</center>
</body>
</html>
 
07.02.17 08:03:15 Было произведено пакетное добавление ЛИДОВ: <html>
<head><title>414 Request-URI Too Large</title></head>
<body bgcolor="white">
<center><h1>414 Request-URI Too Large</h1></center>
<hr><center>nginx/1.8.1</center>
</body>
</html>
 
07.02.17 08:03:16 Было произведено пакетное добавление ЛИДОВ: <html>
<head><title>414 Request-URI Too Large</title></head>
<body bgcolor="white">
<center><h1>414 Request-URI Too Large</h1></center>
<hr><center>nginx/1.8.1</center>
</body>
</html>
 
07.02.17 08:03:17 Было произведено пакетное добавление ЛИДОВ: <html>
<head><title>414 Request-URI Too Large</title></head>
<body bgcolor="white">
<center><h1>414 Request-URI Too Large</h1></center>
<hr><center>nginx/1.8.1</center>
</body>
</html>
 
07.02.17 08:03:18 Было произведено пакетное добавление ЛИДОВ: <html>
<head><title>414 Request-URI Too Large</title></head>
<body bgcolor="white">
<center><h1>414 Request-URI Too Large</h1></center>
<hr><center>nginx/1.8.1</center>
</body>
</html>
 
07.02.17 08:03:19 Было произведено пакетное добавление ЛИДОВ: <html>
<head><title>414 Request-URI Too Large</title></head>
<body bgcolor="white">
<center><h1>414 Request-URI Too Large</h1></center>
<hr><center>nginx/1.8.1</center>
</body>
</html>
 
07.02.17 08:03:20 Было произведено пакетное добавление ЛИДОВ: <html>
<head><title>414 Request-URI Too Large</title></head>
<body bgcolor="white">
<center><h1>414 Request-URI Too Large</h1></center>
<hr><center>nginx/1.8.1</center>
</body>
</html>
 
07.02.17 08:03:21 Было произведено пакетное добавление ЛИДОВ: <html>
<head><title>414 Request-URI Too Large</title></head>
<body bgcolor="white">
<center><h1>414 Request-URI Too Large</h1></center>
<hr><center>nginx/1.8.1</center>
</body>
</html>
 
07.02.17 08:06:27 Было произведено пакетное добавление ЛИДОВ: <html>
<head><title>414 Request-URI Too Large</title></head>
<body bgcolor="white">
<center><h1>414 Request-URI Too Large</h1></center>
<hr><center>nginx/1.8.1</center>
</body>
</html>
 
07.02.17 08:06:28 Было произведено пакетное добавление ЛИДОВ: <html>
<head><title>414 Request-URI Too Large</title></head>
<body bgcolor="white">
<center><h1>414 Request-URI Too Large</h1></center>
<hr><center>nginx/1.8.1</center>
</body>
</html>
 
07.02.17 08:06:29 Было произведено пакетное добавление ЛИДОВ: <html>
<head><title>414 Request-URI Too Large</title></head>
<body bgcolor="white">
<center><h1>414 Request-URI Too Large</h1></center>
<hr><center>nginx/1.8.1</center>
</body>
</html>
 
07.02.17 08:06:30 Было произведено пакетное добавление ЛИДОВ: <html>
<head><title>414 Request-URI Too Large</title></head>
<body bgcolor="white">
<center><h1>414 Request-URI Too Large</h1></center>
<hr><center>nginx/1.8.1</center>
</body>
</html>
 
07.02.17 08:06:31 Было произведено пакетное добавление ЛИДОВ: <html>
<head><title>414 Request-URI Too Large</title></head>
<body bgcolor="white">
<center><h1>414 Request-URI Too Large</h1></center>
<hr><center>nginx/1.8.1</center>
</body>
</html>
 
07.02.17 08:06:32 Было произведено пакетное добавление ЛИДОВ: <html>
<head><title>414 Request-URI Too Large</title></head>
<body bgcolor="white">
<center><h1>414 Request-URI Too Large</h1></center>
<hr><center>nginx/1.8.1</center>
</body>
</html>
 
07.02.17 08:06:33 Было произведено пакетное добавление ЛИДОВ: <html>
<head><title>414 Request-URI Too Large</title></head>
<body bgcolor="white">
<center><h1>414 Request-URI Too Large</h1></center>
<hr><center>nginx/1.8.1</center>
</body>
</html>
 
07.02.17 08:06:34 Было произведено пакетное добавление ЛИДОВ: <html>
<head><title>414 Request-URI Too Large</title></head>
<body bgcolor="white">
<center><h1>414 Request-URI Too Large</h1></center>
<hr><center>nginx/1.8.1</center>
</body>
</html>
 
07.02.17 08:06:35 Было произведено пакетное добавление ЛИДОВ: <html>
<head><title>414 Request-URI Too Large</title></head>
<body bgcolor="white">
<center><h1>414 Request-URI Too Large</h1></center>
<hr><center>nginx/1.8.1</center>
</body>
</html>
 
07.02.17 08:06:36 Было произведено пакетное добавление ЛИДОВ: <html>
<head><title>414 Request-URI Too Large</title></head>
<body bgcolor="white">
<center><h1>414 Request-URI Too Large</h1></center>
<hr><center>nginx/1.8.1</center>
</body>
</html>
 
07.02.17 08:12:39 Вызван метод: user.current 
07.02.17 08:12:39 Пользователь залогинился 
07.02.17 08:12:45 Было произведено пакетное добавление ЛИДОВ: <html>
<head><title>414 Request-URI Too Large</title></head>
<body bgcolor="white">
<center><h1>414 Request-URI Too Large</h1></center>
<hr><center>nginx/1.8.1</center>
</body>
</html>
 
07.02.17 08:12:46 Было произведено пакетное добавление ЛИДОВ: <html>
<head><title>414 Request-URI Too Large</title></head>
<body bgcolor="white">
<center><h1>414 Request-URI Too Large</h1></center>
<hr><center>nginx/1.8.1</center>
</body>
</html>
 
07.02.17 08:12:47 Было произведено пакетное добавление ЛИДОВ: <html>
<head><title>414 Request-URI Too Large</title></head>
<body bgcolor="white">
<center><h1>414 Request-URI Too Large</h1></center>
<hr><center>nginx/1.8.1</center>
</body>
</html>
 
07.02.17 08:12:48 Было произведено пакетное добавление ЛИДОВ: <html>
<head><title>414 Request-URI Too Large</title></head>
<body bgcolor="white">
<center><h1>414 Request-URI Too Large</h1></center>
<hr><center>nginx/1.8.1</center>
</body>
</html>
 
07.02.17 08:12:49 Было произведено пакетное добавление ЛИДОВ: <html>
<head><title>414 Request-URI Too Large</title></head>
<body bgcolor="white">
<center><h1>414 Request-URI Too Large</h1></center>
<hr><center>nginx/1.8.1</center>
</body>
</html>
 
07.02.17 08:12:50 Было произведено пакетное добавление ЛИДОВ: <html>
<head><title>414 Request-URI Too Large</title></head>
<body bgcolor="white">
<center><h1>414 Request-URI Too Large</h1></center>
<hr><center>nginx/1.8.1</center>
</body>
</html>
 
07.02.17 08:12:51 Было произведено пакетное добавление ЛИДОВ: <html>
<head><title>414 Request-URI Too Large</title></head>
<body bgcolor="white">
<center><h1>414 Request-URI Too Large</h1></center>
<hr><center>nginx/1.8.1</center>
</body>
</html>
 
07.02.17 08:12:52 Было произведено пакетное добавление ЛИДОВ: <html>
<head><title>414 Request-URI Too Large</title></head>
<body bgcolor="white">
<center><h1>414 Request-URI Too Large</h1></center>
<hr><center>nginx/1.8.1</center>
</body>
</html>
 
07.02.17 08:12:54 Было произведено пакетное добавление ЛИДОВ: <html>
<head><title>414 Request-URI Too Large</title></head>
<body bgcolor="white">
<center><h1>414 Request-URI Too Large</h1></center>
<hr><center>nginx/1.8.1</center>
</body>
</html>
 
07.02.17 08:12:55 Было произведено пакетное добавление ЛИДОВ: <html>
<head><title>414 Request-URI Too Large</title></head>
<body bgcolor="white">
<center><h1>414 Request-URI Too Large</h1></center>
<hr><center>nginx/1.8.1</center>
</body>
</html>
 
07.02.17 08:14:55 Вызван метод: user.current 
07.02.17 08:14:56 Пользователь залогинился 
07.02.17 08:18:46 Было произведено пакетное добавление ЛИДОВ: <html>
<head><title>414 Request-URI Too Large</title></head>
<body bgcolor="white">
<center><h1>414 Request-URI Too Large</h1></center>
<hr><center>nginx/1.8.1</center>
</body>
</html>
 
07.02.17 08:18:47 Было произведено пакетное добавление ЛИДОВ: <html>
<head><title>414 Request-URI Too Large</title></head>
<body bgcolor="white">
<center><h1>414 Request-URI Too Large</h1></center>
<hr><center>nginx/1.8.1</center>
</body>
</html>
 
07.02.17 08:18:48 Было произведено пакетное добавление ЛИДОВ: <html>
<head><title>414 Request-URI Too Large</title></head>
<body bgcolor="white">
<center><h1>414 Request-URI Too Large</h1></center>
<hr><center>nginx/1.8.1</center>
</body>
</html>
 
07.02.17 08:18:49 Было произведено пакетное добавление ЛИДОВ: <html>
<head><title>414 Request-URI Too Large</title></head>
<body bgcolor="white">
<center><h1>414 Request-URI Too Large</h1></center>
<hr><center>nginx/1.8.1</center>
</body>
</html>
 
07.02.17 08:18:50 Было произведено пакетное добавление ЛИДОВ: <html>
<head><title>414 Request-URI Too Large</title></head>
<body bgcolor="white">
<center><h1>414 Request-URI Too Large</h1></center>
<hr><center>nginx/1.8.1</center>
</body>
</html>
 
07.02.17 08:18:51 Было произведено пакетное добавление ЛИДОВ: <html>
<head><title>414 Request-URI Too Large</title></head>
<body bgcolor="white">
<center><h1>414 Request-URI Too Large</h1></center>
<hr><center>nginx/1.8.1</center>
</body>
</html>
 
07.02.17 08:18:52 Было произведено пакетное добавление ЛИДОВ: <html>
<head><title>414 Request-URI Too Large</title></head>
<body bgcolor="white">
<center><h1>414 Request-URI Too Large</h1></center>
<hr><center>nginx/1.8.1</center>
</body>
</html>
 
07.02.17 08:18:53 Было произведено пакетное добавление ЛИДОВ: <html>
<head><title>414 Request-URI Too Large</title></head>
<body bgcolor="white">
<center><h1>414 Request-URI Too Large</h1></center>
<hr><center>nginx/1.8.1</center>
</body>
</html>
 
07.02.17 08:18:54 Было произведено пакетное добавление ЛИДОВ: <html>
<head><title>414 Request-URI Too Large</title></head>
<body bgcolor="white">
<center><h1>414 Request-URI Too Large</h1></center>
<hr><center>nginx/1.8.1</center>
</body>
</html>
 
07.02.17 08:18:56 Было произведено пакетное добавление ЛИДОВ: <html>
<head><title>414 Request-URI Too Large</title></head>
<body bgcolor="white">
<center><h1>414 Request-URI Too Large</h1></center>
<hr><center>nginx/1.8.1</center>
</body>
</html>
 
07.02.17 08:20:36 Было произведено пакетное добавление ЛИДОВ: <html>
<head><title>414 Request-URI Too Large</title></head>
<body bgcolor="white">
<center><h1>414 Request-URI Too Large</h1></center>
<hr><center>nginx/1.8.1</center>
</body>
</html>
 
07.02.17 08:20:37 Было произведено пакетное добавление ЛИДОВ: <html>
<head><title>414 Request-URI Too Large</title></head>
<body bgcolor="white">
<center><h1>414 Request-URI Too Large</h1></center>
<hr><center>nginx/1.8.1</center>
</body>
</html>
 
07.02.17 08:20:38 Было произведено пакетное добавление ЛИДОВ: <html>
<head><title>414 Request-URI Too Large</title></head>
<body bgcolor="white">
<center><h1>414 Request-URI Too Large</h1></center>
<hr><center>nginx/1.8.1</center>
</body>
</html>
 
07.02.17 08:20:39 Было произведено пакетное добавление ЛИДОВ: <html>
<head><title>414 Request-URI Too Large</title></head>
<body bgcolor="white">
<center><h1>414 Request-URI Too Large</h1></center>
<hr><center>nginx/1.8.1</center>
</body>
</html>
 
07.02.17 08:20:40 Было произведено пакетное добавление ЛИДОВ: <html>
<head><title>414 Request-URI Too Large</title></head>
<body bgcolor="white">
<center><h1>414 Request-URI Too Large</h1></center>
<hr><center>nginx/1.8.1</center>
</body>
</html>
 
07.02.17 08:20:41 Было произведено пакетное добавление ЛИДОВ: <html>
<head><title>414 Request-URI Too Large</title></head>
<body bgcolor="white">
<center><h1>414 Request-URI Too Large</h1></center>
<hr><center>nginx/1.8.1</center>
</body>
</html>
 
07.02.17 08:20:42 Было произведено пакетное добавление ЛИДОВ: <html>
<head><title>414 Request-URI Too Large</title></head>
<body bgcolor="white">
<center><h1>414 Request-URI Too Large</h1></center>
<hr><center>nginx/1.8.1</center>
</body>
</html>
 
07.02.17 08:20:43 Было произведено пакетное добавление ЛИДОВ: <html>
<head><title>414 Request-URI Too Large</title></head>
<body bgcolor="white">
<center><h1>414 Request-URI Too Large</h1></center>
<hr><center>nginx/1.8.1</center>
</body>
</html>
 
07.02.17 08:20:44 Было произведено пакетное добавление ЛИДОВ: <html>
<head><title>414 Request-URI Too Large</title></head>
<body bgcolor="white">
<center><h1>414 Request-URI Too Large</h1></center>
<hr><center>nginx/1.8.1</center>
</body>
</html>
 
07.02.17 08:20:45 Было произведено пакетное добавление ЛИДОВ: <html>
<head><title>414 Request-URI Too Large</title></head>
<body bgcolor="white">
<center><h1>414 Request-URI Too Large</h1></center>
<hr><center>nginx/1.8.1</center>
</body>
</html>
 
07.02.17 08:22:44 Было произведено пакетное добавление ЛИДОВ: <html>
<head><title>414 Request-URI Too Large</title></head>
<body bgcolor="white">
<center><h1>414 Request-URI Too Large</h1></center>
<hr><center>nginx/1.8.1</center>
</body>
</html>
 
07.02.17 08:22:45 Было произведено пакетное добавление ЛИДОВ: <html>
<head><title>414 Request-URI Too Large</title></head>
<body bgcolor="white">
<center><h1>414 Request-URI Too Large</h1></center>
<hr><center>nginx/1.8.1</center>
</body>
</html>
 
07.02.17 08:22:46 Было произведено пакетное добавление ЛИДОВ: <html>
<head><title>414 Request-URI Too Large</title></head>
<body bgcolor="white">
<center><h1>414 Request-URI Too Large</h1></center>
<hr><center>nginx/1.8.1</center>
</body>
</html>
 
07.02.17 08:22:47 Было произведено пакетное добавление ЛИДОВ: <html>
<head><title>414 Request-URI Too Large</title></head>
<body bgcolor="white">
<center><h1>414 Request-URI Too Large</h1></center>
<hr><center>nginx/1.8.1</center>
</body>
</html>
 
07.02.17 08:22:48 Было произведено пакетное добавление ЛИДОВ: <html>
<head><title>414 Request-URI Too Large</title></head>
<body bgcolor="white">
<center><h1>414 Request-URI Too Large</h1></center>
<hr><center>nginx/1.8.1</center>
</body>
</html>
 
07.02.17 08:22:49 Было произведено пакетное добавление ЛИДОВ: <html>
<head><title>414 Request-URI Too Large</title></head>
<body bgcolor="white">
<center><h1>414 Request-URI Too Large</h1></center>
<hr><center>nginx/1.8.1</center>
</body>
</html>
 
07.02.17 08:22:51 Было произведено пакетное добавление ЛИДОВ: <html>
<head><title>414 Request-URI Too Large</title></head>
<body bgcolor="white">
<center><h1>414 Request-URI Too Large</h1></center>
<hr><center>nginx/1.8.1</center>
</body>
</html>
 
07.02.17 08:22:52 Было произведено пакетное добавление ЛИДОВ: <html>
<head><title>414 Request-URI Too Large</title></head>
<body bgcolor="white">
<center><h1>414 Request-URI Too Large</h1></center>
<hr><center>nginx/1.8.1</center>
</body>
</html>
 
07.02.17 08:22:53 Было произведено пакетное добавление ЛИДОВ: <html>
<head><title>414 Request-URI Too Large</title></head>
<body bgcolor="white">
<center><h1>414 Request-URI Too Large</h1></center>
<hr><center>nginx/1.8.1</center>
</body>
</html>
 
07.02.17 08:22:54 Было произведено пакетное добавление ЛИДОВ: <html>
<head><title>414 Request-URI Too Large</title></head>
<body bgcolor="white">
<center><h1>414 Request-URI Too Large</h1></center>
<hr><center>nginx/1.8.1</center>
</body>
</html>
 
07.02.17 08:23:52 Было произведено пакетное добавление ЛИДОВ: {"result":{"result":[1848,1850,1852,1854,1856,1858,1860,1862,1864,1866,1868,1870,1872,1874,1876,1878,1880,1882,1884,1886,1888,1890,1892,1894,1896,1898,1900,1902,1904,1906,1908,1910,1912,1914,1916,1918,1920,1922,1924,1926,1928,1930,1932,1934,1936,1938,1940,1942,1944,1946],"result_error":[],"result_total":[],"result_next":[]}} 
07.02.17 08:23:52 Добавлен новый ЛИД, id: 1848 
07.02.17 08:23:52 Добавлен новый ЛИД, id: 1850 
07.02.17 08:23:52 Добавлен новый ЛИД, id: 1852 
07.02.17 08:23:52 Добавлен новый ЛИД, id: 1854 
07.02.17 08:23:52 Добавлен новый ЛИД, id: 1856 
07.02.17 08:23:52 Добавлен новый ЛИД, id: 1858 
07.02.17 08:23:52 Добавлен новый ЛИД, id: 1860 
07.02.17 08:23:52 Добавлен новый ЛИД, id: 1862 
07.02.17 08:23:52 Добавлен новый ЛИД, id: 1864 
07.02.17 08:23:52 Добавлен новый ЛИД, id: 1866 
07.02.17 08:23:52 Добавлен новый ЛИД, id: 1868 
07.02.17 08:23:52 Добавлен новый ЛИД, id: 1870 
07.02.17 08:23:52 Добавлен новый ЛИД, id: 1872 
07.02.17 08:23:52 Добавлен новый ЛИД, id: 1874 
07.02.17 08:23:52 Добавлен новый ЛИД, id: 1876 
07.02.17 08:23:52 Добавлен новый ЛИД, id: 1878 
07.02.17 08:23:52 Добавлен новый ЛИД, id: 1880 
07.02.17 08:23:52 Добавлен новый ЛИД, id: 1882 
07.02.17 08:23:52 Добавлен новый ЛИД, id: 1884 
07.02.17 08:23:52 Добавлен новый ЛИД, id: 1886 
07.02.17 08:23:52 Добавлен новый ЛИД, id: 1888 
07.02.17 08:23:52 Добавлен новый ЛИД, id: 1890 
07.02.17 08:23:52 Добавлен новый ЛИД, id: 1892 
07.02.17 08:23:52 Добавлен новый ЛИД, id: 1894 
07.02.17 08:23:52 Добавлен новый ЛИД, id: 1896 
07.02.17 08:23:52 Добавлен новый ЛИД, id: 1898 
07.02.17 08:23:52 Добавлен новый ЛИД, id: 1900 
07.02.17 08:23:52 Добавлен новый ЛИД, id: 1902 
07.02.17 08:23:52 Добавлен новый ЛИД, id: 1904 
07.02.17 08:23:52 Добавлен новый ЛИД, id: 1906 
07.02.17 08:23:52 Добавлен новый ЛИД, id: 1908 
07.02.17 08:23:52 Добавлен новый ЛИД, id: 1910 
07.02.17 08:23:52 Добавлен новый ЛИД, id: 1912 
07.02.17 08:23:52 Добавлен новый ЛИД, id: 1914 
07.02.17 08:23:52 Добавлен новый ЛИД, id: 1916 
07.02.17 08:23:52 Добавлен новый ЛИД, id: 1918 
07.02.17 08:23:52 Добавлен новый ЛИД, id: 1920 
07.02.17 08:23:52 Добавлен новый ЛИД, id: 1922 
07.02.17 08:23:52 Добавлен новый ЛИД, id: 1924 
07.02.17 08:23:52 Добавлен новый ЛИД, id: 1926 
07.02.17 08:23:52 Добавлен новый ЛИД, id: 1928 
07.02.17 08:23:52 Добавлен новый ЛИД, id: 1930 
07.02.17 08:23:52 Добавлен новый ЛИД, id: 1932 
07.02.17 08:23:52 Добавлен новый ЛИД, id: 1934 
07.02.17 08:23:52 Добавлен новый ЛИД, id: 1936 
07.02.17 08:23:52 Добавлен новый ЛИД, id: 1938 
07.02.17 08:23:52 Добавлен новый ЛИД, id: 1940 
07.02.17 08:23:52 Добавлен новый ЛИД, id: 1942 
07.02.17 08:23:52 Добавлен новый ЛИД, id: 1944 
07.02.17 08:23:52 Добавлен новый ЛИД, id: 1946 
07.02.17 08:23:57 Было произведено пакетное добавление ЛИДОВ: {"result":{"result":{"50":1948,"51":1950,"52":1952,"53":1954,"54":1956,"55":1958,"56":1960,"57":1962,"58":1964,"59":1966,"60":1968,"61":1970,"62":1972,"63":1974,"64":1976,"65":1978,"66":1980,"67":1982,"68":1984,"69":1986,"70":1988,"71":1990,"72":1992,"73":1994,"74":1996,"75":1998,"76":2000,"77":2002,"78":2004,"79":2006,"80":2008,"81":2010,"82":2012,"83":2014,"84":2016,"85":2018,"86":2020,"87":2022,"88":2024,"89":2026,"90":2028,"91":2030,"92":2032,"93":2034,"94":2036,"95":2038,"96":2040,"97":2042,"98":2044,"99":2046},"result_error":[],"result_total":[],"result_next":[]}} 
07.02.17 08:23:57 Добавлен новый ЛИД, id:  
07.02.17 08:23:57 Добавлен новый ЛИД, id:  
07.02.17 08:23:57 Добавлен новый ЛИД, id:  
07.02.17 08:23:57 Добавлен новый ЛИД, id:  
07.02.17 08:23:57 Добавлен новый ЛИД, id:  
07.02.17 08:23:57 Добавлен новый ЛИД, id:  
07.02.17 08:23:57 Добавлен новый ЛИД, id:  
07.02.17 08:23:57 Добавлен новый ЛИД, id:  
07.02.17 08:23:57 Добавлен новый ЛИД, id:  
07.02.17 08:23:57 Добавлен новый ЛИД, id:  
07.02.17 08:23:57 Добавлен новый ЛИД, id:  
07.02.17 08:23:57 Добавлен новый ЛИД, id:  
07.02.17 08:23:57 Добавлен новый ЛИД, id:  
07.02.17 08:23:57 Добавлен новый ЛИД, id:  
07.02.17 08:23:57 Добавлен новый ЛИД, id:  
07.02.17 08:23:57 Добавлен новый ЛИД, id:  
07.02.17 08:23:57 Добавлен новый ЛИД, id:  
07.02.17 08:23:57 Добавлен новый ЛИД, id:  
07.02.17 08:23:57 Добавлен новый ЛИД, id:  
07.02.17 08:23:57 Добавлен новый ЛИД, id:  
07.02.17 08:23:57 Добавлен новый ЛИД, id:  
07.02.17 08:23:57 Добавлен новый ЛИД, id:  
07.02.17 08:23:57 Добавлен новый ЛИД, id:  
07.02.17 08:23:57 Добавлен новый ЛИД, id:  
07.02.17 08:23:57 Добавлен новый ЛИД, id:  
07.02.17 08:23:57 Добавлен новый ЛИД, id:  
07.02.17 08:23:57 Добавлен новый ЛИД, id:  
07.02.17 08:23:57 Добавлен новый ЛИД, id:  
07.02.17 08:23:57 Добавлен новый ЛИД, id:  
07.02.17 08:23:57 Добавлен новый ЛИД, id:  
07.02.17 08:23:57 Добавлен новый ЛИД, id:  
07.02.17 08:23:57 Добавлен новый ЛИД, id:  
07.02.17 08:23:57 Добавлен новый ЛИД, id:  
07.02.17 08:23:57 Добавлен новый ЛИД, id:  
07.02.17 08:23:57 Добавлен новый ЛИД, id:  
07.02.17 08:23:57 Добавлен новый ЛИД, id:  
07.02.17 08:23:57 Добавлен новый ЛИД, id:  
07.02.17 08:23:57 Добавлен новый ЛИД, id:  
07.02.17 08:23:57 Добавлен новый ЛИД, id:  
07.02.17 08:23:57 Добавлен новый ЛИД, id:  
07.02.17 08:23:57 Добавлен новый ЛИД, id:  
07.02.17 08:23:57 Добавлен новый ЛИД, id:  
07.02.17 08:23:57 Добавлен новый ЛИД, id:  
07.02.17 08:23:57 Добавлен новый ЛИД, id:  
07.02.17 08:23:57 Добавлен новый ЛИД, id:  
07.02.17 08:23:57 Добавлен новый ЛИД, id:  
07.02.17 08:23:57 Добавлен новый ЛИД, id:  
07.02.17 08:23:57 Добавлен новый ЛИД, id:  
07.02.17 08:23:57 Добавлен новый ЛИД, id:  
07.02.17 08:23:57 Добавлен новый ЛИД, id:  
07.02.17 08:24:02 Было произведено пакетное добавление ЛИДОВ: {"result":{"result":{"100":2048,"101":2050,"102":2052,"103":2054,"104":2056,"105":2058,"106":2060,"107":2062,"108":2064,"109":2066,"110":2068,"111":2070,"112":2072,"113":2074,"114":2076,"115":2078,"116":2080,"117":2082,"118":2084,"119":2086,"120":2088,"121":2090,"122":2092,"123":2094,"124":2096,"125":2098,"126":2100,"127":2102,"128":2104,"129":2106,"130":2108,"131":2110,"132":2112,"133":2114,"134":2116,"135":2118,"136":2120,"137":2122,"138":2124,"139":2126,"140":2128,"141":2130,"142":2132,"143":2134,"144":2136,"145":2138,"146":2140,"147":2142,"148":2144,"149":2146},"result_error":[],"result_total":[],"result_next":[]}} 
07.02.17 08:24:02 Добавлен новый ЛИД, id:  
07.02.17 08:24:02 Добавлен новый ЛИД, id:  
07.02.17 08:24:02 Добавлен новый ЛИД, id:  
07.02.17 08:24:02 Добавлен новый ЛИД, id:  
07.02.17 08:24:02 Добавлен новый ЛИД, id:  
07.02.17 08:24:02 Добавлен новый ЛИД, id:  
07.02.17 08:24:02 Добавлен новый ЛИД, id:  
07.02.17 08:24:02 Добавлен новый ЛИД, id:  
07.02.17 08:24:02 Добавлен новый ЛИД, id:  
07.02.17 08:24:02 Добавлен новый ЛИД, id:  
07.02.17 08:24:02 Добавлен новый ЛИД, id:  
07.02.17 08:24:02 Добавлен новый ЛИД, id:  
07.02.17 08:24:02 Добавлен новый ЛИД, id:  
07.02.17 08:24:02 Добавлен новый ЛИД, id:  
07.02.17 08:24:02 Добавлен новый ЛИД, id:  
07.02.17 08:24:02 Добавлен новый ЛИД, id:  
07.02.17 08:24:02 Добавлен новый ЛИД, id:  
07.02.17 08:24:02 Добавлен новый ЛИД, id:  
07.02.17 08:24:02 Добавлен новый ЛИД, id:  
07.02.17 08:24:02 Добавлен новый ЛИД, id:  
07.02.17 08:24:02 Добавлен новый ЛИД, id:  
07.02.17 08:24:02 Добавлен новый ЛИД, id:  
07.02.17 08:24:02 Добавлен новый ЛИД, id:  
07.02.17 08:24:02 Добавлен новый ЛИД, id:  
07.02.17 08:24:02 Добавлен новый ЛИД, id:  
07.02.17 08:24:02 Добавлен новый ЛИД, id:  
07.02.17 08:24:02 Добавлен новый ЛИД, id:  
07.02.17 08:24:02 Добавлен новый ЛИД, id:  
07.02.17 08:24:02 Добавлен новый ЛИД, id:  
07.02.17 08:24:02 Добавлен новый ЛИД, id:  
07.02.17 08:24:02 Добавлен новый ЛИД, id:  
07.02.17 08:24:02 Добавлен новый ЛИД, id:  
07.02.17 08:24:02 Добавлен новый ЛИД, id:  
07.02.17 08:24:02 Добавлен новый ЛИД, id:  
07.02.17 08:24:02 Добавлен новый ЛИД, id:  
07.02.17 08:24:02 Добавлен новый ЛИД, id:  
07.02.17 08:24:02 Добавлен новый ЛИД, id:  
07.02.17 08:24:02 Добавлен новый ЛИД, id:  
07.02.17 08:24:02 Добавлен новый ЛИД, id:  
07.02.17 08:24:02 Добавлен новый ЛИД, id:  
07.02.17 08:24:02 Добавлен новый ЛИД, id:  
07.02.17 08:24:02 Добавлен новый ЛИД, id:  
07.02.17 08:24:02 Добавлен новый ЛИД, id:  
07.02.17 08:24:02 Добавлен новый ЛИД, id:  
07.02.17 08:24:02 Добавлен новый ЛИД, id:  
07.02.17 08:24:02 Добавлен новый ЛИД, id:  
07.02.17 08:24:02 Добавлен новый ЛИД, id:  
07.02.17 08:24:02 Добавлен новый ЛИД, id:  
07.02.17 08:24:02 Добавлен новый ЛИД, id:  
07.02.17 08:24:02 Добавлен новый ЛИД, id:  
07.02.17 08:24:07 Было произведено пакетное добавление ЛИДОВ: {"result":{"result":{"150":2148,"151":2150,"152":2152,"153":2154,"154":2156,"155":2158,"156":2160,"157":2162,"158":2164,"159":2166,"160":2168,"161":2170,"162":2172,"163":2174,"164":2176,"165":2178,"166":2180,"167":2182,"168":2184,"169":2186,"170":2188,"171":2190,"172":2192,"173":2194,"174":2196,"175":2198,"176":2200,"177":2202,"178":2204,"179":2206,"180":2208,"181":2210,"182":2212,"183":2214,"184":2216,"185":2218,"186":2220,"187":2222,"188":2224,"189":2226,"190":2228,"191":2230,"192":2232,"193":2234,"194":2236,"195":2238,"196":2240,"197":2242,"198":2244,"199":2246},"result_error":[],"result_total":[],"result_next":[]}} 
07.02.17 08:24:07 Добавлен новый ЛИД, id:  
07.02.17 08:24:07 Добавлен новый ЛИД, id:  
07.02.17 08:24:07 Добавлен новый ЛИД, id:  
07.02.17 08:24:07 Добавлен новый ЛИД, id:  
07.02.17 08:24:07 Добавлен новый ЛИД, id:  
07.02.17 08:24:07 Добавлен новый ЛИД, id:  
07.02.17 08:24:07 Добавлен новый ЛИД, id:  
07.02.17 08:24:07 Добавлен новый ЛИД, id:  
07.02.17 08:24:07 Добавлен новый ЛИД, id:  
07.02.17 08:24:07 Добавлен новый ЛИД, id:  
07.02.17 08:24:07 Добавлен новый ЛИД, id:  
07.02.17 08:24:07 Добавлен новый ЛИД, id:  
07.02.17 08:24:07 Добавлен новый ЛИД, id:  
07.02.17 08:24:07 Добавлен новый ЛИД, id:  
07.02.17 08:24:07 Добавлен новый ЛИД, id:  
07.02.17 08:24:07 Добавлен новый ЛИД, id:  
07.02.17 08:24:07 Добавлен новый ЛИД, id:  
07.02.17 08:24:07 Добавлен новый ЛИД, id:  
07.02.17 08:24:07 Добавлен новый ЛИД, id:  
07.02.17 08:24:07 Добавлен новый ЛИД, id:  
07.02.17 08:24:07 Добавлен новый ЛИД, id:  
07.02.17 08:24:07 Добавлен новый ЛИД, id:  
07.02.17 08:24:07 Добавлен новый ЛИД, id:  
07.02.17 08:24:07 Добавлен новый ЛИД, id:  
07.02.17 08:24:07 Добавлен новый ЛИД, id:  
07.02.17 08:24:07 Добавлен новый ЛИД, id:  
07.02.17 08:24:07 Добавлен новый ЛИД, id:  
07.02.17 08:24:07 Добавлен новый ЛИД, id:  
07.02.17 08:24:07 Добавлен новый ЛИД, id:  
07.02.17 08:24:07 Добавлен новый ЛИД, id:  
07.02.17 08:24:07 Добавлен новый ЛИД, id:  
07.02.17 08:24:07 Добавлен новый ЛИД, id:  
07.02.17 08:24:07 Добавлен новый ЛИД, id:  
07.02.17 08:24:07 Добавлен новый ЛИД, id:  
07.02.17 08:24:07 Добавлен новый ЛИД, id:  
07.02.17 08:24:07 Добавлен новый ЛИД, id:  
07.02.17 08:24:07 Добавлен новый ЛИД, id:  
07.02.17 08:24:07 Добавлен новый ЛИД, id:  
07.02.17 08:24:07 Добавлен новый ЛИД, id:  
07.02.17 08:24:07 Добавлен новый ЛИД, id:  
07.02.17 08:24:07 Добавлен новый ЛИД, id:  
07.02.17 08:24:07 Добавлен новый ЛИД, id:  
07.02.17 08:24:07 Добавлен новый ЛИД, id:  
07.02.17 08:24:07 Добавлен новый ЛИД, id:  
07.02.17 08:24:07 Добавлен новый ЛИД, id:  
07.02.17 08:24:07 Добавлен новый ЛИД, id:  
07.02.17 08:24:07 Добавлен новый ЛИД, id:  
07.02.17 08:24:07 Добавлен новый ЛИД, id:  
07.02.17 08:24:07 Добавлен новый ЛИД, id:  
07.02.17 08:24:07 Добавлен новый ЛИД, id:  
07.02.17 08:24:11 Было произведено пакетное добавление ЛИДОВ: {"result":{"result":{"200":2248,"201":2250,"202":2252,"203":2254,"204":2256,"205":2258,"206":2260,"207":2262,"208":2264,"209":2266,"210":2268,"211":2270,"212":2272,"213":2274,"214":2276,"215":2278,"216":2280,"217":2282,"218":2284,"219":2286,"220":2288,"221":2290,"222":2292,"223":2294,"224":2296,"225":2298,"226":2300,"227":2302,"228":2304,"229":2306,"230":2308,"231":2310,"232":2312,"233":2314,"234":2316,"235":2318,"236":2320,"237":2322,"238":2324,"239":2326,"240":2328,"241":2330,"242":2332,"243":2334,"244":2336,"245":2338,"246":2340,"247":2342,"248":2344,"249":2346},"result_error":[],"result_total":[],"result_next":[]}} 
07.02.17 08:24:11 Добавлен новый ЛИД, id:  
07.02.17 08:24:11 Добавлен новый ЛИД, id:  
07.02.17 08:24:11 Добавлен новый ЛИД, id:  
07.02.17 08:24:11 Добавлен новый ЛИД, id:  
07.02.17 08:24:11 Добавлен новый ЛИД, id:  
07.02.17 08:24:11 Добавлен новый ЛИД, id:  
07.02.17 08:24:11 Добавлен новый ЛИД, id:  
07.02.17 08:24:11 Добавлен новый ЛИД, id:  
07.02.17 08:24:11 Добавлен новый ЛИД, id:  
07.02.17 08:24:11 Добавлен новый ЛИД, id:  
07.02.17 08:24:11 Добавлен новый ЛИД, id:  
07.02.17 08:24:11 Добавлен новый ЛИД, id:  
07.02.17 08:24:11 Добавлен новый ЛИД, id:  
07.02.17 08:24:11 Добавлен новый ЛИД, id:  
07.02.17 08:24:11 Добавлен новый ЛИД, id:  
07.02.17 08:24:11 Добавлен новый ЛИД, id:  
07.02.17 08:24:11 Добавлен новый ЛИД, id:  
07.02.17 08:24:11 Добавлен новый ЛИД, id:  
07.02.17 08:24:11 Добавлен новый ЛИД, id:  
07.02.17 08:24:11 Добавлен новый ЛИД, id:  
07.02.17 08:24:11 Добавлен новый ЛИД, id:  
07.02.17 08:24:11 Добавлен новый ЛИД, id:  
07.02.17 08:24:11 Добавлен новый ЛИД, id:  
07.02.17 08:24:11 Добавлен новый ЛИД, id:  
07.02.17 08:24:11 Добавлен новый ЛИД, id:  
07.02.17 08:24:11 Добавлен новый ЛИД, id:  
07.02.17 08:24:11 Добавлен новый ЛИД, id:  
07.02.17 08:24:11 Добавлен новый ЛИД, id:  
07.02.17 08:24:11 Добавлен новый ЛИД, id:  
07.02.17 08:24:11 Добавлен новый ЛИД, id:  
07.02.17 08:24:11 Добавлен новый ЛИД, id:  
07.02.17 08:24:11 Добавлен новый ЛИД, id:  
07.02.17 08:24:11 Добавлен новый ЛИД, id:  
07.02.17 08:24:11 Добавлен новый ЛИД, id:  
07.02.17 08:24:11 Добавлен новый ЛИД, id:  
07.02.17 08:24:11 Добавлен новый ЛИД, id:  
07.02.17 08:24:11 Добавлен новый ЛИД, id:  
07.02.17 08:24:11 Добавлен новый ЛИД, id:  
07.02.17 08:24:11 Добавлен новый ЛИД, id:  
07.02.17 08:24:11 Добавлен новый ЛИД, id:  
07.02.17 08:24:11 Добавлен новый ЛИД, id:  
07.02.17 08:24:11 Добавлен новый ЛИД, id:  
07.02.17 08:24:11 Добавлен новый ЛИД, id:  
07.02.17 08:24:11 Добавлен новый ЛИД, id:  
07.02.17 08:24:11 Добавлен новый ЛИД, id:  
07.02.17 08:24:11 Добавлен новый ЛИД, id:  
07.02.17 08:24:11 Добавлен новый ЛИД, id:  
07.02.17 08:24:11 Добавлен новый ЛИД, id:  
07.02.17 08:24:11 Добавлен новый ЛИД, id:  
07.02.17 08:24:11 Добавлен новый ЛИД, id:  
07.02.17 08:24:15 Было произведено пакетное добавление ЛИДОВ: {"result":{"result":{"250":2348,"251":2350,"252":2352,"253":2354,"254":2356,"255":2358,"256":2360,"257":2362,"258":2364,"259":2366,"260":2368,"261":2370,"262":2372,"263":2374,"264":2376,"265":2378,"266":2380,"267":2382,"268":2384,"269":2386,"270":2388,"271":2390,"272":2392,"273":2394,"274":2396,"275":2398,"276":2400,"277":2402,"278":2404,"279":2406,"280":2408,"281":2410,"282":2412,"283":2414,"284":2416,"285":2418,"286":2420,"287":2422,"288":2424,"289":2426,"290":2428,"291":2430,"292":2432,"293":2434,"294":2436,"295":2438,"296":2440,"297":2442,"298":2444,"299":2446},"result_error":[],"result_total":[],"result_next":[]}} 
07.02.17 08:24:15 Добавлен новый ЛИД, id:  
07.02.17 08:24:15 Добавлен новый ЛИД, id:  
07.02.17 08:24:15 Добавлен новый ЛИД, id:  
07.02.17 08:24:15 Добавлен новый ЛИД, id:  
07.02.17 08:24:15 Добавлен новый ЛИД, id:  
07.02.17 08:24:15 Добавлен новый ЛИД, id:  
07.02.17 08:24:15 Добавлен новый ЛИД, id:  
07.02.17 08:24:15 Добавлен новый ЛИД, id:  
07.02.17 08:24:15 Добавлен новый ЛИД, id:  
07.02.17 08:24:15 Добавлен новый ЛИД, id:  
07.02.17 08:24:15 Добавлен новый ЛИД, id:  
07.02.17 08:24:15 Добавлен новый ЛИД, id:  
07.02.17 08:24:15 Добавлен новый ЛИД, id:  
07.02.17 08:24:15 Добавлен новый ЛИД, id:  
07.02.17 08:24:15 Добавлен новый ЛИД, id:  
07.02.17 08:24:15 Добавлен новый ЛИД, id:  
07.02.17 08:24:15 Добавлен новый ЛИД, id:  
07.02.17 08:24:15 Добавлен новый ЛИД, id:  
07.02.17 08:24:15 Добавлен новый ЛИД, id:  
07.02.17 08:24:15 Добавлен новый ЛИД, id:  
07.02.17 08:24:15 Добавлен новый ЛИД, id:  
07.02.17 08:24:15 Добавлен новый ЛИД, id:  
07.02.17 08:24:15 Добавлен новый ЛИД, id:  
07.02.17 08:24:15 Добавлен новый ЛИД, id:  
07.02.17 08:24:15 Добавлен новый ЛИД, id:  
07.02.17 08:24:15 Добавлен новый ЛИД, id:  
07.02.17 08:24:15 Добавлен новый ЛИД, id:  
07.02.17 08:24:15 Добавлен новый ЛИД, id:  
07.02.17 08:24:15 Добавлен новый ЛИД, id:  
07.02.17 08:24:15 Добавлен новый ЛИД, id:  
07.02.17 08:24:15 Добавлен новый ЛИД, id:  
07.02.17 08:24:15 Добавлен новый ЛИД, id:  
07.02.17 08:24:15 Добавлен новый ЛИД, id:  
07.02.17 08:24:15 Добавлен новый ЛИД, id:  
07.02.17 08:24:15 Добавлен новый ЛИД, id:  
07.02.17 08:24:15 Добавлен новый ЛИД, id:  
07.02.17 08:24:15 Добавлен новый ЛИД, id:  
07.02.17 08:24:15 Добавлен новый ЛИД, id:  
07.02.17 08:24:15 Добавлен новый ЛИД, id:  
07.02.17 08:24:15 Добавлен новый ЛИД, id:  
07.02.17 08:24:15 Добавлен новый ЛИД, id:  
07.02.17 08:24:15 Добавлен новый ЛИД, id:  
07.02.17 08:24:15 Добавлен новый ЛИД, id:  
07.02.17 08:24:15 Добавлен новый ЛИД, id:  
07.02.17 08:24:15 Добавлен новый ЛИД, id:  
07.02.17 08:24:15 Добавлен новый ЛИД, id:  
07.02.17 08:24:15 Добавлен новый ЛИД, id:  
07.02.17 08:24:15 Добавлен новый ЛИД, id:  
07.02.17 08:24:15 Добавлен новый ЛИД, id:  
07.02.17 08:24:15 Добавлен новый ЛИД, id:  
07.02.17 08:24:20 Было произведено пакетное добавление ЛИДОВ: {"result":{"result":{"300":2448,"301":2450,"302":2452,"303":2454,"304":2456,"305":2458,"306":2460,"307":2462,"308":2464,"309":2466,"310":2468,"311":2470,"312":2472,"313":2474,"314":2476,"315":2478,"316":2480,"317":2482,"318":2484,"319":2486,"320":2488,"321":2490,"322":2492,"323":2494,"324":2496,"325":2498,"326":2500,"327":2502,"328":2504,"329":2506,"330":2508,"331":2510,"332":2512,"333":2514,"334":2516,"335":2518,"336":2520,"337":2522,"338":2524,"339":2526,"340":2528,"341":2530,"342":2532,"343":2534,"344":2536,"345":2538,"346":2540,"347":2542,"348":2544,"349":2546},"result_error":[],"result_total":[],"result_next":[]}} 
07.02.17 08:24:20 Добавлен новый ЛИД, id:  
07.02.17 08:24:20 Добавлен новый ЛИД, id:  
07.02.17 08:24:20 Добавлен новый ЛИД, id:  
07.02.17 08:24:20 Добавлен новый ЛИД, id:  
07.02.17 08:24:20 Добавлен новый ЛИД, id:  
07.02.17 08:24:20 Добавлен новый ЛИД, id:  
07.02.17 08:24:20 Добавлен новый ЛИД, id:  
07.02.17 08:24:20 Добавлен новый ЛИД, id:  
07.02.17 08:24:20 Добавлен новый ЛИД, id:  
07.02.17 08:24:20 Добавлен новый ЛИД, id:  
07.02.17 08:24:20 Добавлен новый ЛИД, id:  
07.02.17 08:24:20 Добавлен новый ЛИД, id:  
07.02.17 08:24:20 Добавлен новый ЛИД, id:  
07.02.17 08:24:20 Добавлен новый ЛИД, id:  
07.02.17 08:24:20 Добавлен новый ЛИД, id:  
07.02.17 08:24:20 Добавлен новый ЛИД, id:  
07.02.17 08:24:20 Добавлен новый ЛИД, id:  
07.02.17 08:24:20 Добавлен новый ЛИД, id:  
07.02.17 08:24:20 Добавлен новый ЛИД, id:  
07.02.17 08:24:20 Добавлен новый ЛИД, id:  
07.02.17 08:24:20 Добавлен новый ЛИД, id:  
07.02.17 08:24:20 Добавлен новый ЛИД, id:  
07.02.17 08:24:20 Добавлен новый ЛИД, id:  
07.02.17 08:24:20 Добавлен новый ЛИД, id:  
07.02.17 08:24:20 Добавлен новый ЛИД, id:  
07.02.17 08:24:20 Добавлен новый ЛИД, id:  
07.02.17 08:24:20 Добавлен новый ЛИД, id:  
07.02.17 08:24:20 Добавлен новый ЛИД, id:  
07.02.17 08:24:20 Добавлен новый ЛИД, id:  
07.02.17 08:24:20 Добавлен новый ЛИД, id:  
07.02.17 08:24:20 Добавлен новый ЛИД, id:  
07.02.17 08:24:20 Добавлен новый ЛИД, id:  
07.02.17 08:24:20 Добавлен новый ЛИД, id:  
07.02.17 08:24:20 Добавлен новый ЛИД, id:  
07.02.17 08:24:20 Добавлен новый ЛИД, id:  
07.02.17 08:24:20 Добавлен новый ЛИД, id:  
07.02.17 08:24:20 Добавлен новый ЛИД, id:  
07.02.17 08:24:20 Добавлен новый ЛИД, id:  
07.02.17 08:24:20 Добавлен новый ЛИД, id:  
07.02.17 08:24:20 Добавлен новый ЛИД, id:  
07.02.17 08:24:20 Добавлен новый ЛИД, id:  
07.02.17 08:24:20 Добавлен новый ЛИД, id:  
07.02.17 08:24:20 Добавлен новый ЛИД, id:  
07.02.17 08:24:20 Добавлен новый ЛИД, id:  
07.02.17 08:24:20 Добавлен новый ЛИД, id:  
07.02.17 08:24:20 Добавлен новый ЛИД, id:  
07.02.17 08:24:20 Добавлен новый ЛИД, id:  
07.02.17 08:24:20 Добавлен новый ЛИД, id:  
07.02.17 08:24:20 Добавлен новый ЛИД, id:  
07.02.17 08:24:20 Добавлен новый ЛИД, id:  
07.02.17 08:24:25 Было произведено пакетное добавление ЛИДОВ: {"result":{"result":{"350":2548,"351":2550,"352":2552,"353":2554,"354":2556,"355":2558,"356":2560,"357":2562,"358":2564,"359":2566,"360":2568,"361":2570,"362":2572,"363":2574,"364":2576,"365":2578,"366":2580,"367":2582,"368":2584,"369":2586,"370":2588,"371":2590,"372":2592,"373":2594,"374":2596,"375":2598,"376":2600,"377":2602,"378":2604,"379":2606,"380":2608,"381":2610,"382":2612,"383":2614,"384":2616,"385":2618,"386":2620,"387":2622,"388":2624,"389":2626,"390":2628,"391":2630,"392":2632,"393":2634,"394":2636,"395":2638,"396":2640,"397":2642,"398":2644,"399":2646},"result_error":[],"result_total":[],"result_next":[]}} 
07.02.17 08:24:25 Добавлен новый ЛИД, id:  
07.02.17 08:24:25 Добавлен новый ЛИД, id:  
07.02.17 08:24:25 Добавлен новый ЛИД, id:  
07.02.17 08:24:25 Добавлен новый ЛИД, id:  
07.02.17 08:24:25 Добавлен новый ЛИД, id:  
07.02.17 08:24:25 Добавлен новый ЛИД, id:  
07.02.17 08:24:25 Добавлен новый ЛИД, id:  
07.02.17 08:24:25 Добавлен новый ЛИД, id:  
07.02.17 08:24:25 Добавлен новый ЛИД, id:  
07.02.17 08:24:25 Добавлен новый ЛИД, id:  
07.02.17 08:24:25 Добавлен новый ЛИД, id:  
07.02.17 08:24:25 Добавлен новый ЛИД, id:  
07.02.17 08:24:25 Добавлен новый ЛИД, id:  
07.02.17 08:24:25 Добавлен новый ЛИД, id:  
07.02.17 08:24:25 Добавлен новый ЛИД, id:  
07.02.17 08:24:25 Добавлен новый ЛИД, id:  
07.02.17 08:24:25 Добавлен новый ЛИД, id:  
07.02.17 08:24:25 Добавлен новый ЛИД, id:  
07.02.17 08:24:25 Добавлен новый ЛИД, id:  
07.02.17 08:24:25 Добавлен новый ЛИД, id:  
07.02.17 08:24:25 Добавлен новый ЛИД, id:  
07.02.17 08:24:25 Добавлен новый ЛИД, id:  
07.02.17 08:24:25 Добавлен новый ЛИД, id:  
07.02.17 08:24:25 Добавлен новый ЛИД, id:  
07.02.17 08:24:25 Добавлен новый ЛИД, id:  
07.02.17 08:24:25 Добавлен новый ЛИД, id:  
07.02.17 08:24:25 Добавлен новый ЛИД, id:  
07.02.17 08:24:25 Добавлен новый ЛИД, id:  
07.02.17 08:24:25 Добавлен новый ЛИД, id:  
07.02.17 08:24:25 Добавлен новый ЛИД, id:  
07.02.17 08:24:25 Добавлен новый ЛИД, id:  
07.02.17 08:24:25 Добавлен новый ЛИД, id:  
07.02.17 08:24:25 Добавлен новый ЛИД, id:  
07.02.17 08:24:25 Добавлен новый ЛИД, id:  
07.02.17 08:24:25 Добавлен новый ЛИД, id:  
07.02.17 08:24:25 Добавлен новый ЛИД, id:  
07.02.17 08:24:25 Добавлен новый ЛИД, id:  
07.02.17 08:24:25 Добавлен новый ЛИД, id:  
07.02.17 08:24:25 Добавлен новый ЛИД, id:  
07.02.17 08:24:25 Добавлен новый ЛИД, id:  
07.02.17 08:24:25 Добавлен новый ЛИД, id:  
07.02.17 08:24:25 Добавлен новый ЛИД, id:  
07.02.17 08:24:25 Добавлен новый ЛИД, id:  
07.02.17 08:24:25 Добавлен новый ЛИД, id:  
07.02.17 08:24:25 Добавлен новый ЛИД, id:  
07.02.17 08:24:25 Добавлен новый ЛИД, id:  
07.02.17 08:24:25 Добавлен новый ЛИД, id:  
07.02.17 08:24:25 Добавлен новый ЛИД, id:  
07.02.17 08:24:25 Добавлен новый ЛИД, id:  
07.02.17 08:24:25 Добавлен новый ЛИД, id:  
07.02.17 08:24:30 Было произведено пакетное добавление ЛИДОВ: {"result":{"result":{"400":2648,"401":2650,"402":2652,"403":2654,"404":2656,"405":2658,"406":2660,"407":2662,"408":2664,"409":2666,"410":2668,"411":2670,"412":2672,"413":2674,"414":2676,"415":2678,"416":2680,"417":2682,"418":2684,"419":2686,"420":2688,"421":2690,"422":2692,"423":2694,"424":2696,"425":2698,"426":2700,"427":2702,"428":2704,"429":2706,"430":2708,"431":2710,"432":2712,"433":2714,"434":2716,"435":2718,"436":2720,"437":2722,"438":2724,"439":2726,"440":2728,"441":2730,"442":2732,"443":2734,"444":2736,"445":2738,"446":2740,"447":2742,"448":2744,"449":2746},"result_error":[],"result_total":[],"result_next":[]}} 
07.02.17 08:24:30 Добавлен новый ЛИД, id:  
07.02.17 08:24:30 Добавлен новый ЛИД, id:  
07.02.17 08:24:30 Добавлен новый ЛИД, id:  
07.02.17 08:24:30 Добавлен новый ЛИД, id:  
07.02.17 08:24:30 Добавлен новый ЛИД, id:  
07.02.17 08:24:30 Добавлен новый ЛИД, id:  
07.02.17 08:24:30 Добавлен новый ЛИД, id:  
07.02.17 08:24:30 Добавлен новый ЛИД, id:  
07.02.17 08:24:30 Добавлен новый ЛИД, id:  
07.02.17 08:24:30 Добавлен новый ЛИД, id:  
07.02.17 08:24:30 Добавлен новый ЛИД, id:  
07.02.17 08:24:30 Добавлен новый ЛИД, id:  
07.02.17 08:24:30 Добавлен новый ЛИД, id:  
07.02.17 08:24:30 Добавлен новый ЛИД, id:  
07.02.17 08:24:30 Добавлен новый ЛИД, id:  
07.02.17 08:24:30 Добавлен новый ЛИД, id:  
07.02.17 08:24:30 Добавлен новый ЛИД, id:  
07.02.17 08:24:30 Добавлен новый ЛИД, id:  
07.02.17 08:24:30 Добавлен новый ЛИД, id:  
07.02.17 08:24:30 Добавлен новый ЛИД, id:  
07.02.17 08:24:30 Добавлен новый ЛИД, id:  
07.02.17 08:24:30 Добавлен новый ЛИД, id:  
07.02.17 08:24:30 Добавлен новый ЛИД, id:  
07.02.17 08:24:30 Добавлен новый ЛИД, id:  
07.02.17 08:24:30 Добавлен новый ЛИД, id:  
07.02.17 08:24:30 Добавлен новый ЛИД, id:  
07.02.17 08:24:30 Добавлен новый ЛИД, id:  
07.02.17 08:24:30 Добавлен новый ЛИД, id:  
07.02.17 08:24:30 Добавлен новый ЛИД, id:  
07.02.17 08:24:30 Добавлен новый ЛИД, id:  
07.02.17 08:24:30 Добавлен новый ЛИД, id:  
07.02.17 08:24:30 Добавлен новый ЛИД, id:  
07.02.17 08:24:30 Добавлен новый ЛИД, id:  
07.02.17 08:24:30 Добавлен новый ЛИД, id:  
07.02.17 08:24:30 Добавлен новый ЛИД, id:  
07.02.17 08:24:30 Добавлен новый ЛИД, id:  
07.02.17 08:24:30 Добавлен новый ЛИД, id:  
07.02.17 08:24:30 Добавлен новый ЛИД, id:  
07.02.17 08:24:30 Добавлен новый ЛИД, id:  
07.02.17 08:24:30 Добавлен новый ЛИД, id:  
07.02.17 08:24:30 Добавлен новый ЛИД, id:  
07.02.17 08:24:30 Добавлен новый ЛИД, id:  
07.02.17 08:24:30 Добавлен новый ЛИД, id:  
07.02.17 08:24:30 Добавлен новый ЛИД, id:  
07.02.17 08:24:30 Добавлен новый ЛИД, id:  
07.02.17 08:24:30 Добавлен новый ЛИД, id:  
07.02.17 08:24:30 Добавлен новый ЛИД, id:  
07.02.17 08:24:30 Добавлен новый ЛИД, id:  
07.02.17 08:24:30 Добавлен новый ЛИД, id:  
07.02.17 08:24:30 Добавлен новый ЛИД, id:  
07.02.17 08:24:34 Было произведено пакетное добавление ЛИДОВ: {"result":{"result":{"450":2748,"451":2750,"452":2752,"453":2754,"454":2756,"455":2758,"456":2760,"457":2762,"458":2764,"459":2766,"460":2768,"461":2770,"462":2772,"463":2774,"464":2776,"465":2778,"466":2780,"467":2782,"468":2784,"469":2786,"470":2788,"471":2790,"472":2792,"473":2794,"474":2796,"475":2798,"476":2800,"477":2802,"478":2804,"479":2806,"480":2808,"481":2810,"482":2812,"483":2814,"484":2816,"485":2818,"486":2820,"487":2822,"488":2824,"489":2826,"490":2828,"491":2830,"492":2832,"493":2834,"494":2836,"495":2838,"496":2840,"497":2842,"498":2844,"499":2846},"result_error":[],"result_total":[],"result_next":[]}} 
07.02.17 08:24:34 Добавлен новый ЛИД, id:  
07.02.17 08:24:34 Добавлен новый ЛИД, id:  
07.02.17 08:24:34 Добавлен новый ЛИД, id:  
07.02.17 08:24:34 Добавлен новый ЛИД, id:  
07.02.17 08:24:34 Добавлен новый ЛИД, id:  
07.02.17 08:24:34 Добавлен новый ЛИД, id:  
07.02.17 08:24:34 Добавлен новый ЛИД, id:  
07.02.17 08:24:34 Добавлен новый ЛИД, id:  
07.02.17 08:24:34 Добавлен новый ЛИД, id:  
07.02.17 08:24:34 Добавлен новый ЛИД, id:  
07.02.17 08:24:34 Добавлен новый ЛИД, id:  
07.02.17 08:24:34 Добавлен новый ЛИД, id:  
07.02.17 08:24:34 Добавлен новый ЛИД, id:  
07.02.17 08:24:34 Добавлен новый ЛИД, id:  
07.02.17 08:24:34 Добавлен новый ЛИД, id:  
07.02.17 08:24:34 Добавлен новый ЛИД, id:  
07.02.17 08:24:34 Добавлен новый ЛИД, id:  
07.02.17 08:24:34 Добавлен новый ЛИД, id:  
07.02.17 08:24:34 Добавлен новый ЛИД, id:  
07.02.17 08:24:34 Добавлен новый ЛИД, id:  
07.02.17 08:24:34 Добавлен новый ЛИД, id:  
07.02.17 08:24:34 Добавлен новый ЛИД, id:  
07.02.17 08:24:34 Добавлен новый ЛИД, id:  
07.02.17 08:24:34 Добавлен новый ЛИД, id:  
07.02.17 08:24:34 Добавлен новый ЛИД, id:  
07.02.17 08:24:34 Добавлен новый ЛИД, id:  
07.02.17 08:24:34 Добавлен новый ЛИД, id:  
07.02.17 08:24:34 Добавлен новый ЛИД, id:  
07.02.17 08:24:34 Добавлен новый ЛИД, id:  
07.02.17 08:24:34 Добавлен новый ЛИД, id:  
07.02.17 08:24:34 Добавлен новый ЛИД, id:  
07.02.17 08:24:34 Добавлен новый ЛИД, id:  
07.02.17 08:24:34 Добавлен новый ЛИД, id:  
07.02.17 08:24:34 Добавлен новый ЛИД, id:  
07.02.17 08:24:34 Добавлен новый ЛИД, id:  
07.02.17 08:24:34 Добавлен новый ЛИД, id:  
07.02.17 08:24:34 Добавлен новый ЛИД, id:  
07.02.17 08:24:34 Добавлен новый ЛИД, id:  
07.02.17 08:24:34 Добавлен новый ЛИД, id:  
07.02.17 08:24:34 Добавлен новый ЛИД, id:  
07.02.17 08:24:34 Добавлен новый ЛИД, id:  
07.02.17 08:24:34 Добавлен новый ЛИД, id:  
07.02.17 08:24:34 Добавлен новый ЛИД, id:  
07.02.17 08:24:34 Добавлен новый ЛИД, id:  
07.02.17 08:24:34 Добавлен новый ЛИД, id:  
07.02.17 08:24:34 Добавлен новый ЛИД, id:  
07.02.17 08:24:34 Добавлен новый ЛИД, id:  
07.02.17 08:24:34 Добавлен новый ЛИД, id:  
07.02.17 08:24:34 Добавлен новый ЛИД, id:  
07.02.17 08:24:34 Добавлен новый ЛИД, id:  
07.02.17 08:27:29 Вызван метод: user.current 
07.02.17 08:27:29 Пользователь залогинился 
07.02.17 08:28:21 Было произведено пакетное добавление ЛИДОВ: {"result":{"result":[2848,2850],"result_error":[],"result_total":[],"result_next":[]}} 
07.02.17 08:28:21 Добавлен новый ЛИД, id: 2848 
07.02.17 08:28:21 Добавлен новый ЛИД, id: 2850 
07.02.17 08:29:35 Вызван метод: user.current 
07.02.17 08:29:36 Пользователь залогинился 
07.02.17 08:29:43 Было произведено пакетное добавление ЛИДОВ: {"result":{"result":[2852],"result_error":[],"result_total":[],"result_next":[]}} 
07.02.17 08:29:43 Добавлен новый ЛИД, id: 2852 
07.02.17 20:33:40 Было произведено пакетное добавление ЛИДОВ: {"result":{"result":[2854,2856],"result_error":[],"result_total":[],"result_next":[]}} 
07.02.17 20:33:40 Добавлен новый ЛИД, id: 2854 
07.02.17 20:33:40 Добавлен новый ЛИД, id: 2856 
