08.02.17 04:31:11 Вызван метод: user.current 
08.02.17 04:31:11 Пользователь залогинился 
08.02.17 13:17:19 Вызван метод: user.current 
08.02.17 13:17:19 Пользователь залогинился 
08.02.17 13:17:58 Было произведено пакетное добавление ЛИДОВ: {"result":{"result":[2922,2924],"result_error":[],"result_total":[],"result_next":[]}} 
08.02.17 13:17:58 Добавлен новый ЛИД, id: 2922 
08.02.17 13:17:58 Добавлен новый ЛИД, id: 2924 
08.02.17 13:32:21 Вызван метод: user.current 
08.02.17 13:32:21 Пользователь залогинился 
08.02.17 13:32:46 Было произведено пакетное добавление ЛИДОВ: {"result":{"result":[2930,2932],"result_error":[],"result_total":[],"result_next":[]}} 
08.02.17 13:32:46 Добавлен новый ЛИД, id: 2930 
08.02.17 13:32:46 Добавлен новый ЛИД, id: 2932 
08.02.17 13:40:21 Было произведено пакетное добавление ЛИДОВ: {"result":{"result":[2934,2936],"result_error":[],"result_total":[],"result_next":[]}} 
08.02.17 13:40:21 Добавлен новый ЛИД, id: 2934 
08.02.17 13:40:21 Добавлен новый ЛИД, id: 2936 
08.02.17 13:41:06 Было произведено пакетное добавление ЛИДОВ: {"result":{"result":[2938,2940],"result_error":[],"result_total":[],"result_next":[]}} 
08.02.17 13:41:06 Добавлен новый ЛИД, id: 2938 
08.02.17 13:41:06 Добавлен новый ЛИД, id: 2940 
08.02.17 13:43:39 Было произведено пакетное добавление ЛИДОВ: {"result":{"result":[2942,2944],"result_error":[],"result_total":[],"result_next":[]}} 
08.02.17 13:43:39 Добавлен новый ЛИД, id: 2942 
08.02.17 13:43:39 Добавлен новый ЛИД, id: 2944 
08.02.17 13:44:44 Было произведено пакетное добавление ЛИДОВ: {"result":{"result":[2946,2948],"result_error":[],"result_total":[],"result_next":[]}} 
08.02.17 13:44:44 Добавлен новый ЛИД, id: 2946 
08.02.17 13:44:44 Добавлен новый ЛИД, id: 2948 
08.02.17 13:45:31 Было произведено пакетное добавление ЛИДОВ: {"result":{"result":[2950,2952],"result_error":[],"result_total":[],"result_next":[]}} 
08.02.17 13:45:31 Добавлен новый ЛИД, id: 2950 
08.02.17 13:45:31 Добавлен новый ЛИД, id: 2952 
08.02.17 13:46:47 Было произведено пакетное добавление ЛИДОВ: {"result":{"result":[2954,2956],"result_error":[],"result_total":[],"result_next":[]}} 
08.02.17 13:46:47 Добавлен новый ЛИД, id: 2954 
08.02.17 13:46:47 Добавлен новый ЛИД, id: 2956 
08.02.17 13:47:31 Было произведено пакетное добавление ЛИДОВ: {"result":{"result":[2958,2960],"result_error":[],"result_total":[],"result_next":[]}} 
08.02.17 13:47:31 Добавлен новый ЛИД, id: 2958 
08.02.17 13:47:31 Добавлен новый ЛИД, id: 2960 
08.02.17 13:48:07 Было произведено пакетное добавление ЛИДОВ: {"result":{"result":[2962,2964],"result_error":[],"result_total":[],"result_next":[]}} 
08.02.17 13:48:07 Добавлен новый ЛИД, id: 2962 
08.02.17 13:48:07 Добавлен новый ЛИД, id: 2964 
08.02.17 13:48:47 Было произведено пакетное добавление ЛИДОВ: {"result":{"result":[2966,2968],"result_error":[],"result_total":[],"result_next":[]}} 
08.02.17 13:48:47 Добавлен новый ЛИД, id: 2966 
08.02.17 13:48:47 Добавлен новый ЛИД, id: 2968 
08.02.17 13:51:48 Было произведено пакетное добавление ЛИДОВ: {"result":{"result":[2970,2972],"result_error":[],"result_total":[],"result_next":[]}} 
08.02.17 13:51:48 Добавлен новый ЛИД, id: 2970 
08.02.17 13:51:48 Добавлен новый ЛИД, id: 2972 
08.02.17 13:52:16 Было произведено пакетное добавление ЛИДОВ: {"result":{"result":[2974,2976],"result_error":[],"result_total":[],"result_next":[]}} 
08.02.17 13:52:16 Добавлен новый ЛИД, id: 2974 
08.02.17 13:52:16 Добавлен новый ЛИД, id: 2976 
08.02.17 13:53:13 Было произведено пакетное добавление ЛИДОВ: {"result":{"result":[2978],"result_error":[],"result_total":[],"result_next":[]}} 
08.02.17 13:53:13 Добавлен новый ЛИД, id: 2978 
08.02.17 13:53:41 Было произведено пакетное добавление ЛИДОВ: {"result":{"result":[2980],"result_error":[],"result_total":[],"result_next":[]}} 
08.02.17 13:53:41 Добавлен новый ЛИД, id: 2980 
08.02.17 13:53:56 Было произведено пакетное добавление ЛИДОВ: {"result":{"result":[2982],"result_error":[],"result_total":[],"result_next":[]}} 
08.02.17 13:53:56 Добавлен новый ЛИД, id: 2982 
08.02.17 13:54:11 Было произведено пакетное добавление ЛИДОВ: {"result":{"result":[2984],"result_error":[],"result_total":[],"result_next":[]}} 
08.02.17 13:54:11 Добавлен новый ЛИД, id: 2984 
08.02.17 13:55:15 Было произведено пакетное добавление ЛИДОВ: {"result":{"result":[2986],"result_error":[],"result_total":[],"result_next":[]}} 
08.02.17 13:55:15 Добавлен новый ЛИД, id: 2986 
08.02.17 13:55:28 Было произведено пакетное добавление ЛИДОВ: {"result":{"result":[2988,2990],"result_error":[],"result_total":[],"result_next":[]}} 
08.02.17 13:55:28 Добавлен новый ЛИД, id: 2988 
08.02.17 13:55:28 Добавлен новый ЛИД, id: 2990 
08.02.17 13:56:01 Было произведено пакетное добавление ЛИДОВ: {"result":{"result":[2992,2994],"result_error":[],"result_total":[],"result_next":[]}} 
08.02.17 13:56:01 Добавлен новый ЛИД, id: 2992 
08.02.17 13:56:01 Добавлен новый ЛИД, id: 2994 
08.02.17 13:56:11 Было произведено пакетное добавление ЛИДОВ: {"result":{"result":[2996],"result_error":[],"result_total":[],"result_next":[]}} 
08.02.17 13:56:11 Добавлен новый ЛИД, id: 2996 
08.02.17 13:57:14 Было произведено пакетное добавление ЛИДОВ: {"result":{"result":[2998,3000],"result_error":[],"result_total":[],"result_next":[]}} 
08.02.17 13:57:14 Добавлен новый ЛИД, id: 2998 
08.02.17 13:57:14 Добавлен новый ЛИД, id: 3000 
08.02.17 13:59:14 Было произведено пакетное добавление ЛИДОВ: {"result":{"result":[3002,3004],"result_error":[],"result_total":[],"result_next":[]}} 
08.02.17 13:59:14 Добавлен новый ЛИД, id: 3002 
08.02.17 13:59:14 Добавлен новый ЛИД, id: 3004 
08.02.17 13:59:42 Было произведено пакетное добавление ЛИДОВ: {"result":{"result":[3006,3008],"result_error":[],"result_total":[],"result_next":[]}} 
08.02.17 13:59:42 Добавлен новый ЛИД, id: 3006 
08.02.17 13:59:42 Добавлен новый ЛИД, id: 3008 
08.02.17 14:01:47 Было произведено пакетное добавление ЛИДОВ: {"result":{"result":[3010,3012],"result_error":[],"result_total":[],"result_next":[]}} 
08.02.17 14:01:47 Добавлен новый ЛИД, id: 3010 
08.02.17 14:01:47 Добавлен новый ЛИД, id: 3012 
08.02.17 14:02:13 Было произведено пакетное добавление ЛИДОВ: {"result":{"result":[3014,3016],"result_error":[],"result_total":[],"result_next":[]}} 
08.02.17 14:02:13 Добавлен новый ЛИД, id: 3014 
08.02.17 14:02:13 Добавлен новый ЛИД, id: 3016 
08.02.17 14:02:24 Было произведено пакетное добавление ЛИДОВ: {"result":{"result":[3018,3020],"result_error":[],"result_total":[],"result_next":[]}} 
08.02.17 14:02:24 Добавлен новый ЛИД, id: 3018 
08.02.17 14:02:24 Добавлен новый ЛИД, id: 3020 
08.02.17 14:02:33 Было произведено пакетное добавление ЛИДОВ: {"result":{"result":[3022,3024],"result_error":[],"result_total":[],"result_next":[]}} 
08.02.17 14:02:33 Добавлен новый ЛИД, id: 3022 
08.02.17 14:02:33 Добавлен новый ЛИД, id: 3024 
08.02.17 14:37:53 Вызван метод: user.current 
08.02.17 14:37:53 Пользователь залогинился 
08.02.17 14:38:11 Было произведено пакетное добавление ЛИДОВ: {"result":{"result":[3036,3038],"result_error":[],"result_total":[],"result_next":[]}} 
08.02.17 14:38:11 Добавлен новый ЛИД, id: 3036 
08.02.17 14:38:11 Добавлен новый ЛИД, id: 3038 
08.02.17 14:38:31 Было произведено пакетное добавление ЛИДОВ: {"result":{"result":[3040,3042],"result_error":[],"result_total":[],"result_next":[]}} 
08.02.17 14:38:31 Добавлен новый ЛИД, id: 3040 
08.02.17 14:38:31 Добавлен новый ЛИД, id: 3042 
08.02.17 14:38:34 Было произведено пакетное добавление ЛИДОВ: {"result":{"result":[3044,3046],"result_error":[],"result_total":[],"result_next":[]}} 
08.02.17 14:38:34 Добавлен новый ЛИД, id: 3044 
08.02.17 14:38:34 Добавлен новый ЛИД, id: 3046 
08.02.17 14:38:38 Было произведено пакетное добавление ЛИДОВ: {"result":{"result":[3048,3050],"result_error":[],"result_total":[],"result_next":[]}} 
08.02.17 14:38:38 Добавлен новый ЛИД, id: 3048 
08.02.17 14:38:38 Добавлен новый ЛИД, id: 3050 
08.02.17 14:39:20 Вызван метод: user.current 
08.02.17 14:39:20 Пользователь залогинился 
08.02.17 14:39:27 Было произведено пакетное добавление ЛИДОВ: {"result":{"result":[3052,3054],"result_error":[],"result_total":[],"result_next":[]}} 
08.02.17 14:39:27 Добавлен новый ЛИД, id: 3052 
08.02.17 14:39:27 Добавлен новый ЛИД, id: 3054 
08.02.17 18:27:47 Вызван метод: user.current 
08.02.17 18:27:47 Пользователь залогинился 
08.02.17 18:27:57 Было произведено пакетное добавление ЛИДОВ: {"result":{"result":[3080],"result_error":[],"result_total":[],"result_next":[]}} 
08.02.17 18:27:57 Добавлен новый ЛИД, id: 3080 
08.02.17 18:47:10 Вызван метод: user.current 
08.02.17 18:47:10 ОШИБКА: У пользователя неправильный токен 
08.02.17 18:47:13 Вызван метод: user.current 
08.02.17 18:47:14 Вызван метод: user.current 
08.02.17 18:47:14 ОШИБКА: У пользователя неправильный токен 
08.02.17 18:47:17 Вызван метод: user.current 
08.02.17 18:47:18 Вызван метод: user.current 
08.02.17 18:47:19 ОШИБКА: У пользователя неправильный токен 
08.02.17 18:48:04 Вызван метод: user.current 
08.02.17 18:48:05 Вызван метод: user.current 
08.02.17 18:48:05 ОШИБКА: У пользователя неправильный токен 
08.02.17 18:55:29 Вызван метод: user.current 
08.02.17 18:55:29 ОШИБКА: У пользователя неправильный токен 
08.02.17 18:55:33 Вызван метод: user.current 
08.02.17 18:55:34 Вызван метод: user.current 
08.02.17 18:55:34 ОШИБКА: У пользователя неправильный токен 
08.02.17 18:55:47 Вызван метод: user.current 
08.02.17 18:55:48 Вызван метод: user.current 
08.02.17 18:55:48 ОШИБКА: У пользователя неправильный токен 
08.02.17 18:59:48 Вызван метод: user.current 
08.02.17 18:59:49 ОШИБКА: У пользователя неправильный токен 
08.02.17 18:59:50 Вызван метод: user.current 
08.02.17 18:59:51 Вызван метод: user.current 
08.02.17 18:59:51 ОШИБКА: У пользователя неправильный токен 
08.02.17 18:59:59 Вызван метод: user.current 
08.02.17 19:00:00 Вызван метод: user.current 
08.02.17 19:00:00 ОШИБКА: У пользователя неправильный токен 
08.02.17 19:06:59 Вызван метод: user.current 
08.02.17 19:06:59 ОШИБКА: У пользователя неправильный токен 
08.02.17 19:11:36 Вызван метод: user.current 
08.02.17 19:11:36 ОШИБКА: У пользователя неправильный токен 
08.02.17 19:11:46 Вызван метод: user.current 
08.02.17 19:11:46 ОШИБКА: У пользователя неправильный токен 
08.02.17 19:14:46 Вызван метод: user.current 
08.02.17 19:14:46 ОШИБКА: У пользователя неправильный токен 
08.02.17 19:15:58 Вызван метод: user.current 
08.02.17 19:15:58 ОШИБКА: У пользователя неправильный токен 
08.02.17 19:16:05 Вызван метод: user.current 
08.02.17 19:16:05 ОШИБКА: У пользователя неправильный токен 
08.02.17 19:17:39 Вызван метод: user.current 
08.02.17 19:17:40 ОШИБКА: У пользователя неправильный токен 
08.02.17 19:20:38 Вызван метод: user.current 
08.02.17 19:20:38 ОШИБКА: У пользователя неправильный токен 
08.02.17 19:21:10 Вызван метод: user.current 
08.02.17 19:21:10 ОШИБКА: У пользователя неправильный токен 
08.02.17 19:21:48 Вызван метод: user.current 
08.02.17 19:21:48 ОШИБКА: У пользователя неправильный токен 
08.02.17 19:22:36 Вызван метод: user.current 
08.02.17 19:22:37 ОШИБКА: У пользователя неправильный токен 
08.02.17 19:23:18 Вызван метод: user.current 
08.02.17 19:23:19 ОШИБКА: У пользователя неправильный токен 
08.02.17 19:24:15 Вызван метод: user.current 
08.02.17 19:24:15 ОШИБКА: У пользователя неправильный токен 
08.02.17 19:24:42 Вызван метод: user.current 
08.02.17 19:24:42 ОШИБКА: У пользователя неправильный токен 
08.02.17 19:25:54 Вызван метод: user.current 
08.02.17 19:25:55 ОШИБКА: У пользователя неправильный токен 
08.02.17 19:26:17 Вызван метод: user.current 
08.02.17 19:26:21 Вызван метод: user.current 
08.02.17 19:26:22 Вызван метод: user.current 
08.02.17 19:26:22 ОШИБКА: У пользователя неправильный токен 
08.02.17 19:26:38 Вызван метод: user.current 
08.02.17 19:26:39 Вызван метод: user.current 
08.02.17 19:26:39 ОШИБКА: У пользователя неправильный токен 
08.02.17 19:26:58 Вызван метод: user.current 
08.02.17 19:26:58 ОШИБКА: У пользователя неправильный токен 
08.02.17 19:27:15 Вызван метод: user.current 
08.02.17 19:27:16 Вызван метод: user.current 
08.02.17 19:27:16 Пользователь залогинился 
08.02.17 19:27:55 Вызван метод: user.current 
08.02.17 19:27:55 Пользователь залогинился 
08.02.17 19:34:56 Вызван метод: user.current 
08.02.17 19:34:57 Пользователь залогинился 
08.02.17 19:35:02 Вызван метод: user.current 
08.02.17 19:35:08 Вызван метод: user.current 
08.02.17 19:35:19 Вызван метод: user.current 
08.02.17 19:35:43 Вызван метод: user.current 
08.02.17 19:35:44 Вызван метод: user.current 
08.02.17 19:35:45 Пользователь залогинился 
08.02.17 19:37:41 Вызван метод: user.current 
08.02.17 19:37:42 Пользователь залогинился 
08.02.17 21:08:59 Вызван метод: user.current 
08.02.17 21:08:59 Пользователь залогинился 
