09.02.17 03:18:08 Вызван метод: user.current 
09.02.17 03:18:09 Пользователь залогинился 
09.02.17 03:18:42 Вызван метод: user.current 
09.02.17 03:18:42 ОШИБКА: У пользователя неправильный токен 
09.02.17 03:19:05 Вызван метод: user.current 
09.02.17 03:19:06 Вызван метод: user.current 
09.02.17 03:19:06 Пользователь залогинился 
09.02.17 03:26:03 Вызван метод: user.current 
09.02.17 03:26:04 Пользователь залогинился 
09.02.17 03:27:42 Вызван метод: user.current 
09.02.17 03:27:42 Пользователь залогинился 
09.02.17 03:34:01 Вызван метод: user.current 
09.02.17 03:34:01 Пользователь залогинился 
09.02.17 03:35:15 Вызван метод: user.current 
09.02.17 03:35:15 Пользователь залогинился 
09.02.17 03:36:27 Вызван метод: user.current 
09.02.17 03:36:28 Пользователь залогинился 
09.02.17 03:37:54 Вызван метод: user.current 
09.02.17 03:37:54 Пользователь залогинился 
09.02.17 03:39:48 Вызван метод: user.current 
09.02.17 03:39:48 Пользователь залогинился 
09.02.17 03:41:02 Вызван метод: user.current 
09.02.17 03:41:02 Пользователь залогинился 
09.02.17 03:42:24 Вызван метод: user.current 
09.02.17 03:42:24 Пользователь залогинился 
09.02.17 03:44:18 Вызван метод: user.current 
09.02.17 03:44:18 Пользователь залогинился 
09.02.17 03:46:23 Вызван метод: user.current 
09.02.17 03:46:23 Пользователь залогинился 
09.02.17 03:46:47 Вызван метод: user.current 
09.02.17 03:46:47 Пользователь залогинился 
09.02.17 03:53:13 Вызван метод: user.current 
09.02.17 03:53:13 Пользователь залогинился 
09.02.17 03:54:32 Вызван метод: user.current 
09.02.17 03:54:32 Пользователь залогинился 
09.02.17 03:55:22 Вызван метод: user.current 
09.02.17 03:55:22 Пользователь залогинился 
09.02.17 03:55:37 Вызван метод: user.current 
09.02.17 03:55:37 ОШИБКА: У пользователя неправильный токен 
09.02.17 03:56:50 Вызван метод: user.current 
09.02.17 03:56:50 ОШИБКА: У пользователя неправильный токен 
09.02.17 03:56:54 Вызван метод: user.current 
09.02.17 03:56:55 Вызван метод: user.current 
09.02.17 03:56:55 ОШИБКА: У пользователя неправильный токен 
09.02.17 03:57:18 Вызван метод: user.current 
09.02.17 03:57:19 Вызван метод: user.current 
09.02.17 03:57:19 Пользователь залогинился 
09.02.17 03:57:42 Вызван метод: user.current 
09.02.17 03:57:42 ОШИБКА: У пользователя неправильный токен 
09.02.17 03:58:52 Вызван метод: user.current 
09.02.17 03:58:53 ОШИБКА: У пользователя неправильный токен 
09.02.17 03:59:08 Вызван метод: user.current 
09.02.17 03:59:10 Вызван метод: user.current 
09.02.17 03:59:10 Пользователь залогинился 
09.02.17 03:59:28 Вызван метод: user.current 
09.02.17 03:59:28 ОШИБКА: У пользователя неправильный токен 
09.02.17 03:59:45 Вызван метод: user.current 
09.02.17 03:59:46 Вызван метод: user.current 
09.02.17 03:59:46 Пользователь залогинился 
09.02.17 03:59:49 Вызван метод: user.current 
09.02.17 03:59:50 Вызван метод: user.current 
09.02.17 03:59:50 Вызван метод: user.current 
09.02.17 03:59:50 Вызван метод: user.current 
09.02.17 03:59:51 Вызван метод: user.current 
09.02.17 03:59:51 Вызван метод: user.current 
09.02.17 04:08:11 Было произведено пакетное добавление ЛИДОВ: {"result":{"result":[3152,3154],"result_error":[],"result_total":[],"result_next":[]}} 
09.02.17 04:08:11 Добавлен новый ЛИД, id: 3152 
09.02.17 04:08:11 Добавлен новый ЛИД, id: 3154 
09.02.17 04:09:03 Вызван метод: user.current 
09.02.17 04:09:03 Пользователь залогинился 
09.02.17 04:12:18 Вызван метод: user.current 
09.02.17 04:12:18 Пользователь залогинился 
09.02.17 04:13:38 Вызван метод: user.current 
09.02.17 04:13:38 Пользователь залогинился 
09.02.17 04:13:46 Было произведено пакетное добавление ЛИДОВ: {"result":{"result":[3156],"result_error":[],"result_total":[],"result_next":[]}} 
09.02.17 04:13:46 Добавлен новый ЛИД, id: 3156 
09.02.17 04:14:24 Вызван метод: user.current 
09.02.17 04:14:24 Пользователь залогинился 
09.02.17 04:15:05 Вызван метод: user.current 
09.02.17 04:15:05 Пользователь залогинился 
09.02.17 04:15:22 Было произведено пакетное добавление ЛИДОВ: {"result":{"result":[3158],"result_error":[],"result_total":[],"result_next":[]}} 
09.02.17 04:15:22 Добавлен новый ЛИД, id: 3158 
09.02.17 04:15:34 Было произведено пакетное добавление ЛИДОВ: {"result":{"result":[3160,3162],"result_error":[],"result_total":[],"result_next":[]}} 
09.02.17 04:15:34 Добавлен новый ЛИД, id: 3160 
09.02.17 04:15:34 Добавлен новый ЛИД, id: 3162 
09.02.17 04:22:21 Вызван метод: user.current 
09.02.17 04:22:21 Пользователь залогинился 
09.02.17 05:38:03 Вызван метод: user.current 
09.02.17 05:38:03 Пользователь залогинился 
09.02.17 05:40:08 Вызван метод: user.current 
09.02.17 05:40:08 Пользователь залогинился 
09.02.17 05:40:27 Вызван метод: user.current 
09.02.17 05:40:28 Пользователь залогинился 
09.02.17 05:45:38 Вызван метод: user.current 
09.02.17 05:45:44 Вызван метод: user.current 
09.02.17 05:45:45 Пользователь залогинился 
09.02.17 05:46:29 Вызван метод: user.current 
09.02.17 05:46:57 Вызван метод: user.current 
09.02.17 05:47:53 Вызван метод: user.current 
09.02.17 05:47:53 Пользователь залогинился 
09.02.17 07:50:30 Вызван метод: user.current 
09.02.17 07:50:30 Пользователь залогинился 
09.02.17 07:51:36 Вызван метод: user.current 
09.02.17 07:51:36 Пользователь залогинился 
09.02.17 07:52:51 Было произведено пакетное добавление ЛИДОВ: {"result":{"result":[3168,3170],"result_error":[],"result_total":[],"result_next":[]}} 
09.02.17 07:52:51 Добавлен новый ЛИД, id: 3168 
09.02.17 07:52:51 Добавлен новый ЛИД, id: 3170 
09.02.17 08:01:00 Вызван метод: user.current 
09.02.17 08:01:00 Пользователь залогинился 
09.02.17 08:05:10 Вызван метод: user.current 
09.02.17 08:05:10 ОШИБКА: У пользователя неправильный токен 
09.02.17 08:05:15 Вызван метод: user.current 
09.02.17 08:05:15 ОШИБКА: У пользователя неправильный токен 
09.02.17 08:05:18 Вызван метод: user.current 
09.02.17 08:05:21 Вызван метод: user.current 
09.02.17 08:05:21 Пользователь залогинился 
09.02.17 08:05:50 Вызван метод: user.current 
09.02.17 08:05:50 ОШИБКА: У пользователя неправильный токен 
09.02.17 08:06:05 Вызван метод: user.current 
09.02.17 08:06:07 Вызван метод: user.current 
09.02.17 08:06:07 Пользователь залогинился 
09.02.17 08:06:34 Вызван метод: user.current 
09.02.17 08:06:34 ОШИБКА: У пользователя неправильный токен 
09.02.17 08:06:44 Вызван метод: user.current 
09.02.17 08:06:46 Вызван метод: user.current 
09.02.17 08:06:47 Пользователь залогинился 
09.02.17 08:14:32 Вызван метод: user.current 
09.02.17 08:14:32 Пользователь залогинился 
09.02.17 08:14:39 Вызван метод: user.current 
09.02.17 08:14:39 ОШИБКА: У пользователя неправильный токен 
09.02.17 08:14:41 Вызван метод: user.current 
09.02.17 08:14:44 Вызван метод: user.current 
09.02.17 08:14:44 ОШИБКА: У пользователя неправильный токен 
09.02.17 08:14:47 Вызван метод: user.current 
09.02.17 08:14:49 Вызван метод: user.current 
09.02.17 08:14:49 Пользователь залогинился 
09.02.17 08:31:00 Вызван метод: user.current 
09.02.17 08:31:01 Пользователь залогинился 
09.02.17 08:31:32 Вызван метод: user.current 
09.02.17 08:31:33 Пользователь залогинился 
09.02.17 08:32:01 Вызван метод: user.current 
09.02.17 08:32:01 Пользователь залогинился 
09.02.17 08:34:03 Было произведено пакетное добавление ЛИДОВ: {"result":{"result":[3172],"result_error":[],"result_total":[],"result_next":[]}} 
09.02.17 08:34:03 Добавлен новый ЛИД, id: 3172 
09.02.17 08:37:52 Вызван метод: user.current 
09.02.17 08:37:52 Пользователь залогинился 
09.02.17 08:38:04 Было произведено пакетное добавление ЛИДОВ: {"result":{"result":[3174,3176],"result_error":[],"result_total":[],"result_next":[]}} 
09.02.17 08:38:04 Добавлен новый ЛИД, id: 3174 
09.02.17 08:38:04 Добавлен новый ЛИД, id: 3176 
09.02.17 08:38:20 Было произведено пакетное добавление ЛИДОВ: {"result":{"result":[3178],"result_error":[],"result_total":[],"result_next":[]}} 
09.02.17 08:38:20 Добавлен новый ЛИД, id: 3178 
09.02.17 10:23:31 Вызван метод: user.current 
09.02.17 10:23:31 Пользователь залогинился 
09.02.17 10:23:36 Вызван метод: user.current 
09.02.17 10:23:36 ОШИБКА: У пользователя неправильный токен 
09.02.17 10:24:45 Вызван метод: user.current 
09.02.17 10:24:46 Вызван метод: user.current 
09.02.17 10:24:46 ОШИБКА: У пользователя неправильный токен 
09.02.17 10:25:00 Вызван метод: user.current 
09.02.17 10:25:00 ОШИБКА: У пользователя неправильный токен 
09.02.17 10:25:37 Вызван метод: user.current 
09.02.17 10:25:38 ОШИБКА: У пользователя неправильный токен 
09.02.17 11:00:17 Вызван метод: user.current 
09.02.17 11:00:17 ОШИБКА: У пользователя неправильный токен 
09.02.17 11:04:46 Вызван метод: user.current 
09.02.17 11:04:48 Вызван метод: user.current 
09.02.17 11:04:48 Пользователь залогинился 
09.02.17 11:07:12 Вызван метод: user.current 
09.02.17 11:07:12 Пользователь залогинился 
09.02.17 11:07:27 Вызван метод: user.current 
09.02.17 11:07:27 Пользователь залогинился 
09.02.17 11:07:48 Вызван метод: user.current 
09.02.17 11:07:48 Пользователь залогинился 
09.02.17 11:08:56 Вызван метод: user.current 
09.02.17 11:08:56 Пользователь залогинился 
09.02.17 11:09:26 Вызван метод: user.current 
09.02.17 11:09:26 Пользователь залогинился 
09.02.17 11:09:54 Вызван метод: user.current 
09.02.17 11:09:55 Пользователь залогинился 
09.02.17 11:11:16 Вызван метод: user.current 
09.02.17 11:11:16 Пользователь залогинился 
09.02.17 11:12:35 Вызван метод: user.current 
09.02.17 11:12:35 Пользователь залогинился 
09.02.17 11:18:23 Вызван метод: user.current 
09.02.17 11:18:23 Пользователь залогинился 
09.02.17 11:23:20 Вызван метод: user.current 
09.02.17 11:23:20 Пользователь залогинился 
09.02.17 11:23:30 Вызван метод: user.current 
09.02.17 11:23:30 Пользователь залогинился 
09.02.17 11:23:34 Вызван метод: user.current 
09.02.17 11:23:34 ОШИБКА: У пользователя неправильный токен 
09.02.17 11:24:37 Вызван метод: user.current 
09.02.17 11:24:37 ОШИБКА: У пользователя неправильный токен 
09.02.17 11:25:34 Вызван метод: user.current 
09.02.17 11:25:34 ОШИБКА: У пользователя неправильный токен 
09.02.17 11:25:46 Вызван метод: user.current 
09.02.17 11:25:48 Вызван метод: user.current 
09.02.17 11:25:48 Пользователь залогинился 
09.02.17 11:25:54 Вызван метод: user.current 
09.02.17 11:25:55 Вызван метод: user.current 
09.02.17 11:25:55 Пользователь залогинился 
09.02.17 11:26:37 Вызван метод: user.current 
09.02.17 11:26:37 Пользователь залогинился 
09.02.17 11:27:06 Вызван метод: user.current 
09.02.17 11:27:06 ОШИБКА: У пользователя неправильный токен 
09.02.17 11:27:06 Вызван метод: user.current 
09.02.17 11:27:06 ОШИБКА: У пользователя неправильный токен 
09.02.17 11:27:10 Вызван метод: user.current 
09.02.17 11:27:10 ОШИБКА: У пользователя неправильный токен 
09.02.17 11:27:33 Вызван метод: user.current 
09.02.17 11:27:34 Вызван метод: user.current 
09.02.17 11:27:34 ОШИБКА: У пользователя неправильный токен 
09.02.17 11:27:39 Вызван метод: user.current 
09.02.17 11:27:40 Вызван метод: user.current 
09.02.17 11:27:40 Пользователь залогинился 
09.02.17 11:28:24 Вызван метод: user.current 
09.02.17 11:28:25 Пользователь залогинился 
09.02.17 11:28:57 Вызван метод: user.current 
09.02.17 11:28:57 Пользователь залогинился 
09.02.17 11:29:06 Вызван метод: user.current 
09.02.17 11:29:06 Пользователь залогинился 
09.02.17 11:32:08 Вызван метод: user.current 
09.02.17 11:32:08 Пользователь залогинился 
09.02.17 11:36:02 Вызван метод: user.current 
09.02.17 11:36:02 Пользователь залогинился 
09.02.17 11:36:16 Вызван метод: user.current 
09.02.17 11:36:16 Пользователь залогинился 
09.02.17 11:36:48 Вызван метод: user.current 
09.02.17 11:36:48 Пользователь залогинился 
09.02.17 11:38:35 Вызван метод: user.current 
09.02.17 11:38:35 Пользователь залогинился 
09.02.17 11:39:59 Вызван метод: user.current 
09.02.17 11:39:59 Пользователь залогинился 
09.02.17 11:40:22 Вызван метод: user.current 
09.02.17 11:40:22 Пользователь залогинился 
09.02.17 11:40:41 Вызван метод: user.current 
09.02.17 11:40:41 Пользователь залогинился 
09.02.17 11:41:19 Вызван метод: user.current 
09.02.17 11:41:19 Пользователь залогинился 
09.02.17 11:43:17 Вызван метод: user.current 
09.02.17 11:43:17 Пользователь залогинился 
09.02.17 11:43:28 Вызван метод: user.current 
09.02.17 11:43:28 Пользователь залогинился 
09.02.17 11:47:07 Вызван метод: user.current 
09.02.17 11:47:07 Пользователь залогинился 
09.02.17 11:47:55 Вызван метод: user.current 
09.02.17 11:47:55 Пользователь залогинился 
09.02.17 11:48:18 Вызван метод: user.current 
09.02.17 11:48:18 ОШИБКА: У пользователя неправильный токен 
09.02.17 11:48:47 Вызван метод: user.current 
09.02.17 11:48:47 ОШИБКА: У пользователя неправильный токен 
09.02.17 11:48:58 Вызван метод: user.current 
09.02.17 11:49:00 Вызван метод: user.current 
09.02.17 11:49:00 Пользователь залогинился 
09.02.17 11:49:47 Вызван метод: user.current 
09.02.17 11:49:47 Пользователь залогинился 
09.02.17 11:50:07 Вызван метод: user.current 
09.02.17 11:50:07 Пользователь залогинился 
09.02.17 11:50:37 Вызван метод: user.current 
09.02.17 11:50:38 Пользователь залогинился 
09.02.17 11:50:45 Вызван метод: user.current 
09.02.17 11:50:46 Пользователь залогинился 
09.02.17 11:51:10 Вызван метод: user.current 
09.02.17 11:51:10 Пользователь залогинился 
09.02.17 11:51:18 Вызван метод: user.current 
09.02.17 11:51:18 Пользователь залогинился 
09.02.17 11:51:27 Вызван метод: user.current 
09.02.17 11:51:27 Пользователь залогинился 
09.02.17 11:52:16 Вызван метод: user.current 
09.02.17 11:52:16 Пользователь залогинился 
09.02.17 11:52:17 Вызван метод: user.current 
09.02.17 11:52:17 Пользователь залогинился 
09.02.17 11:54:28 Вызван метод: user.current 
09.02.17 11:54:28 Пользователь залогинился 
09.02.17 11:57:13 Вызван метод: user.current 
09.02.17 11:57:13 Пользователь залогинился 
09.02.17 12:01:00 Вызван метод: user.current 
09.02.17 12:01:01 Пользователь залогинился 
09.02.17 12:02:29 Вызван метод: user.current 
09.02.17 12:02:29 Пользователь залогинился 
09.02.17 12:03:27 Вызван метод: user.current 
09.02.17 12:03:27 Пользователь залогинился 
09.02.17 12:04:36 Вызван метод: user.current 
09.02.17 12:04:37 Пользователь залогинился 
09.02.17 12:04:53 Вызван метод: user.current 
09.02.17 12:04:53 Пользователь залогинился 
09.02.17 12:05:02 Вызван метод: user.current 
09.02.17 12:05:02 Пользователь залогинился 
09.02.17 12:05:21 Вызван метод: user.current 
09.02.17 12:05:22 Пользователь залогинился 
09.02.17 12:13:06 Вызван метод: user.current 
09.02.17 12:13:06 Пользователь залогинился 
09.02.17 12:13:17 Вызван метод: user.current 
09.02.17 12:13:18 ОШИБКА: У пользователя неправильный токен 
09.02.17 12:13:27 Вызван метод: user.current 
09.02.17 12:13:27 ОШИБКА: У пользователя неправильный токен 
09.02.17 12:14:17 Вызван метод: user.current 
09.02.17 12:14:18 ОШИБКА: У пользователя неправильный токен 
09.02.17 12:14:22 Вызван метод: user.current 
09.02.17 12:14:22 ОШИБКА: У пользователя неправильный токен 
09.02.17 12:14:55 Вызван метод: user.current 
09.02.17 12:14:55 ОШИБКА: У пользователя неправильный токен 
09.02.17 12:21:22 Вызван метод: user.current 
09.02.17 12:21:22 ОШИБКА: У пользователя неправильный токен 
09.02.17 12:22:18 Вызван метод: user.current 
09.02.17 12:22:18 ОШИБКА: У пользователя неправильный токен 
09.02.17 12:24:13 Вызван метод: user.current 
09.02.17 12:24:13 ОШИБКА: У пользователя неправильный токен 
09.02.17 12:29:57 Вызван метод: user.current 
09.02.17 12:29:57 ОШИБКА: У пользователя неправильный токен 
09.02.17 12:52:19 Вызван метод: user.current 
09.02.17 12:52:20 ОШИБКА: У пользователя неправильный токен 
09.02.17 13:10:22 Вызван метод: user.current 
09.02.17 13:10:22 ОШИБКА: У пользователя неправильный токен 
09.02.17 13:10:43 Вызван метод: user.current 
09.02.17 13:10:43 ОШИБКА: У пользователя неправильный токен 
09.02.17 13:15:05 Вызван метод: user.current 
09.02.17 13:15:05 ОШИБКА: У пользователя неправильный токен 
09.02.17 13:15:21 Вызван метод: user.current 
09.02.17 13:15:22 Вызван метод: user.current 
09.02.17 13:15:23 Пользователь залогинился 
09.02.17 13:15:30 Вызван метод: user.current 
09.02.17 13:15:30 Пользователь залогинился 
09.02.17 13:15:51 Вызван метод: user.current 
09.02.17 13:15:51 Пользователь залогинился 
09.02.17 13:16:14 Вызван метод: user.current 
09.02.17 13:16:14 Пользователь залогинился 
09.02.17 13:16:21 Вызван метод: user.current 
09.02.17 13:16:21 ОШИБКА: У пользователя неправильный токен 
09.02.17 13:16:24 Вызван метод: user.current 
09.02.17 13:16:33 Вызван метод: user.current 
09.02.17 13:16:33 ОШИБКА: У пользователя неправильный токен 
09.02.17 13:20:36 Вызван метод: user.current 
09.02.17 13:20:36 ОШИБКА: У пользователя неправильный токен 
09.02.17 13:21:57 Вызван метод: user.current 
09.02.17 13:21:57 ОШИБКА: У пользователя неправильный токен 
09.02.17 13:22:58 Вызван метод: user.current 
09.02.17 13:22:58 ОШИБКА: У пользователя неправильный токен 
09.02.17 13:23:48 Вызван метод: user.current 
09.02.17 13:23:48 ОШИБКА: У пользователя неправильный токен 
09.02.17 13:24:18 Вызван метод: user.current 
09.02.17 13:24:18 ОШИБКА: У пользователя неправильный токен 
09.02.17 13:36:24 ОШИБКА: У пользователя неправильный токен 
09.02.17 13:37:13 ОШИБКА: У пользователя неправильный токен 
09.02.17 13:37:50 ОШИБКА: У пользователя неправильный токен 
09.02.17 13:44:11 ОШИБКА: У пользователя неправильный токен 
09.02.17 13:47:21 ОШИБКА: У пользователя неправильный токен 
09.02.17 13:47:53 ОШИБКА: У пользователя неправильный токен 
09.02.17 13:50:20 ОШИБКА: У пользователя неправильный токен 
09.02.17 13:51:19 ОШИБКА: У пользователя неправильный токен 
09.02.17 13:52:17 ОШИБКА: У пользователя неправильный токен 
09.02.17 13:52:47 ОШИБКА: У пользователя неправильный токен 
09.02.17 14:08:28 Пользователь залогинился 
09.02.17 14:08:40 ОШИБКА: У пользователя неправильный токен 
09.02.17 14:08:49 Пользователь залогинился 
09.02.17 14:11:06 Пользователь залогинился 
09.02.17 14:23:49 Пользователь залогинился 
09.02.17 14:24:12 ОШИБКА: У пользователя неправильный токен 
09.02.17 14:24:21 ОШИБКА: У пользователя неправильный токен 
09.02.17 14:24:46 ОШИБКА: У пользователя неправильный токен 
09.02.17 14:24:53 ОШИБКА: У пользователя неправильный токен 
09.02.17 14:24:56 ОШИБКА: У пользователя неправильный токен 
09.02.17 14:25:24 Пользователь залогинился 
09.02.17 14:25:34 ОШИБКА: У пользователя неправильный токен 
09.02.17 14:25:47 Пользователь залогинился 
09.02.17 14:26:01 Пользователь залогинился 
09.02.17 14:56:04 Пользователь залогинился 
09.02.17 14:56:43 Пользователь залогинился 
09.02.17 15:02:23 Пользователь залогинился 
09.02.17 15:02:34 Пользователь залогинился 
09.02.17 15:02:42 Пользователь залогинился 
09.02.17 15:06:06 Пользователь залогинился 
09.02.17 15:06:27 Пользователь залогинился 
09.02.17 15:23:44 Пользователь залогинился 
09.02.17 15:24:03 Пользователь залогинился 
