28.01.17 06:20:06 Пользователь залогинелся 
28.01.17 06:20:55 Пользователь залогинился 
28.01.17 06:22:39 Пользователь залогинился 
28.01.17 06:23:22 Пользователь залогинился 
28.01.17 09:42:20 ОШИБКА: Пользователь залогинился 
28.01.17 09:51:26 ОШИБКА: Пользователь залогинился 
28.01.17 09:51:58 ОШИБКА: Пользователь залогинился 
28.01.17 09:54:58 ОШИБКА: Пользователь залогинился 
28.01.17 10:01:32 ОШИБКА: Пользователь залогинился 
28.01.17 10:01:55 ОШИБКА: Пользователь залогинился 
28.01.17 10:02:17 ОШИБКА: У пользователя неправильный токен 
28.01.17 10:03:17 ОШИБКА: Пользователь залогинился 
28.01.17 10:05:23 ОШИБКА: Пользователь залогинился 
28.01.17 10:06:52 ОШИБКА: Пользователь залогинился 
28.01.17 10:07:26 ОШИБКА: Пользователь залогинился 
28.01.17 10:20:04 ОШИБКА: Пользователь залогинился 
28.01.17 10:23:44 ОШИБКА: Пользователь залогинился 
28.01.17 10:24:21 ОШИБКА: Пользователь залогинился 
28.01.17 10:25:57 ОШИБКА: Пользователь залогинился 
28.01.17 10:27:02 ОШИБКА: Пользователь залогинился 
28.01.17 10:30:03 ОШИБКА: Пользователь залогинился 
28.01.17 10:30:52 ОШИБКА: Пользователь залогинился 
28.01.17 10:34:02 ОШИБКА: Пользователь залогинился 
28.01.17 10:34:42 ОШИБКА: Пользователь залогинился 
28.01.17 10:36:31 ОШИБКА: ERROR_METHOD_NOT_FOUND 
28.01.17 10:36:31 ОШИБКА: Пользователь залогинился 
28.01.17 10:37:19 ОШИБКА: ERROR_METHOD_NOT_FOUND 
28.01.17 10:37:19 ОШИБКА: Пользователь залогинился 
28.01.17 10:38:26 ОШИБКА: ERROR_METHOD_NOT_FOUND(Method not found!) 
28.01.17 10:38:27 ОШИБКА: Пользователь залогинился 
28.01.17 10:39:56 ОШИБКА: ERROR_METHOD_NOT_FOUND(Method not found!) 
28.01.17 10:39:56 ОШИБКА: Пользователь залогинился 
28.01.17 10:40:17 ОШИБКА: Пользователь залогинился 
28.01.17 10:40:55 ОШИБКА: ERROR_METHOD_NOT_FOUND(Method not found!) 
28.01.17 10:41:09 ОШИБКА: Пользователь залогинился 
28.01.17 10:42:40 Пользователь залогинился 
28.01.17 10:45:49 Вызван метод: user.current 
28.01.17 10:45:49 Пользователь залогинился 
28.01.17 10:49:05 Вызван метод: user.current 
28.01.17 10:49:05 Пользователь залогинился 
28.01.17 10:49:14 Вызван метод: user.current 
28.01.17 10:59:16 Вызван метод: user.current 
28.01.17 10:59:30 Вызван метод: user.current 
28.01.17 10:59:40 Вызван метод: user.current 
28.01.17 11:00:24 Вызван метод: user.current 
28.01.17 11:00:28 Вызван метод: user.current 
28.01.17 11:01:31 Вызван метод: user.current 
28.01.17 11:03:27 Вызван метод: user.current 
28.01.17 11:03:27 ОШИБКА: У пользователя неправильный токен 
28.01.17 11:03:34 Вызван метод: user.current 
28.01.17 11:03:34 ОШИБКА: У пользователя неправильный токен 
28.01.17 11:04:28 Вызван метод: user.current 
28.01.17 11:04:28 ОШИБКА: У пользователя неправильный токен 
28.01.17 11:04:47 Вызван метод: user.current 
28.01.17 11:04:47 ОШИБКА: У пользователя неправильный токен 
28.01.17 11:04:51 Вызван метод: user.current 
28.01.17 11:04:51 ОШИБКА: У пользователя неправильный токен 
28.01.17 11:05:13 Вызван метод: user.current 
28.01.17 11:05:13 ОШИБКА: У пользователя неправильный токен 
28.01.17 11:08:54 Вызван метод: user.current 
28.01.17 11:08:54 ОШИБКА: У пользователя неправильный токен 
28.01.17 11:08:59 Вызван метод: user.current 
28.01.17 11:08:59 ОШИБКА: У пользователя неправильный токен 
28.01.17 11:09:16 Вызван метод: user.current 
28.01.17 11:09:16 ОШИБКА: У пользователя неправильный токен 
28.01.17 11:13:04 Вызван метод: user.current 
28.01.17 11:13:04 ОШИБКА: У пользователя неправильный токен 
28.01.17 11:13:26 Вызван метод: user.current 
28.01.17 11:13:26 ОШИБКА: У пользователя неправильный токен 
28.01.17 11:15:47 Вызван метод: user.current 
28.01.17 11:15:47 ОШИБКА: У пользователя неправильный токен 
28.01.17 11:16:08 Вызван метод: user.current 
28.01.17 11:16:09 ОШИБКА: У пользователя неправильный токен 
28.01.17 11:21:31 Вызван метод: user.current 
28.01.17 11:21:31 ОШИБКА: У пользователя неправильный токен 
28.01.17 11:21:37 Вызван метод: user.current 
28.01.17 11:21:38 ОШИБКА: У пользователя неправильный токен 
28.01.17 11:22:18 Вызван метод: user.current 
28.01.17 11:22:18 ОШИБКА: У пользователя неправильный токен 
28.01.17 11:24:06 Вызван метод: user.current 
28.01.17 11:24:06 ОШИБКА: У пользователя неправильный токен 
28.01.17 11:25:27 Вызван метод: user.current 
28.01.17 11:25:27 ОШИБКА: У пользователя неправильный токен 
28.01.17 11:29:00 Вызван метод: user.current 
28.01.17 11:29:00 ОШИБКА: У пользователя неправильный токен 
28.01.17 11:31:04 Вызван метод: user.current 
28.01.17 11:31:04 ОШИБКА: У пользователя неправильный токен 
28.01.17 11:31:07 Вызван метод: user.current 
28.01.17 11:31:53 Вызван метод: user.current 
28.01.17 11:31:53 ОШИБКА: У пользователя неправильный токен 
28.01.17 11:32:07 Вызван метод: user.current 
28.01.17 11:32:37 Вызван метод: user.current 
28.01.17 11:32:37 Пользователь залогинился 
28.01.17 11:32:43 Вызван метод: user.current 
28.01.17 11:32:43 ОШИБКА: У пользователя неправильный токен 
28.01.17 11:33:00 Вызван метод: user.current 
28.01.17 11:33:03 Вызван метод: user.current 
28.01.17 11:33:03 Пользователь залогинился 
28.01.17 11:46:55 Вызван метод: user.current 
28.01.17 11:46:55 Пользователь залогинился 
28.01.17 11:48:43 Вызван метод: user.current 
28.01.17 11:48:43 Пользователь залогинился 
