10.02.17 05:08:54 Вызван метод: user.current 
10.02.17 05:08:55 Пользователь залогинился 
10.02.17 05:09:02 Было произведено пакетное добавление ЛИДОВ: {"result":{"result":[3300],"result_error":[],"result_total":[],"result_next":[]}} 
10.02.17 05:09:02 Добавлен новый ЛИД, id: 3300 
10.02.17 05:10:39 Было произведено пакетное добавление ЛИДОВ: {"result":{"result":[3302,3304],"result_error":[],"result_total":[],"result_next":[]}} 
10.02.17 05:10:39 Добавлен новый ЛИД, id: 3302 
10.02.17 05:10:39 Добавлен новый ЛИД, id: 3304 
10.02.17 05:13:24 Вызван метод: user.current 
10.02.17 05:13:25 Пользователь залогинился 
10.02.17 05:15:03 ОШИБКА: User authorization failed: invalid access_token (4). 
10.02.17 05:15:03 ОШИБКА: У пользователя неправильный токен 
10.02.17 05:15:11 Вызван метод: user.current 
10.02.17 05:15:12 ОШИБКА: User authorization failed: invalid access_token (4). 
10.02.17 05:15:12 ОШИБКА: У пользователя неправильный токен 
10.02.17 05:17:50 Вызван метод: user.current 
10.02.17 05:17:51 ОШИБКА: User authorization failed: invalid access_token (4). 
10.02.17 05:17:51 ОШИБКА: У пользователя неправильный токен 
10.02.17 05:19:38 Вызван метод: user.current 
10.02.17 05:19:39 Вызван метод: user.current 
10.02.17 05:19:39 Пользователь залогинился 
10.02.17 05:19:48 Вызван метод: user.current 
10.02.17 05:19:48 Пользователь залогинился 
10.02.17 05:19:53 ОШИБКА: User authorization failed: invalid access_token (4). 
10.02.17 05:19:53 ОШИБКА: У пользователя неправильный токен 
10.02.17 05:19:59 Вызван метод: user.current 
10.02.17 05:20:00 Вызван метод: user.current 
10.02.17 05:20:01 Вызван метод: user.current 
10.02.17 05:20:01 ОШИБКА: User authorization failed: invalid access_token (4). 
10.02.17 05:20:01 ОШИБКА: У пользователя неправильный токен 
10.02.17 05:20:01 Вызван метод: user.current 
10.02.17 05:20:02 Вызван метод: user.current 
10.02.17 05:20:03 Вызван метод: user.current 
10.02.17 05:20:03 ОШИБКА: User authorization failed: invalid access_token (4). 
10.02.17 05:20:03 ОШИБКА: У пользователя неправильный токен 
10.02.17 05:20:03 Вызван метод: user.current 
10.02.17 05:20:04 Вызван метод: user.current 
10.02.17 05:20:04 Вызван метод: user.current 
10.02.17 05:20:05 Вызван метод: user.current 
10.02.17 05:20:05 Пользователь залогинился 
10.02.17 05:20:12 Вызван метод: user.current 
10.02.17 05:20:13 Пользователь залогинился 
10.02.17 05:24:21 Вызван метод: user.current 
10.02.17 05:24:21 Пользователь залогинился 
10.02.17 05:25:19 Вызван метод: user.current 
10.02.17 05:25:19 Пользователь залогинился 
10.02.17 05:28:43 Пользователь залогинился 
10.02.17 05:29:18 Вызван метод: user.current 
10.02.17 05:29:18 Пользователь залогинился 
10.02.17 05:30:25 Вызван метод: user.current 
10.02.17 05:30:26 Пользователь залогинился 
10.02.17 05:31:10 Вызван метод: user.current 
10.02.17 05:31:11 Пользователь залогинился 
10.02.17 05:31:39 Вызван метод: user.current 
10.02.17 05:31:39 Пользователь залогинился 
10.02.17 05:32:34 Вызван метод: user.current 
10.02.17 05:32:34 Пользователь залогинился 
10.02.17 05:35:08 Вызван метод: user.current 
10.02.17 05:35:08 Пользователь залогинился 
10.02.17 05:35:24 Было произведено пакетное добавление ЛИДОВ: {"result":{"result":[3310],"result_error":[],"result_total":[],"result_next":[]}} 
10.02.17 05:35:24 Добавлен новый ЛИД, id: 3310 
10.02.17 05:36:16 Вызван метод: user.current 
10.02.17 05:36:16 Пользователь залогинился 
10.02.17 05:37:11 Вызван метод: user.current 
10.02.17 05:37:11 Пользователь залогинился 
10.02.17 05:37:53 Вызван метод: user.current 
10.02.17 05:37:53 Пользователь залогинился 
10.02.17 07:02:05 Вызван метод: user.current 
10.02.17 07:02:05 Пользователь залогинился 
10.02.17 07:02:41 Пользователь залогинился 
10.02.17 07:03:05 Было произведено пакетное добавление ЛИДОВ: {"result":{"result":[3312],"result_error":[],"result_total":[],"result_next":[]}} 
10.02.17 07:03:05 Добавлен новый ЛИД, id: 3312 
10.02.17 07:03:39 Вызван метод: user.current 
10.02.17 07:03:39 Пользователь залогинился 
10.02.17 07:03:44 Пользователь залогинился 
10.02.17 07:07:24 Вызван метод: user.current 
10.02.17 07:07:24 Пользователь залогинился 
10.02.17 07:07:30 Пользователь залогинился 
10.02.17 07:07:54 Вызван метод: user.current 
10.02.17 07:07:55 Пользователь залогинился 
10.02.17 07:09:32 Вызван метод: user.current 
10.02.17 07:09:32 Пользователь залогинился 
10.02.17 07:10:21 Вызван метод: user.current 
10.02.17 07:10:21 Пользователь залогинился 
10.02.17 07:12:19 Вызван метод: user.current 
10.02.17 07:12:20 Пользователь залогинился 
10.02.17 07:17:00 Вызван метод: user.current 
10.02.17 07:17:00 Пользователь залогинился 
10.02.17 07:17:25 Пользователь залогинился 
10.02.17 07:17:39 Вызван метод: user.current 
10.02.17 07:17:40 Пользователь залогинился 
10.02.17 07:17:56 Вызван метод: user.current 
10.02.17 07:17:56 Пользователь залогинился 
10.02.17 07:19:31 Вызван метод: user.current 
10.02.17 07:19:31 Пользователь залогинился 
10.02.17 07:20:40 Вызван метод: user.current 
10.02.17 07:20:41 Пользователь залогинился 
10.02.17 07:22:01 Вызван метод: user.current 
10.02.17 07:22:01 Пользователь залогинился 
10.02.17 07:23:23 Вызван метод: user.current 
10.02.17 07:23:24 Пользователь залогинился 
10.02.17 07:34:34 Вызван метод: user.current 
10.02.17 07:34:34 Пользователь залогинился 
10.02.17 07:35:16 Вызван метод: user.current 
10.02.17 07:35:16 Пользователь залогинился 
10.02.17 07:37:06 Вызван метод: user.current 
10.02.17 07:37:06 Пользователь залогинился 
10.02.17 07:39:59 Вызван метод: user.current 
10.02.17 07:39:59 Пользователь залогинился 
10.02.17 07:52:12 Вызван метод: user.current 
10.02.17 07:52:13 ОШИБКА: User authorization failed: invalid access_token (4). 
10.02.17 07:52:13 ОШИБКА: У пользователя неправильный токен 
10.02.17 07:55:10 Вызван метод: user.current 
10.02.17 07:55:10 ОШИБКА: User authorization failed: invalid access_token (4). 
10.02.17 07:55:10 ОШИБКА: У пользователя неправильный токен 
10.02.17 07:55:32 Вызван метод: user.current 
10.02.17 07:55:32 ОШИБКА: User authorization failed: invalid access_token (4). 
10.02.17 07:55:32 ОШИБКА: У пользователя неправильный токен 
10.02.17 07:56:31 Вызван метод: user.current 
10.02.17 07:56:34 Вызван метод: user.current 
10.02.17 07:56:34 Пользователь залогинился 
10.02.17 07:58:00 Вызван метод: user.current 
10.02.17 07:58:00 Пользователь залогинился 
10.02.17 07:58:52 Вызван метод: user.current 
10.02.17 07:58:52 Пользователь залогинился 
10.02.17 08:05:39 Вызван метод: user.current 
10.02.17 08:05:39 Пользователь залогинился 
10.02.17 08:06:31 Вызван метод: user.current 
10.02.17 08:06:31 Пользователь залогинился 
10.02.17 08:07:21 Вызван метод: user.current 
10.02.17 08:07:21 Пользователь залогинился 
10.02.17 08:12:27 Вызван метод: user.current 
10.02.17 08:12:27 Пользователь залогинился 
10.02.17 08:13:17 Пользователь залогинился 
10.02.17 08:14:35 Вызван метод: user.current 
10.02.17 08:14:35 Пользователь залогинился 
10.02.17 08:15:23 Вызван метод: user.current 
10.02.17 08:15:23 Пользователь залогинился 
10.02.17 08:15:24 Вызван метод: user.current 
10.02.17 08:15:25 Пользователь залогинился 
10.02.17 08:15:56 Пользователь залогинился 
10.02.17 08:16:17 Вызван метод: user.current 
10.02.17 08:16:17 Пользователь залогинился 
10.02.17 08:16:22 Пользователь залогинился 
10.02.17 08:17:38 Вызван метод: user.current 
10.02.17 08:17:38 Пользователь залогинился 
10.02.17 08:19:45 Вызван метод: user.current 
10.02.17 08:19:45 Пользователь залогинился 
10.02.17 08:19:56 Вызван метод: user.current 
10.02.17 08:19:56 Пользователь залогинился 
10.02.17 08:20:20 Вызван метод: user.current 
10.02.17 08:20:20 Пользователь залогинился 
10.02.17 08:21:36 Вызван метод: user.current 
10.02.17 08:21:36 Пользователь залогинился 
10.02.17 08:22:30 Вызван метод: user.current 
10.02.17 08:22:30 Пользователь залогинился 
10.02.17 08:23:17 Вызван метод: user.current 
10.02.17 08:23:18 Пользователь залогинился 
10.02.17 08:26:03 Было произведено пакетное добавление ЛИДОВ: {"result":{"result":[3314],"result_error":[],"result_total":[],"result_next":[]}} 
10.02.17 08:26:03 Добавлен новый ЛИД, id: 3314 
10.02.17 08:27:37 Вызван метод: user.current 
10.02.17 08:27:37 Пользователь залогинился 
10.02.17 08:27:45 Было произведено пакетное добавление ЛИДОВ: {"result":{"result":[3316,3318],"result_error":[],"result_total":[],"result_next":[]}} 
10.02.17 08:27:45 Добавлен новый ЛИД, id: 3316 
10.02.17 08:27:45 Добавлен новый ЛИД, id: 3318 
10.02.17 08:28:02 Вызван метод: user.current 
10.02.17 08:28:02 Пользователь залогинился 
10.02.17 08:28:29 Было произведено пакетное добавление ЛИДОВ: {"result":{"result":[3320],"result_error":[],"result_total":[],"result_next":[]}} 
10.02.17 08:28:29 Добавлен новый ЛИД, id: 3320 
10.02.17 08:34:41 ОШИБКА: User authorization failed: invalid access_token (4). 
10.02.17 08:34:41 ОШИБКА: У пользователя неправильный токен 
10.02.17 08:35:08 ОШИБКА: User authorization failed: invalid access_token (4). 
10.02.17 08:35:08 ОШИБКА: У пользователя неправильный токен 
10.02.17 08:52:50 Вызван метод: user.current 
10.02.17 08:52:51 ОШИБКА: User authorization failed: invalid access_token (4). 
10.02.17 08:52:51 ОШИБКА: У пользователя неправильный токен 
10.02.17 08:52:53 Вызван метод: user.current 
10.02.17 08:52:55 Вызван метод: user.current 
10.02.17 08:52:55 ОШИБКА: User authorization failed: invalid access_token (4). 
10.02.17 08:52:55 ОШИБКА: У пользователя неправильный токен 
10.02.17 08:52:58 Вызван метод: user.current 
10.02.17 08:53:05 Вызван метод: user.current 
10.02.17 08:53:05 ОШИБКА: User authorization failed: invalid access_token (4). 
10.02.17 08:53:05 ОШИБКА: У пользователя неправильный токен 
10.02.17 08:54:00 Вызван метод: user.current 
10.02.17 08:54:00 ОШИБКА: User authorization failed: invalid access_token (4). 
10.02.17 08:54:00 ОШИБКА: У пользователя неправильный токен 
10.02.17 08:54:03 Вызван метод: user.current 
10.02.17 08:54:05 Вызван метод: user.current 
10.02.17 08:54:05 ОШИБКА: User authorization failed: invalid access_token (4). 
10.02.17 08:54:05 ОШИБКА: У пользователя неправильный токен 
10.02.17 08:54:28 Вызван метод: user.current 
10.02.17 08:54:33 Вызван метод: user.current 
10.02.17 08:54:33 ОШИБКА: User authorization failed: invalid access_token (4). 
10.02.17 08:54:33 ОШИБКА: У пользователя неправильный токен 
10.02.17 08:55:35 Вызван метод: user.current 
10.02.17 08:55:37 Вызван метод: user.current 
10.02.17 08:55:37 Пользователь залогинился 
10.02.17 09:11:15 ОШИБКА: User authorization failed: invalid access_token (4). 
10.02.17 09:11:15 ОШИБКА: У пользователя неправильный токен 
10.02.17 09:13:42 Вызван метод: user.current 
10.02.17 09:13:43 Вызван метод: user.current 
10.02.17 09:13:43 Пользователь залогинился 
10.02.17 09:14:06 ОШИБКА: User authorization failed: invalid access_token (4). 
10.02.17 09:14:06 ОШИБКА: У пользователя неправильный токен 
10.02.17 09:14:10 Вызван метод: user.current 
10.02.17 09:14:11 Вызван метод: user.current 
10.02.17 09:14:11 ОШИБКА: User authorization failed: invalid access_token (4). 
10.02.17 09:14:11 ОШИБКА: У пользователя неправильный токен 
10.02.17 09:14:20 Вызван метод: user.current 
10.02.17 09:14:21 Вызван метод: user.current 
10.02.17 09:14:21 Пользователь залогинился 
10.02.17 09:16:05 ОШИБКА: User authorization failed: invalid access_token (4). 
10.02.17 09:16:05 ОШИБКА: У пользователя неправильный токен 
10.02.17 09:16:11 Вызван метод: user.current 
10.02.17 09:16:12 Вызван метод: user.current 
10.02.17 09:16:12 ОШИБКА: User authorization failed: invalid access_token (4). 
10.02.17 09:16:12 ОШИБКА: У пользователя неправильный токен 
10.02.17 09:18:09 Вызван метод: user.current 
10.02.17 09:18:10 Вызван метод: user.current 
10.02.17 09:18:10 ОШИБКА: User authorization failed: invalid access_token (4). 
10.02.17 09:18:10 ОШИБКА: У пользователя неправильный токен 
10.02.17 09:18:44 Вызван метод: user.current 
10.02.17 09:18:45 Вызван метод: user.current 
10.02.17 09:18:45 Пользователь залогинился 
10.02.17 09:19:36 ОШИБКА: User authorization failed: invalid access_token (4). 
10.02.17 09:19:36 ОШИБКА: У пользователя неправильный токен 
10.02.17 09:19:44 Вызван метод: user.current 
10.02.17 09:19:45 Вызван метод: user.current 
10.02.17 09:19:45 Пользователь залогинился 
10.02.17 09:25:41 ОШИБКА: User authorization failed: invalid access_token (4). 
10.02.17 09:25:41 ОШИБКА: У пользователя неправильный токен 
10.02.17 09:26:02 Вызван метод: user.current 
10.02.17 09:26:03 Вызван метод: user.current 
10.02.17 09:26:03 ОШИБКА: User authorization failed: invalid access_token (4). 
10.02.17 09:26:03 ОШИБКА: У пользователя неправильный токен 
10.02.17 09:33:25 ОШИБКА: User authorization failed: invalid access_token (4). 
10.02.17 09:33:25 ОШИБКА: У пользователя неправильный токен 
10.02.17 09:33:35 Вызван метод: user.current 
10.02.17 09:33:36 Вызван метод: user.current 
10.02.17 09:33:36 Пользователь залогинился 
10.02.17 09:33:43 Было произведено пакетное добавление ЛИДОВ: {"result":{"result":[3330],"result_error":[],"result_total":[],"result_next":[]}} 
10.02.17 09:33:43 Добавлен новый ЛИД, id: 3330 
10.02.17 09:34:02 Было произведено пакетное добавление ЛИДОВ: {"result":{"result":[3332],"result_error":[],"result_total":[],"result_next":[]}} 
10.02.17 09:34:02 Добавлен новый ЛИД, id: 3332 
